#
# There is insufficient memory for the Java Runtime Environment to continue.
# Native memory allocation (malloc) failed to allocate 961936 bytes for Chunk::new
# Possible reasons:
#   The system is out of physical RAM or swap space
#   The process is running with CompressedOops enabled, and the Java Heap may be blocking the growth of the native heap
# Possible solutions:
#   Reduce memory load on the system
#   Increase physical memory or swap space
#   Check if swap backing store is full
#   Decrease Java heap size (-Xmx/-Xms)
#   Decrease number of Java threads
#   Decrease Java thread stack sizes (-Xss)
#   Set larger code cache with -XX:ReservedCodeCacheSize=
#   JVM is running with Unscaled Compressed Oops mode in which the Java heap is
#     placed in the first 4GB address space. The Java Heap base address is the
#     maximum limit for the native heap growth. Please use -XX:HeapBaseMinAddress
#     to set the Java Heap base and to place the Java Heap above 4GB virtual address.
# This output file may be truncated or incomplete.
#
#  Out of Memory Error (arena.cpp:184), pid=14332, tid=13004
#
# JRE version: Java(TM) SE Runtime Environment (20.0.2+9) (build 20.0.2+9-78)
# Java VM: Java HotSpot(TM) 64-Bit Server VM (20.0.2+9-78, mixed mode, sharing, tiered, compressed oops, compressed class ptrs, g1 gc, windows-amd64)
# No core dump will be written. Minidumps are not enabled by default on client versions of Windows
#

---------------  S U M M A R Y ------------

Command Line: -Dfile.encoding=UTF-8 -Dstdout.encoding=UTF-8 -Dstderr.encoding=UTF-8 -XX:+ShowCodeDetailsInExceptionMessages in.co.vwit.engineering.resourceManagement.ResourceManagementApplication

Host: Intel(R) Core(TM) i5-8265U CPU @ 1.60GHz, 8 cores, 7G,  Windows 10 , 64 bit Build 19041 (10.0.19041.3636)
Time: Fri Apr 12 17:01:07 2024 India Standard Time elapsed time: 2.341931 seconds (0d 0h 0m 2s)

---------------  T H R E A D  ---------------

Current thread (0x000002a6665f2220):  JavaThread "C2 CompilerThread2" daemon [_thread_in_native, id=13004, stack(0x000000d3a1300000,0x000000d3a1400000)]


Current CompileTask:
C2:   2342 2747   !   4       jdk.internal.loader.BuiltinClassLoader::loadClassOrNull (143 bytes)

Stack: [0x000000d3a1300000,0x000000d3a1400000]
Native frames: (J=compiled Java code, j=interpreted, Vv=VM code, C=native code)
V  [jvm.dll+0x6bc25a]
V  [jvm.dll+0x84971a]
V  [jvm.dll+0x84b315]
V  [jvm.dll+0x84ba13]
V  [jvm.dll+0x280e4f]
V  [jvm.dll+0xc2ab1]
V  [jvm.dll+0xc2dd5]
V  [jvm.dll+0x2f611f]
V  [jvm.dll+0x5e3b0b]
V  [jvm.dll+0x254684]
V  [jvm.dll+0x254a4f]
V  [jvm.dll+0x24d23d]
V  [jvm.dll+0x24a819]
V  [jvm.dll+0x1ce761]
V  [jvm.dll+0x25a0eb]
V  [jvm.dll+0x2587c0]
V  [jvm.dll+0x3f2dd5]
V  [jvm.dll+0x7f5c76]
V  [jvm.dll+0x6baecb]
C  [ucrtbase.dll+0x21bb2]
C  [KERNEL32.DLL+0x17344]
C  [ntdll.dll+0x526b1]


---------------  P R O C E S S  ---------------

Threads class SMR info:
_java_thread_list=0x000002a6664e3bf0, length=13, elements={
0x000002a642addfb0, 0x000002a6614b14d0, 0x000002a6614b8500, 0x000002a6614b9d30,
0x000002a6614bd620, 0x000002a6614bf380, 0x000002a6614cc920, 0x000002a6614f0aa0,
0x000002a6614f1420, 0x000002a6659302b0, 0x000002a665939050, 0x000002a6659c62d0,
0x000002a6665f2220
}

Java Threads: ( => current thread )
  0x000002a642addfb0 JavaThread "main" [_thread_in_vm, id=12636, stack(0x000000d39fa00000,0x000000d39fb00000)]
  0x000002a6614b14d0 JavaThread "Reference Handler" daemon [_thread_blocked, id=3504, stack(0x000000d3a0100000,0x000000d3a0200000)]
  0x000002a6614b8500 JavaThread "Finalizer" daemon [_thread_blocked, id=12912, stack(0x000000d3a0200000,0x000000d3a0300000)]
  0x000002a6614b9d30 JavaThread "Signal Dispatcher" daemon [_thread_blocked, id=8388, stack(0x000000d3a0300000,0x000000d3a0400000)]
  0x000002a6614bd620 JavaThread "Attach Listener" daemon [_thread_blocked, id=10088, stack(0x000000d3a0400000,0x000000d3a0500000)]
  0x000002a6614bf380 JavaThread "Service Thread" daemon [_thread_blocked, id=4588, stack(0x000000d3a0500000,0x000000d3a0600000)]
  0x000002a6614cc920 JavaThread "Monitor Deflation Thread" daemon [_thread_blocked, id=1424, stack(0x000000d3a0600000,0x000000d3a0700000)]
  0x000002a6614f0aa0 JavaThread "C2 CompilerThread0" daemon [_thread_in_native, id=7756, stack(0x000000d3a0700000,0x000000d3a0800000)]
  0x000002a6614f1420 JavaThread "C1 CompilerThread0" daemon [_thread_blocked, id=13412, stack(0x000000d3a0800000,0x000000d3a0900000)]
  0x000002a6659302b0 JavaThread "Notification Thread" daemon [_thread_blocked, id=13104, stack(0x000000d3a0900000,0x000000d3a0a00000)]
  0x000002a665939050 JavaThread "Common-Cleaner" daemon [_thread_blocked, id=11464, stack(0x000000d3a0b00000,0x000000d3a0c00000)]
  0x000002a6659c62d0 JavaThread "C2 CompilerThread1" daemon [_thread_in_native, id=7492, stack(0x000000d3a0c00000,0x000000d3a0d00000)]
=>0x000002a6665f2220 JavaThread "C2 CompilerThread2" daemon [_thread_in_native, id=13004, stack(0x000000d3a1300000,0x000000d3a1400000)]

Other Threads:
  0x000002a6614969a0 VMThread "VM Thread" [stack: 0x000000d3a0000000,0x000000d3a0100000] [id=9540]
  0x000002a665931430 WatcherThread "VM Periodic Task Thread" [stack: 0x000000d3a0a00000,0x000000d3a0b00000] [id=2236]
  0x000002a642b7a500 WorkerThread "GC Thread#0" [stack: 0x000000d39fb00000,0x000000d39fc00000] [id=11824]
  0x000002a66642e880 WorkerThread "GC Thread#1" [stack: 0x000000d3a0d00000,0x000000d3a0e00000] [id=8260]
  0x000002a66648d130 WorkerThread "GC Thread#2" [stack: 0x000000d3a0e00000,0x000000d3a0f00000] [id=12644]
  0x000002a666535c10 WorkerThread "GC Thread#3" [stack: 0x000000d3a0f00000,0x000000d3a1000000] [id=11388]
  0x000002a666535ee0 WorkerThread "GC Thread#4" [stack: 0x000000d3a1000000,0x000000d3a1100000] [id=10344]
  0x000002a666534860 WorkerThread "GC Thread#5" [stack: 0x000000d3a1100000,0x000000d3a1200000] [id=12788]
  0x000002a666535670 WorkerThread "GC Thread#6" [stack: 0x000000d3a1400000,0x000000d3a1500000] [id=4868]
  0x000002a666535940 WorkerThread "GC Thread#7" [stack: 0x000000d3a1500000,0x000000d3a1600000] [id=7308]
  0x000002a642b8c8b0 ConcurrentGCThread "G1 Main Marker" [stack: 0x000000d39fc00000,0x000000d39fd00000] [id=2396]
  0x000002a642b8e200 WorkerThread "G1 Conc#0" [stack: 0x000000d39fd00000,0x000000d39fe00000] [id=4520]
  0x000002a642bdeb80 ConcurrentGCThread "G1 Refine#0" [stack: 0x000000d39fe00000,0x000000d39ff00000] [id=14300]
  0x000002a661346740 ConcurrentGCThread "G1 Service" [stack: 0x000000d39ff00000,0x000000d3a0000000] [id=13716]

Threads with active compile tasks:
C2 CompilerThread0     2386 2935       4       org.springframework.beans.factory.support.DefaultListableBeanFactory::requiresEagerInitForType (26 bytes)
C2 CompilerThread1     2386 2912       4       org.springframework.beans.factory.support.AbstractBeanFactory::isTypeMatch (619 bytes)
C2 CompilerThread2     2386 2747   !   4       jdk.internal.loader.BuiltinClassLoader::loadClassOrNull (143 bytes)

VM state: not at safepoint (normal execution)

VM Mutex/Monitor currently owned by a thread: None

Heap address: 0x0000000081e00000, size: 2018 MB, Compressed Oops mode: 32-bit

CDS archive(s) mapped at: [0x000002a600000000-0x000002a600c60000-0x000002a600c60000), size 12976128, SharedBaseAddress: 0x000002a600000000, ArchiveRelocationMode: 1.
Compressed class space mapped at: 0x000002a601000000-0x000002a641000000, reserved size: 1073741824
Narrow klass base: 0x000002a600000000, Narrow klass shift: 0, Narrow klass range: 0x100000000

GC Precious Log:
 CardTable entry size: 512
 Card Set container configuration: InlinePtr #cards 5 size 8 Array Of Cards #cards 12 size 40 Howl #buckets 4 coarsen threshold 1843 Howl Bitmap #cards 512 size 80 coarsen threshold 460 Card regions per heap region 1 cards per card region 2048
 CPUs: 8 total, 8 available
 Memory: 8064M
 Large Page Support: Disabled
 NUMA Support: Disabled
 Compressed Oops: Enabled (32-bit)
 Heap Region Size: 1M
 Heap Min Capacity: 8M
 Heap Initial Capacity: 128M
 Heap Max Capacity: 2018M
 Pre-touch: Disabled
 Parallel Workers: 8
 Concurrent Workers: 2
 Concurrent Refinement Workers: 8
 Periodic GC: Disabled

Heap:
 garbage-first heap   total 131072K, used 43272K [0x0000000081e00000, 0x0000000100000000)
  region size 1024K, 37 young (37888K), 3 survivors (3072K)
 Metaspace       used 19967K, committed 20224K, reserved 1114112K
  class space    used 2389K, committed 2496K, reserved 1048576K

Heap Regions: E=young(eden), S=young(survivor), O=old, HS=humongous(starts), HC=humongous(continues), CS=collection set, F=free, OA=open archive, CA=closed archive, TAMS=top-at-mark-start, PB=parsable bottom
|   0|0x0000000081e00000, 0x0000000081f00000, 0x0000000081f00000|100%|HS|  |TAMS 0x0000000081e00000| PB 0x0000000081e00000| Complete 
|   1|0x0000000081f00000, 0x0000000082000000, 0x0000000082000000|100%| O|  |TAMS 0x0000000081f00000| PB 0x0000000081f00000| Untracked 
|   2|0x0000000082000000, 0x0000000082100000, 0x0000000082100000|100%| O|  |TAMS 0x0000000082000000| PB 0x0000000082000000| Untracked 
|   3|0x0000000082100000, 0x0000000082200000, 0x0000000082200000|100%| O|  |TAMS 0x0000000082100000| PB 0x0000000082100000| Untracked 
|   4|0x0000000082200000, 0x0000000082300000, 0x0000000082300000|100%| O|  |TAMS 0x0000000082200000| PB 0x0000000082200000| Untracked 
|   5|0x0000000082300000, 0x0000000082400000, 0x0000000082400000|100%| O|  |TAMS 0x0000000082300000| PB 0x0000000082300000| Untracked 
|   6|0x0000000082400000, 0x00000000824c7400, 0x0000000082500000| 77%| O|  |TAMS 0x0000000082400000| PB 0x0000000082400000| Untracked 
|   7|0x0000000082500000, 0x0000000082500000, 0x0000000082600000|  0%| F|  |TAMS 0x0000000082500000| PB 0x0000000082500000| Untracked 
|   8|0x0000000082600000, 0x0000000082600000, 0x0000000082700000|  0%| F|  |TAMS 0x0000000082600000| PB 0x0000000082600000| Untracked 
|   9|0x0000000082700000, 0x0000000082700000, 0x0000000082800000|  0%| F|  |TAMS 0x0000000082700000| PB 0x0000000082700000| Untracked 
|  10|0x0000000082800000, 0x0000000082800000, 0x0000000082900000|  0%| F|  |TAMS 0x0000000082800000| PB 0x0000000082800000| Untracked 
|  11|0x0000000082900000, 0x0000000082900000, 0x0000000082a00000|  0%| F|  |TAMS 0x0000000082900000| PB 0x0000000082900000| Untracked 
|  12|0x0000000082a00000, 0x0000000082a00000, 0x0000000082b00000|  0%| F|  |TAMS 0x0000000082a00000| PB 0x0000000082a00000| Untracked 
|  13|0x0000000082b00000, 0x0000000082b00000, 0x0000000082c00000|  0%| F|  |TAMS 0x0000000082b00000| PB 0x0000000082b00000| Untracked 
|  14|0x0000000082c00000, 0x0000000082c00000, 0x0000000082d00000|  0%| F|  |TAMS 0x0000000082c00000| PB 0x0000000082c00000| Untracked 
|  15|0x0000000082d00000, 0x0000000082d00000, 0x0000000082e00000|  0%| F|  |TAMS 0x0000000082d00000| PB 0x0000000082d00000| Untracked 
|  16|0x0000000082e00000, 0x0000000082e00000, 0x0000000082f00000|  0%| F|  |TAMS 0x0000000082e00000| PB 0x0000000082e00000| Untracked 
|  17|0x0000000082f00000, 0x0000000082f00000, 0x0000000083000000|  0%| F|  |TAMS 0x0000000082f00000| PB 0x0000000082f00000| Untracked 
|  18|0x0000000083000000, 0x0000000083000000, 0x0000000083100000|  0%| F|  |TAMS 0x0000000083000000| PB 0x0000000083000000| Untracked 
|  19|0x0000000083100000, 0x0000000083100000, 0x0000000083200000|  0%| F|  |TAMS 0x0000000083100000| PB 0x0000000083100000| Untracked 
|  20|0x0000000083200000, 0x0000000083200000, 0x0000000083300000|  0%| F|  |TAMS 0x0000000083200000| PB 0x0000000083200000| Untracked 
|  21|0x0000000083300000, 0x0000000083300000, 0x0000000083400000|  0%| F|  |TAMS 0x0000000083300000| PB 0x0000000083300000| Untracked 
|  22|0x0000000083400000, 0x0000000083400000, 0x0000000083500000|  0%| F|  |TAMS 0x0000000083400000| PB 0x0000000083400000| Untracked 
|  23|0x0000000083500000, 0x0000000083500000, 0x0000000083600000|  0%| F|  |TAMS 0x0000000083500000| PB 0x0000000083500000| Untracked 
|  24|0x0000000083600000, 0x0000000083600000, 0x0000000083700000|  0%| F|  |TAMS 0x0000000083600000| PB 0x0000000083600000| Untracked 
|  25|0x0000000083700000, 0x0000000083700000, 0x0000000083800000|  0%| F|  |TAMS 0x0000000083700000| PB 0x0000000083700000| Untracked 
|  26|0x0000000083800000, 0x0000000083800000, 0x0000000083900000|  0%| F|  |TAMS 0x0000000083800000| PB 0x0000000083800000| Untracked 
|  27|0x0000000083900000, 0x0000000083900000, 0x0000000083a00000|  0%| F|  |TAMS 0x0000000083900000| PB 0x0000000083900000| Untracked 
|  28|0x0000000083a00000, 0x0000000083a00000, 0x0000000083b00000|  0%| F|  |TAMS 0x0000000083a00000| PB 0x0000000083a00000| Untracked 
|  29|0x0000000083b00000, 0x0000000083b00000, 0x0000000083c00000|  0%| F|  |TAMS 0x0000000083b00000| PB 0x0000000083b00000| Untracked 
|  30|0x0000000083c00000, 0x0000000083c00000, 0x0000000083d00000|  0%| F|  |TAMS 0x0000000083c00000| PB 0x0000000083c00000| Untracked 
|  31|0x0000000083d00000, 0x0000000083d00000, 0x0000000083e00000|  0%| F|  |TAMS 0x0000000083d00000| PB 0x0000000083d00000| Untracked 
|  32|0x0000000083e00000, 0x0000000083e00000, 0x0000000083f00000|  0%| F|  |TAMS 0x0000000083e00000| PB 0x0000000083e00000| Untracked 
|  33|0x0000000083f00000, 0x0000000083f00000, 0x0000000084000000|  0%| F|  |TAMS 0x0000000083f00000| PB 0x0000000083f00000| Untracked 
|  34|0x0000000084000000, 0x0000000084000000, 0x0000000084100000|  0%| F|  |TAMS 0x0000000084000000| PB 0x0000000084000000| Untracked 
|  35|0x0000000084100000, 0x0000000084100000, 0x0000000084200000|  0%| F|  |TAMS 0x0000000084100000| PB 0x0000000084100000| Untracked 
|  36|0x0000000084200000, 0x0000000084200000, 0x0000000084300000|  0%| F|  |TAMS 0x0000000084200000| PB 0x0000000084200000| Untracked 
|  37|0x0000000084300000, 0x0000000084300000, 0x0000000084400000|  0%| F|  |TAMS 0x0000000084300000| PB 0x0000000084300000| Untracked 
|  38|0x0000000084400000, 0x0000000084400000, 0x0000000084500000|  0%| F|  |TAMS 0x0000000084400000| PB 0x0000000084400000| Untracked 
|  39|0x0000000084500000, 0x0000000084500000, 0x0000000084600000|  0%| F|  |TAMS 0x0000000084500000| PB 0x0000000084500000| Untracked 
|  40|0x0000000084600000, 0x0000000084600000, 0x0000000084700000|  0%| F|  |TAMS 0x0000000084600000| PB 0x0000000084600000| Untracked 
|  41|0x0000000084700000, 0x0000000084700000, 0x0000000084800000|  0%| F|  |TAMS 0x0000000084700000| PB 0x0000000084700000| Untracked 
|  42|0x0000000084800000, 0x0000000084800000, 0x0000000084900000|  0%| F|  |TAMS 0x0000000084800000| PB 0x0000000084800000| Untracked 
|  43|0x0000000084900000, 0x0000000084900000, 0x0000000084a00000|  0%| F|  |TAMS 0x0000000084900000| PB 0x0000000084900000| Untracked 
|  44|0x0000000084a00000, 0x0000000084a00000, 0x0000000084b00000|  0%| F|  |TAMS 0x0000000084a00000| PB 0x0000000084a00000| Untracked 
|  45|0x0000000084b00000, 0x0000000084b00000, 0x0000000084c00000|  0%| F|  |TAMS 0x0000000084b00000| PB 0x0000000084b00000| Untracked 
|  46|0x0000000084c00000, 0x0000000084c00000, 0x0000000084d00000|  0%| F|  |TAMS 0x0000000084c00000| PB 0x0000000084c00000| Untracked 
|  47|0x0000000084d00000, 0x0000000084d00000, 0x0000000084e00000|  0%| F|  |TAMS 0x0000000084d00000| PB 0x0000000084d00000| Untracked 
|  48|0x0000000084e00000, 0x0000000084e00000, 0x0000000084f00000|  0%| F|  |TAMS 0x0000000084e00000| PB 0x0000000084e00000| Untracked 
|  49|0x0000000084f00000, 0x0000000084f00000, 0x0000000085000000|  0%| F|  |TAMS 0x0000000084f00000| PB 0x0000000084f00000| Untracked 
|  50|0x0000000085000000, 0x0000000085000000, 0x0000000085100000|  0%| F|  |TAMS 0x0000000085000000| PB 0x0000000085000000| Untracked 
|  51|0x0000000085100000, 0x0000000085100000, 0x0000000085200000|  0%| F|  |TAMS 0x0000000085100000| PB 0x0000000085100000| Untracked 
|  52|0x0000000085200000, 0x0000000085200000, 0x0000000085300000|  0%| F|  |TAMS 0x0000000085200000| PB 0x0000000085200000| Untracked 
|  53|0x0000000085300000, 0x0000000085300000, 0x0000000085400000|  0%| F|  |TAMS 0x0000000085300000| PB 0x0000000085300000| Untracked 
|  54|0x0000000085400000, 0x0000000085400000, 0x0000000085500000|  0%| F|  |TAMS 0x0000000085400000| PB 0x0000000085400000| Untracked 
|  55|0x0000000085500000, 0x0000000085500000, 0x0000000085600000|  0%| F|  |TAMS 0x0000000085500000| PB 0x0000000085500000| Untracked 
|  56|0x0000000085600000, 0x0000000085600000, 0x0000000085700000|  0%| F|  |TAMS 0x0000000085600000| PB 0x0000000085600000| Untracked 
|  57|0x0000000085700000, 0x0000000085700000, 0x0000000085800000|  0%| F|  |TAMS 0x0000000085700000| PB 0x0000000085700000| Untracked 
|  58|0x0000000085800000, 0x0000000085800000, 0x0000000085900000|  0%| F|  |TAMS 0x0000000085800000| PB 0x0000000085800000| Untracked 
|  59|0x0000000085900000, 0x0000000085900000, 0x0000000085a00000|  0%| F|  |TAMS 0x0000000085900000| PB 0x0000000085900000| Untracked 
|  60|0x0000000085a00000, 0x0000000085a00000, 0x0000000085b00000|  0%| F|  |TAMS 0x0000000085a00000| PB 0x0000000085a00000| Untracked 
|  61|0x0000000085b00000, 0x0000000085b00000, 0x0000000085c00000|  0%| F|  |TAMS 0x0000000085b00000| PB 0x0000000085b00000| Untracked 
|  62|0x0000000085c00000, 0x0000000085c00000, 0x0000000085d00000|  0%| F|  |TAMS 0x0000000085c00000| PB 0x0000000085c00000| Untracked 
|  63|0x0000000085d00000, 0x0000000085d00000, 0x0000000085e00000|  0%| F|  |TAMS 0x0000000085d00000| PB 0x0000000085d00000| Untracked 
|  64|0x0000000085e00000, 0x0000000085e00000, 0x0000000085f00000|  0%| F|  |TAMS 0x0000000085e00000| PB 0x0000000085e00000| Untracked 
|  65|0x0000000085f00000, 0x0000000085f00000, 0x0000000086000000|  0%| F|  |TAMS 0x0000000085f00000| PB 0x0000000085f00000| Untracked 
|  66|0x0000000086000000, 0x0000000086000000, 0x0000000086100000|  0%| F|  |TAMS 0x0000000086000000| PB 0x0000000086000000| Untracked 
|  67|0x0000000086100000, 0x0000000086100000, 0x0000000086200000|  0%| F|  |TAMS 0x0000000086100000| PB 0x0000000086100000| Untracked 
|  68|0x0000000086200000, 0x0000000086200000, 0x0000000086300000|  0%| F|  |TAMS 0x0000000086200000| PB 0x0000000086200000| Untracked 
|  69|0x0000000086300000, 0x0000000086300000, 0x0000000086400000|  0%| F|  |TAMS 0x0000000086300000| PB 0x0000000086300000| Untracked 
|  70|0x0000000086400000, 0x0000000086400000, 0x0000000086500000|  0%| F|  |TAMS 0x0000000086400000| PB 0x0000000086400000| Untracked 
|  71|0x0000000086500000, 0x0000000086500000, 0x0000000086600000|  0%| F|  |TAMS 0x0000000086500000| PB 0x0000000086500000| Untracked 
|  72|0x0000000086600000, 0x0000000086600000, 0x0000000086700000|  0%| F|  |TAMS 0x0000000086600000| PB 0x0000000086600000| Untracked 
|  73|0x0000000086700000, 0x0000000086700000, 0x0000000086800000|  0%| F|  |TAMS 0x0000000086700000| PB 0x0000000086700000| Untracked 
|  74|0x0000000086800000, 0x0000000086800000, 0x0000000086900000|  0%| F|  |TAMS 0x0000000086800000| PB 0x0000000086800000| Untracked 
|  75|0x0000000086900000, 0x0000000086900000, 0x0000000086a00000|  0%| F|  |TAMS 0x0000000086900000| PB 0x0000000086900000| Untracked 
|  76|0x0000000086a00000, 0x0000000086a00000, 0x0000000086b00000|  0%| F|  |TAMS 0x0000000086a00000| PB 0x0000000086a00000| Untracked 
|  77|0x0000000086b00000, 0x0000000086b00000, 0x0000000086c00000|  0%| F|  |TAMS 0x0000000086b00000| PB 0x0000000086b00000| Untracked 
|  78|0x0000000086c00000, 0x0000000086c00000, 0x0000000086d00000|  0%| F|  |TAMS 0x0000000086c00000| PB 0x0000000086c00000| Untracked 
|  79|0x0000000086d00000, 0x0000000086d00000, 0x0000000086e00000|  0%| F|  |TAMS 0x0000000086d00000| PB 0x0000000086d00000| Untracked 
|  80|0x0000000086e00000, 0x0000000086e00000, 0x0000000086f00000|  0%| F|  |TAMS 0x0000000086e00000| PB 0x0000000086e00000| Untracked 
|  81|0x0000000086f00000, 0x0000000086f00000, 0x0000000087000000|  0%| F|  |TAMS 0x0000000086f00000| PB 0x0000000086f00000| Untracked 
|  82|0x0000000087000000, 0x0000000087000000, 0x0000000087100000|  0%| F|  |TAMS 0x0000000087000000| PB 0x0000000087000000| Untracked 
|  83|0x0000000087100000, 0x0000000087100000, 0x0000000087200000|  0%| F|  |TAMS 0x0000000087100000| PB 0x0000000087100000| Untracked 
|  84|0x0000000087200000, 0x0000000087200000, 0x0000000087300000|  0%| F|  |TAMS 0x0000000087200000| PB 0x0000000087200000| Untracked 
|  85|0x0000000087300000, 0x0000000087300000, 0x0000000087400000|  0%| F|  |TAMS 0x0000000087300000| PB 0x0000000087300000| Untracked 
|  86|0x0000000087400000, 0x0000000087400000, 0x0000000087500000|  0%| F|  |TAMS 0x0000000087400000| PB 0x0000000087400000| Untracked 
|  87|0x0000000087500000, 0x0000000087500000, 0x0000000087600000|  0%| F|  |TAMS 0x0000000087500000| PB 0x0000000087500000| Untracked 
|  88|0x0000000087600000, 0x0000000087600000, 0x0000000087700000|  0%| F|  |TAMS 0x0000000087600000| PB 0x0000000087600000| Untracked 
|  89|0x0000000087700000, 0x0000000087700000, 0x0000000087800000|  0%| F|  |TAMS 0x0000000087700000| PB 0x0000000087700000| Untracked 
|  90|0x0000000087800000, 0x0000000087800000, 0x0000000087900000|  0%| F|  |TAMS 0x0000000087800000| PB 0x0000000087800000| Untracked 
|  91|0x0000000087900000, 0x00000000879f5710, 0x0000000087a00000| 95%| E|  |TAMS 0x0000000087900000| PB 0x0000000087900000| Complete 
|  92|0x0000000087a00000, 0x0000000087b00000, 0x0000000087b00000|100%| E|CS|TAMS 0x0000000087a00000| PB 0x0000000087a00000| Complete 
|  93|0x0000000087b00000, 0x0000000087b7acd8, 0x0000000087c00000| 47%| S|CS|TAMS 0x0000000087b00000| PB 0x0000000087b00000| Complete 
|  94|0x0000000087c00000, 0x0000000087d00000, 0x0000000087d00000|100%| S|CS|TAMS 0x0000000087c00000| PB 0x0000000087c00000| Complete 
|  95|0x0000000087d00000, 0x0000000087e00000, 0x0000000087e00000|100%| S|CS|TAMS 0x0000000087d00000| PB 0x0000000087d00000| Complete 
|  96|0x0000000087e00000, 0x0000000087f00000, 0x0000000087f00000|100%| E|CS|TAMS 0x0000000087e00000| PB 0x0000000087e00000| Complete 
|  97|0x0000000087f00000, 0x0000000088000000, 0x0000000088000000|100%| E|CS|TAMS 0x0000000087f00000| PB 0x0000000087f00000| Complete 
|  98|0x0000000088000000, 0x0000000088100000, 0x0000000088100000|100%| E|CS|TAMS 0x0000000088000000| PB 0x0000000088000000| Complete 
|  99|0x0000000088100000, 0x0000000088200000, 0x0000000088200000|100%| E|CS|TAMS 0x0000000088100000| PB 0x0000000088100000| Complete 
| 100|0x0000000088200000, 0x0000000088300000, 0x0000000088300000|100%| E|CS|TAMS 0x0000000088200000| PB 0x0000000088200000| Complete 
| 101|0x0000000088300000, 0x0000000088400000, 0x0000000088400000|100%| E|CS|TAMS 0x0000000088300000| PB 0x0000000088300000| Complete 
| 102|0x0000000088400000, 0x0000000088500000, 0x0000000088500000|100%| E|CS|TAMS 0x0000000088400000| PB 0x0000000088400000| Complete 
| 103|0x0000000088500000, 0x0000000088600000, 0x0000000088600000|100%| E|CS|TAMS 0x0000000088500000| PB 0x0000000088500000| Complete 
| 104|0x0000000088600000, 0x0000000088700000, 0x0000000088700000|100%| E|CS|TAMS 0x0000000088600000| PB 0x0000000088600000| Complete 
| 105|0x0000000088700000, 0x0000000088800000, 0x0000000088800000|100%| E|CS|TAMS 0x0000000088700000| PB 0x0000000088700000| Complete 
| 106|0x0000000088800000, 0x0000000088900000, 0x0000000088900000|100%| E|CS|TAMS 0x0000000088800000| PB 0x0000000088800000| Complete 
| 107|0x0000000088900000, 0x0000000088a00000, 0x0000000088a00000|100%| E|CS|TAMS 0x0000000088900000| PB 0x0000000088900000| Complete 
| 108|0x0000000088a00000, 0x0000000088b00000, 0x0000000088b00000|100%| E|CS|TAMS 0x0000000088a00000| PB 0x0000000088a00000| Complete 
| 109|0x0000000088b00000, 0x0000000088c00000, 0x0000000088c00000|100%| E|CS|TAMS 0x0000000088b00000| PB 0x0000000088b00000| Complete 
| 110|0x0000000088c00000, 0x0000000088d00000, 0x0000000088d00000|100%| E|CS|TAMS 0x0000000088c00000| PB 0x0000000088c00000| Complete 
| 111|0x0000000088d00000, 0x0000000088e00000, 0x0000000088e00000|100%| E|CS|TAMS 0x0000000088d00000| PB 0x0000000088d00000| Complete 
| 112|0x0000000088e00000, 0x0000000088f00000, 0x0000000088f00000|100%| E|CS|TAMS 0x0000000088e00000| PB 0x0000000088e00000| Complete 
| 113|0x0000000088f00000, 0x0000000089000000, 0x0000000089000000|100%| E|CS|TAMS 0x0000000088f00000| PB 0x0000000088f00000| Complete 
| 114|0x0000000089000000, 0x0000000089100000, 0x0000000089100000|100%| E|CS|TAMS 0x0000000089000000| PB 0x0000000089000000| Complete 
| 115|0x0000000089100000, 0x0000000089200000, 0x0000000089200000|100%| E|CS|TAMS 0x0000000089100000| PB 0x0000000089100000| Complete 
| 116|0x0000000089200000, 0x0000000089300000, 0x0000000089300000|100%| E|CS|TAMS 0x0000000089200000| PB 0x0000000089200000| Complete 
| 117|0x0000000089300000, 0x0000000089400000, 0x0000000089400000|100%| E|CS|TAMS 0x0000000089300000| PB 0x0000000089300000| Complete 
| 118|0x0000000089400000, 0x0000000089500000, 0x0000000089500000|100%| E|CS|TAMS 0x0000000089400000| PB 0x0000000089400000| Complete 
| 119|0x0000000089500000, 0x0000000089600000, 0x0000000089600000|100%| E|CS|TAMS 0x0000000089500000| PB 0x0000000089500000| Complete 
| 120|0x0000000089600000, 0x0000000089700000, 0x0000000089700000|100%| E|CS|TAMS 0x0000000089600000| PB 0x0000000089600000| Complete 
| 121|0x0000000089700000, 0x0000000089800000, 0x0000000089800000|100%| E|CS|TAMS 0x0000000089700000| PB 0x0000000089700000| Complete 
| 122|0x0000000089800000, 0x0000000089900000, 0x0000000089900000|100%| E|CS|TAMS 0x0000000089800000| PB 0x0000000089800000| Complete 
| 123|0x0000000089900000, 0x0000000089a00000, 0x0000000089a00000|100%| E|CS|TAMS 0x0000000089900000| PB 0x0000000089900000| Complete 
| 124|0x0000000089a00000, 0x0000000089b00000, 0x0000000089b00000|100%| E|CS|TAMS 0x0000000089a00000| PB 0x0000000089a00000| Complete 
| 125|0x0000000089b00000, 0x0000000089c00000, 0x0000000089c00000|100%| E|CS|TAMS 0x0000000089b00000| PB 0x0000000089b00000| Complete 
| 126|0x0000000089c00000, 0x0000000089d00000, 0x0000000089d00000|100%| E|CS|TAMS 0x0000000089c00000| PB 0x0000000089c00000| Complete 
| 127|0x0000000089d00000, 0x0000000089e00000, 0x0000000089e00000|100%| E|CS|TAMS 0x0000000089d00000| PB 0x0000000089d00000| Complete 

Card table byte_map: [0x000002a65c260000,0x000002a65c660000] _byte_map_base: 0x000002a65be51000

Marking Bits: (CMBitMap*) 0x000002a642b7ba50
 Bits: [0x000002a65ca60000, 0x000002a65e9e8000)

Polling page: 0x000002a642be0000

Metaspace:

Usage:
  Non-class:     17.18 MB used.
      Class:      2.34 MB used.
       Both:     19.52 MB used.

Virtual space:
  Non-class space:       64.00 MB reserved,      17.31 MB ( 27%) committed,  1 nodes.
      Class space:        1.00 GB reserved,       2.44 MB ( <1%) committed,  1 nodes.
             Both:        1.06 GB reserved,      19.75 MB (  2%) committed. 

Chunk freelists:
   Non-Class:  1.94 MB
       Class:  1.58 MB
        Both:  3.52 MB

MaxMetaspaceSize: unlimited
CompressedClassSpaceSize: 1.00 GB
Initial GC threshold: 21.00 MB
Current GC threshold: 21.00 MB
CDS: on
MetaspaceReclaimPolicy: balanced
 - commit_granule_bytes: 65536.
 - commit_granule_words: 8192.
 - virtual_space_node_default_size: 8388608.
 - enlarge_chunks_in_place: 1.
 - new_chunks_are_fully_committed: 0.
 - uncommit_free_chunks: 1.
 - use_allocation_guard: 0.


Internal statistics:

num_allocs_failed_limit: 0.
num_arena_births: 280.
num_arena_deaths: 0.
num_vsnodes_births: 2.
num_vsnodes_deaths: 0.
num_space_committed: 316.
num_space_uncommitted: 0.
num_chunks_returned_to_freelist: 0.
num_chunks_taken_from_freelist: 976.
num_chunk_merges: 0.
num_chunk_splits: 654.
num_chunks_enlarged: 472.
num_inconsistent_stats: 0.

CodeHeap 'non-profiled nmethods': size=120000Kb used=1191Kb max_used=1191Kb free=118808Kb
 bounds [0x000002a653ed0000, 0x000002a654140000, 0x000002a65b400000]
CodeHeap 'profiled nmethods': size=120000Kb used=5857Kb max_used=5857Kb free=114142Kb
 bounds [0x000002a64c400000, 0x000002a64c9c0000, 0x000002a653930000]
CodeHeap 'non-nmethods': size=5760Kb used=1480Kb max_used=1543Kb free=4279Kb
 bounds [0x000002a653930000, 0x000002a653ba0000, 0x000002a653ed0000]
 total_blobs=3448 nmethods=2940 adapters=417
 compilation: enabled
              stopped_count=0, restarted_count=0
 full_count=0

Compilation events (20 events):
Event: 2.327 Thread 0x000002a6614f1420 nmethod 2914 0x000002a64c9ab610 code [0x000002a64c9ab7a0, 0x000002a64c9ab928]
Event: 2.327 Thread 0x000002a6614f1420 2911       3       org.springframework.core.annotation.MergedAnnotationCollectors::toMultiValueMap (42 bytes)
Event: 2.328 Thread 0x000002a6659c62d0 nmethod 2905 0x000002a653ff7390 code [0x000002a653ff7540, 0x000002a653ff79c0]
Event: 2.328 Thread 0x000002a6614f0aa0 nmethod 2906 0x000002a653ff7d10 code [0x000002a653ff7e80, 0x000002a653ff7f88]
Event: 2.328 Thread 0x000002a6614f1420 nmethod 2911 0x000002a64c9ab990 code [0x000002a64c9abc00, 0x000002a64c9ac718]
Event: 2.328 Thread 0x000002a6659c62d0 2912       4       org.springframework.beans.factory.support.AbstractBeanFactory::isTypeMatch (619 bytes)
Event: 2.328 Thread 0x000002a6614f0aa0 2917       4       jdk.internal.org.objectweb.asm.MethodWriter::visitCode (1 bytes)
Event: 2.329 Thread 0x000002a6614f1420 2915       3       jdk.internal.org.objectweb.asm.SymbolTable::addUninitializedType (103 bytes)
Event: 2.329 Thread 0x000002a6614f0aa0 nmethod 2917 0x000002a653ff8190 code [0x000002a653ff8300, 0x000002a653ff8388]
Event: 2.329 Thread 0x000002a6614f1420 nmethod 2915 0x000002a64c9aca90 code [0x000002a64c9acc80, 0x000002a64c9ad228]
Event: 2.329 Thread 0x000002a6614f1420 2916       3       jdk.internal.org.objectweb.asm.SymbolTable::hash (12 bytes)
Event: 2.330 Thread 0x000002a6614f1420 nmethod 2916 0x000002a64c9ad510 code [0x000002a64c9ad6a0, 0x000002a64c9ad7d0]
Event: 2.330 Thread 0x000002a6614f1420 2910       1       org.springframework.beans.factory.annotation.AnnotatedGenericBeanDefinition::getMetadata (5 bytes)
Event: 2.330 Thread 0x000002a6614f1420 nmethod 2910 0x000002a653ff8490 code [0x000002a653ff8600, 0x000002a653ff86c8]
Event: 2.335 Thread 0x000002a6614f1420 2918       3       java.lang.Class::copyMethods (36 bytes)
Event: 2.336 Thread 0x000002a6614f1420 nmethod 2918 0x000002a64c9ad890 code [0x000002a64c9adae0, 0x000002a64c9ae550]
Event: 2.336 Thread 0x000002a6614f1420 2920       3       java.util.LinkedHashMap::valuesToArray (38 bytes)
Event: 2.336 Thread 0x000002a6614f1420 nmethod 2920 0x000002a64c9ae990 code [0x000002a64c9aeb40, 0x000002a64c9aeeb8]
Event: 2.336 Thread 0x000002a6614f1420 2919       3       java.util.LinkedHashMap$LinkedValues::toArray (16 bytes)
Event: 2.336 Thread 0x000002a6614f1420 nmethod 2919 0x000002a64c9af010 code [0x000002a64c9af1c0, 0x000002a64c9af340]

GC Heap History (4 events):
Event: 0.827 GC heap before
{Heap before GC invocations=0 (full 0):
 garbage-first heap   total 131072K, used 23552K [0x0000000081e00000, 0x0000000100000000)
  region size 1024K, 23 young (23552K), 0 survivors (0K)
 Metaspace       used 6553K, committed 6784K, reserved 1114112K
  class space    used 780K, committed 832K, reserved 1048576K
}
Event: 0.833 GC heap after
{Heap after GC invocations=1 (full 0):
 garbage-first heap   total 131072K, used 6840K [0x0000000081e00000, 0x0000000100000000)
  region size 1024K, 3 young (3072K), 3 survivors (3072K)
 Metaspace       used 6553K, committed 6784K, reserved 1114112K
  class space    used 780K, committed 832K, reserved 1048576K
}
Event: 1.383 GC heap before
{Heap before GC invocations=1 (full 0):
 garbage-first heap   total 131072K, used 35512K [0x0000000081e00000, 0x0000000100000000)
  region size 1024K, 32 young (32768K), 3 survivors (3072K)
 Metaspace       used 14441K, committed 14720K, reserved 1114112K
  class space    used 1739K, committed 1856K, reserved 1048576K
}
Event: 1.390 GC heap after
{Heap after GC invocations=2 (full 0):
 garbage-first heap   total 131072K, used 9480K [0x0000000081e00000, 0x0000000100000000)
  region size 1024K, 3 young (3072K), 3 survivors (3072K)
 Metaspace       used 14441K, committed 14720K, reserved 1114112K
  class space    used 1739K, committed 1856K, reserved 1048576K
}

Dll operation events (7 events):
Event: 0.008 Loaded shared library C:\Program Files\Java\jdk-20\bin\java.dll
Event: 0.029 Loaded shared library C:\Program Files\Java\jdk-20\bin\jsvml.dll
Event: 0.102 Loaded shared library C:\Program Files\Java\jdk-20\bin\net.dll
Event: 0.104 Loaded shared library C:\Program Files\Java\jdk-20\bin\nio.dll
Event: 0.106 Loaded shared library C:\Program Files\Java\jdk-20\bin\zip.dll
Event: 0.211 Loaded shared library C:\Program Files\Java\jdk-20\bin\jimage.dll
Event: 1.543 Loaded shared library C:\Program Files\Java\jdk-20\bin\sunmscapi.dll

Deoptimization events (20 events):
Event: 2.029 Thread 0x000002a642addfb0 Uncommon trap: trap_request=0xffffffde fr.pc=0x000002a653f12b30 relative=0x00000000000001b0
Event: 2.029 Thread 0x000002a642addfb0 Uncommon trap: reason=class_check action=maybe_recompile pc=0x000002a653f12b30 method=java.lang.String.equals(Ljava/lang/Object;)Z @ 8 c2
Event: 2.029 Thread 0x000002a642addfb0 DEOPT PACKING pc=0x000002a653f12b30 sp=0x000000d39fafece0
Event: 2.029 Thread 0x000002a642addfb0 DEOPT UNPACKING pc=0x000002a653999d22 sp=0x000000d39fafec68 mode 2
Event: 2.030 Thread 0x000002a642addfb0 Uncommon trap: trap_request=0xffffffde fr.pc=0x000002a653fb7f8c relative=0x000000000000044c
Event: 2.030 Thread 0x000002a642addfb0 Uncommon trap: reason=class_check action=maybe_recompile pc=0x000002a653fb7f8c method=java.lang.String.equals(Ljava/lang/Object;)Z @ 8 c2
Event: 2.030 Thread 0x000002a642addfb0 DEOPT PACKING pc=0x000002a653fb7f8c sp=0x000000d39fafea30
Event: 2.030 Thread 0x000002a642addfb0 DEOPT UNPACKING pc=0x000002a653999d22 sp=0x000000d39fafe8e8 mode 2
Event: 2.030 Thread 0x000002a642addfb0 Uncommon trap: trap_request=0xffffff45 fr.pc=0x000002a653fc316c relative=0x00000000000001cc
Event: 2.030 Thread 0x000002a642addfb0 Uncommon trap: reason=unstable_if action=reinterpret pc=0x000002a653fc316c method=org.springframework.core.annotation.MergedAnnotationsCollection.isMappingForType(Lorg/springframework/core/annotation/AnnotationTypeMapping;Ljava/lang/Object;)Z @ 13 c2
Event: 2.030 Thread 0x000002a642addfb0 DEOPT PACKING pc=0x000002a653fc316c sp=0x000000d39fafe9c0
Event: 2.030 Thread 0x000002a642addfb0 DEOPT UNPACKING pc=0x000002a653999d22 sp=0x000000d39fafe950 mode 2
Event: 2.030 Thread 0x000002a642addfb0 Uncommon trap: trap_request=0xffffffde fr.pc=0x000002a653f12b30 relative=0x00000000000001b0
Event: 2.030 Thread 0x000002a642addfb0 Uncommon trap: reason=class_check action=maybe_recompile pc=0x000002a653f12b30 method=java.lang.String.equals(Ljava/lang/Object;)Z @ 8 c2
Event: 2.030 Thread 0x000002a642addfb0 DEOPT PACKING pc=0x000002a653f12b30 sp=0x000000d39fafe950
Event: 2.030 Thread 0x000002a642addfb0 DEOPT UNPACKING pc=0x000002a653999d22 sp=0x000000d39fafe8e8 mode 2
Event: 2.318 Thread 0x000002a642addfb0 Uncommon trap: trap_request=0xffffff45 fr.pc=0x000002a653fe56bc relative=0x000000000000021c
Event: 2.318 Thread 0x000002a642addfb0 Uncommon trap: reason=unstable_if action=reinterpret pc=0x000002a653fe56bc method=org.springframework.beans.factory.support.AbstractBeanFactory.isFactoryBean(Ljava/lang/String;Lorg/springframework/beans/factory/support/RootBeanDefinition;)Z @ 40 c2
Event: 2.318 Thread 0x000002a642addfb0 DEOPT PACKING pc=0x000002a653fe56bc sp=0x000000d39fafe980
Event: 2.318 Thread 0x000002a642addfb0 DEOPT UNPACKING pc=0x000002a653999d22 sp=0x000000d39fafe940 mode 2

Classes loaded (20 events):
Event: 1.553 Loading class javax/security/auth/Subject
Event: 1.554 Loading class javax/security/auth/Subject done
Event: 1.554 Loading class javax/security/auth/callback/CallbackHandler
Event: 1.554 Loading class javax/security/auth/callback/CallbackHandler done
Event: 1.557 Loading class sun/security/provider/certpath/ldap/JdkLDAP
Event: 1.558 Loading class sun/security/provider/certpath/ldap/JdkLDAP done
Event: 1.558 Loading class sun/security/provider/certpath/ldap/JdkLDAP$ProviderService
Event: 1.559 Loading class sun/security/provider/certpath/ldap/JdkLDAP$ProviderService done
Event: 1.559 Loading class com/sun/security/sasl/Provider
Event: 1.559 Loading class com/sun/security/sasl/Provider done
Event: 1.559 Loading class com/sun/security/sasl/Provider$1
Event: 1.559 Loading class com/sun/security/sasl/Provider$1 done
Event: 1.559 Loading class com/sun/security/sasl/Provider$ProviderService
Event: 1.559 Loading class com/sun/security/sasl/Provider$ProviderService done
Event: 1.812 Loading class java/beans/PropertyVetoException
Event: 1.812 Loading class java/beans/PropertyVetoException done
Event: 2.258 Loading class java/lang/UnsupportedClassVersionError
Event: 2.258 Loading class java/lang/ClassFormatError
Event: 2.258 Loading class java/lang/ClassFormatError done
Event: 2.258 Loading class java/lang/UnsupportedClassVersionError done

Classes unloaded (0 events):
No events

Classes redefined (0 events):
No events

Internal exceptions (20 events):
Event: 0.928 Thread 0x000002a642addfb0 Exception <a 'java/lang/NoSuchMethodError'{0x0000000089a79658}: 'java.lang.Object java.lang.invoke.DirectMethodHandle$Holder.invokeStatic(java.lang.Object, long, java.lang.Object)'> (0x0000000089a79658) 
thrown [s\open\src\hotspot\share\interpreter\linkResolver.cpp, line 773]
Event: 0.928 Thread 0x000002a642addfb0 Exception <a 'java/lang/NoSuchMethodError'{0x0000000089a7ccb0}: 'java.lang.Object java.lang.invoke.DirectMethodHandle$Holder.invokeStaticInit(java.lang.Object, long, java.lang.Object)'> (0x0000000089a7ccb0) 
thrown [s\open\src\hotspot\share\interpreter\linkResolver.cpp, line 773]
Event: 0.929 Thread 0x000002a642addfb0 Exception <a 'java/lang/NoSuchMethodError'{0x0000000089a82a50}: 'java.lang.Object java.lang.invoke.DirectMethodHandle$Holder.newInvokeSpecial(java.lang.Object, long)'> (0x0000000089a82a50) 
thrown [s\open\src\hotspot\share\interpreter\linkResolver.cpp, line 773]
Event: 0.943 Thread 0x000002a642addfb0 Exception <a 'java/lang/NoSuchMethodError'{0x0000000089acac08}: 'void java.lang.invoke.DirectMethodHandle$Holder.invokeSpecial(java.lang.Object, java.lang.Object, java.lang.Object, java.lang.Object, java.lang.Object)'> (0x0000000089acac08) 
thrown [s\open\src\hotspot\share\interpreter\linkResolver.cpp, line 773]
Event: 0.944 Thread 0x000002a642addfb0 Exception <a 'java/lang/NoSuchMethodError'{0x0000000089ad3258}: 'void java.lang.invoke.DirectMethodHandle$Holder.invokeVirtual(java.lang.Object, java.lang.Object, java.lang.Object, java.lang.Object)'> (0x0000000089ad3258) 
thrown [s\open\src\hotspot\share\interpreter\linkResolver.cpp, line 773]
Event: 0.983 Thread 0x000002a642addfb0 Exception <a 'java/lang/NoSuchMethodError'{0x00000000898110e0}: 'void java.lang.invoke.DirectMethodHandle$Holder.invokeSpecial(java.lang.Object, java.lang.Object, java.lang.Object)'> (0x00000000898110e0) 
thrown [s\open\src\hotspot\share\interpreter\linkResolver.cpp, line 773]
Event: 0.992 Thread 0x000002a6665183d0 Exception <a 'java/lang/NoClassDefFoundError'{0x000000008987b830}: jakarta/validation/Validation> (0x000000008987b830) 
thrown [s\open\src\hotspot\share\classfile\systemDictionary.cpp, line 294]
Event: 0.992 Thread 0x000002a642addfb0 Exception <a 'java/lang/IncompatibleClassChangeError'{0x000000008983edd8}: Found class java.lang.Object, but interface was expected> (0x000000008983edd8) 
thrown [s\open\src\hotspot\share\interpreter\linkResolver.cpp, line 840]
Event: 0.998 Thread 0x000002a642addfb0 Exception <a 'java/lang/NoSuchMethodError'{0x00000000898533f8}: 'java.lang.Object java.lang.invoke.DirectMethodHandle$Holder.invokeStaticInit(java.lang.Object, int)'> (0x00000000898533f8) 
thrown [s\open\src\hotspot\share\interpreter\linkResolver.cpp, line 773]
Event: 1.001 Thread 0x000002a642addfb0 Exception <a 'java/lang/NoSuchMethodError'{0x000000008985e4a0}: 'java.lang.Object java.lang.invoke.DirectMethodHandle$Holder.invokeStatic(java.lang.Object, int, java.lang.Object)'> (0x000000008985e4a0) 
thrown [s\open\src\hotspot\share\interpreter\linkResolver.cpp, line 773]
Event: 1.001 Thread 0x000002a642addfb0 Exception <a 'java/lang/NoSuchMethodError'{0x0000000089861af0}: 'java.lang.Object java.lang.invoke.DirectMethodHandle$Holder.invokeStaticInit(java.lang.Object, int, java.lang.Object)'> (0x0000000089861af0) 
thrown [s\open\src\hotspot\share\interpreter\linkResolver.cpp, line 773]
Event: 1.382 Thread 0x000002a642addfb0 Exception <a 'java/lang/NoSuchMethodError'{0x0000000087e996a0}: 'int java.lang.invoke.DirectMethodHandle$Holder.invokeSpecial(java.lang.Object, java.lang.Object, java.lang.Object, java.lang.Object, java.lang.Object)'> (0x0000000087e996a0) 
thrown [s\open\src\hotspot\share\interpreter\linkResolver.cpp, line 773]
Event: 1.392 Thread 0x000002a642addfb0 Exception <a 'java/lang/NoSuchMethodError'{0x0000000089d03410}: 'void java.lang.invoke.DirectMethodHandle$Holder.invokeVirtual(java.lang.Object, java.lang.Object)'> (0x0000000089d03410) 
thrown [s\open\src\hotspot\share\interpreter\linkResolver.cpp, line 773]
Event: 1.410 Thread 0x000002a6665183d0 Exception <a 'java/lang/NoSuchMethodError'{0x0000000089cfe1f0}: 'long java.lang.invoke.DirectMethodHandle$Holder.invokeSpecial(java.lang.Object, java.lang.Object)'> (0x0000000089cfe1f0) 
thrown [s\open\src\hotspot\share\interpreter\linkResolver.cpp, line 773]
Event: 1.412 Thread 0x000002a6665183d0 Exception <a 'java/lang/NoSuchMethodError'{0x0000000089b09908}: 'long java.lang.invoke.DirectMethodHandle$Holder.invokeStatic(java.lang.Object, java.lang.Object)'> (0x0000000089b09908) 
thrown [s\open\src\hotspot\share\interpreter\linkResolver.cpp, line 773]
Event: 1.412 Thread 0x000002a6665183d0 Exception <a 'java/lang/NoSuchMethodError'{0x0000000089b0cc70}: 'long java.lang.invoke.DirectMethodHandle$Holder.invokeStaticInit(java.lang.Object, java.lang.Object)'> (0x0000000089b0cc70) 
thrown [s\open\src\hotspot\share\interpreter\linkResolver.cpp, line 773]
Event: 1.414 Thread 0x000002a6665183d0 Exception <a 'java/lang/NoSuchMethodError'{0x0000000089b1a8d0}: 'long java.lang.invoke.DirectMethodHandle$Holder.invokeInterface(java.lang.Object, java.lang.Object)'> (0x0000000089b1a8d0) 
thrown [s\open\src\hotspot\share\interpreter\linkResolver.cpp, line 773]
Event: 1.415 Thread 0x000002a6665183d0 Exception <a 'java/lang/IncompatibleClassChangeError'{0x0000000089b1db80}: Found class java.lang.Object, but interface was expected> (0x0000000089b1db80) 
thrown [s\open\src\hotspot\share\interpreter\linkResolver.cpp, line 840]
Event: 1.433 Thread 0x000002a6665183d0 Exception <a 'java/lang/NoSuchMethodError'{0x0000000089bff498}: 'java.lang.Object java.lang.invoke.DirectMethodHandle$Holder.invokeVirtual(java.lang.Object, java.lang.Object, java.lang.Object, java.lang.Object)'> (0x0000000089bff498) 
thrown [s\open\src\hotspot\share\interpreter\linkResolver.cpp, line 773]
Event: 1.578 Thread 0x000002a642addfb0 Exception <a 'java/lang/IncompatibleClassChangeError'{0x00000000893b8158}: Found class java.lang.Object, but interface was expected> (0x00000000893b8158) 
thrown [s\open\src\hotspot\share\interpreter\linkResolver.cpp, line 840]

VM Operations (20 events):
Event: 0.980 Executing VM operation: HandshakeAllThreads
Event: 0.980 Executing VM operation: HandshakeAllThreads done
Event: 1.152 Executing VM operation: ICBufferFull
Event: 1.152 Executing VM operation: ICBufferFull done
Event: 1.164 Executing VM operation: HandshakeAllThreads
Event: 1.164 Executing VM operation: HandshakeAllThreads done
Event: 1.295 Executing VM operation: HandshakeAllThreads
Event: 1.295 Executing VM operation: HandshakeAllThreads done
Event: 1.359 Executing VM operation: HandshakeAllThreads
Event: 1.359 Executing VM operation: HandshakeAllThreads done
Event: 1.383 Executing VM operation: G1CollectForAllocation
Event: 1.390 Executing VM operation: G1CollectForAllocation done
Event: 1.496 Executing VM operation: HandshakeAllThreads
Event: 1.496 Executing VM operation: HandshakeAllThreads done
Event: 1.517 Executing VM operation: HandshakeAllThreads
Event: 1.517 Executing VM operation: HandshakeAllThreads done
Event: 1.743 Executing VM operation: ICBufferFull
Event: 1.743 Executing VM operation: ICBufferFull done
Event: 2.058 Executing VM operation: ICBufferFull
Event: 2.058 Executing VM operation: ICBufferFull done

Events (17 events):
Event: 0.030 Thread 0x000002a642addfb0 Thread added: 0x000002a642addfb0
Event: 0.043 Thread 0x000002a6614b14d0 Thread added: 0x000002a6614b14d0
Event: 0.043 Thread 0x000002a6614b8500 Thread added: 0x000002a6614b8500
Event: 0.043 Thread 0x000002a6614b9d30 Thread added: 0x000002a6614b9d30
Event: 0.043 Thread 0x000002a6614bd620 Thread added: 0x000002a6614bd620
Event: 0.043 Thread 0x000002a6614bf380 Thread added: 0x000002a6614bf380
Event: 0.043 Thread 0x000002a6614cc920 Thread added: 0x000002a6614cc920
Event: 0.044 Thread 0x000002a6614f0aa0 Thread added: 0x000002a6614f0aa0
Event: 0.044 Thread 0x000002a6614f1420 Thread added: 0x000002a6614f1420
Event: 0.095 Thread 0x000002a6659302b0 Thread added: 0x000002a6659302b0
Event: 0.098 Thread 0x000002a665939050 Thread added: 0x000002a665939050
Event: 0.118 Thread 0x000002a6659c62d0 Thread added: 0x000002a6659c62d0
Event: 0.989 Thread 0x000002a6665183d0 Thread added: 0x000002a6665183d0
Event: 1.131 Thread 0x000002a6665f2220 Thread added: 0x000002a6665f2220
Event: 1.498 Thread 0x000002a6669f21b0 Thread added: 0x000002a6669f21b0
Event: 1.545 Thread 0x000002a6669f21b0 Thread exited: 0x000002a6669f21b0
Event: 1.562 Thread 0x000002a6665183d0 Thread exited: 0x000002a6665183d0


Dynamic libraries:
0x00007ff7f9650000 - 0x00007ff7f9660000 	C:\Program Files\Java\jdk-20\bin\javaw.exe
0x00007ffe21b90000 - 0x00007ffe21d88000 	C:\Windows\SYSTEM32\ntdll.dll
0x00007ffe21a60000 - 0x00007ffe21b1d000 	C:\Windows\System32\KERNEL32.DLL
0x00007ffe1f3a0000 - 0x00007ffe1f696000 	C:\Windows\System32\KERNELBASE.dll
0x00007ffe1f900000 - 0x00007ffe1fa00000 	C:\Windows\System32\ucrtbase.dll
0x00007ffe0fb60000 - 0x00007ffe0fb79000 	C:\Program Files\Java\jdk-20\bin\jli.dll
0x00007ffe0fa00000 - 0x00007ffe0fa1b000 	C:\Program Files\Java\jdk-20\bin\VCRUNTIME140.dll
0x00007ffe203c0000 - 0x00007ffe20470000 	C:\Windows\System32\ADVAPI32.dll
0x00007ffe21140000 - 0x00007ffe211de000 	C:\Windows\System32\msvcrt.dll
0x00007ffe20dc0000 - 0x00007ffe20e60000 	C:\Windows\System32\sechost.dll
0x00007ffe21800000 - 0x00007ffe21925000 	C:\Windows\System32\RPCRT4.dll
0x00007ffe1fa00000 - 0x00007ffe1fa27000 	C:\Windows\System32\bcrypt.dll
0x00007ffe20e60000 - 0x00007ffe20ffe000 	C:\Windows\System32\USER32.dll
0x00007ffdff7b0000 - 0x00007ffdffa4a000 	C:\Windows\WinSxS\amd64_microsoft.windows.common-controls_6595b64144ccf1df_6.0.19041.3636_none_60b6a03d71f818d5\COMCTL32.dll
0x00007ffe1f7a0000 - 0x00007ffe1f7c2000 	C:\Windows\System32\win32u.dll
0x00007ffe21b20000 - 0x00007ffe21b4b000 	C:\Windows\System32\GDI32.dll
0x00007ffe1faa0000 - 0x00007ffe1fbb7000 	C:\Windows\System32\gdi32full.dll
0x00007ffe1f7d0000 - 0x00007ffe1f86d000 	C:\Windows\System32\msvcp_win.dll
0x00007ffe14cf0000 - 0x00007ffe14cfa000 	C:\Windows\SYSTEM32\VERSION.dll
0x00007ffe212f0000 - 0x00007ffe21322000 	C:\Windows\System32\IMM32.DLL
0x00007ffe16000000 - 0x00007ffe1600c000 	C:\Program Files\Java\jdk-20\bin\vcruntime140_1.dll
0x00007ffdf1e90000 - 0x00007ffdf1f1e000 	C:\Program Files\Java\jdk-20\bin\msvcp140.dll
0x00007ffddc5d0000 - 0x00007ffddd268000 	C:\Program Files\Java\jdk-20\bin\server\jvm.dll
0x00007ffe08c50000 - 0x00007ffe08c77000 	C:\Windows\SYSTEM32\WINMM.dll
0x00007ffe17820000 - 0x00007ffe17829000 	C:\Windows\SYSTEM32\WSOCK32.dll
0x00007ffe210d0000 - 0x00007ffe2113b000 	C:\Windows\System32\WS2_32.dll
0x00007ffe1da90000 - 0x00007ffe1daa2000 	C:\Windows\SYSTEM32\kernel.appcore.dll
0x00007ffe16770000 - 0x00007ffe1677a000 	C:\Program Files\Java\jdk-20\bin\jimage.dll
0x00007ffe19df0000 - 0x00007ffe19fd4000 	C:\Windows\SYSTEM32\DBGHELP.DLL
0x00007ffe14a10000 - 0x00007ffe14a44000 	C:\Windows\SYSTEM32\dbgcore.DLL
0x00007ffe1f870000 - 0x00007ffe1f8f2000 	C:\Windows\System32\bcryptPrimitives.dll
0x00007ffe0fa20000 - 0x00007ffe0fa46000 	C:\Program Files\Java\jdk-20\bin\java.dll
0x00007ffdfd120000 - 0x00007ffdfd1f7000 	C:\Program Files\Java\jdk-20\bin\jsvml.dll
0x00007ffe1fbc0000 - 0x00007ffe2032b000 	C:\Windows\System32\SHELL32.dll
0x00007ffe1d290000 - 0x00007ffe1da2e000 	C:\Windows\SYSTEM32\windows.storage.dll
0x00007ffe20a60000 - 0x00007ffe20db3000 	C:\Windows\System32\combase.dll
0x00007ffe1eac0000 - 0x00007ffe1eaee000 	C:\Windows\SYSTEM32\Wldp.dll
0x00007ffe21000000 - 0x00007ffe210cd000 	C:\Windows\System32\OLEAUT32.dll
0x00007ffe20830000 - 0x00007ffe208dd000 	C:\Windows\System32\SHCORE.dll
0x00007ffe208e0000 - 0x00007ffe20935000 	C:\Windows\System32\shlwapi.dll
0x00007ffe1f170000 - 0x00007ffe1f195000 	C:\Windows\SYSTEM32\profapi.dll
0x00007ffe17980000 - 0x00007ffe17993000 	C:\Program Files\Java\jdk-20\bin\net.dll
0x00007ffe14280000 - 0x00007ffe1438a000 	C:\Windows\SYSTEM32\WINHTTP.dll
0x00007ffe1e8a0000 - 0x00007ffe1e90a000 	C:\Windows\system32\mswsock.dll
0x00007ffe16660000 - 0x00007ffe16676000 	C:\Program Files\Java\jdk-20\bin\nio.dll
0x00007ffe13040000 - 0x00007ffe13058000 	C:\Program Files\Java\jdk-20\bin\zip.dll
0x00007ffe16960000 - 0x00007ffe1696e000 	C:\Program Files\Java\jdk-20\bin\sunmscapi.dll
0x00007ffe1f240000 - 0x00007ffe1f39d000 	C:\Windows\System32\CRYPT32.dll
0x00007ffe1eb30000 - 0x00007ffe1eb58000 	C:\Windows\SYSTEM32\ncrypt.dll
0x00007ffe1eaf0000 - 0x00007ffe1eb2b000 	C:\Windows\SYSTEM32\NTASN1.dll

dbghelp: loaded successfully - version: 4.0.5 - missing functions: none
symbol engine: initialized successfully - sym options: 0x614 - pdb path: .;C:\Program Files\Java\jdk-20\bin;C:\Windows\SYSTEM32;C:\Windows\WinSxS\amd64_microsoft.windows.common-controls_6595b64144ccf1df_6.0.19041.3636_none_60b6a03d71f818d5;C:\Program Files\Java\jdk-20\bin\server

VM Arguments:
jvm_args: -Dfile.encoding=UTF-8 -Dstdout.encoding=UTF-8 -Dstderr.encoding=UTF-8 -XX:+ShowCodeDetailsInExceptionMessages 
java_command: in.co.vwit.engineering.resourceManagement.ResourceManagementApplication
java_class_path (initial): C:\Users\Aravind\Downloads\resourceManagement\resourceManagement\target\classes;C:\Users\Aravind\.m2\repository\org\springframework\boot\spring-boot-starter-data-jpa\3.2.4\spring-boot-starter-data-jpa-3.2.4.jar;C:\Users\Aravind\.m2\repository\org\springframework\boot\spring-boot-starter-aop\3.2.4\spring-boot-starter-aop-3.2.4.jar;C:\Users\Aravind\.m2\repository\org\springframework\spring-aop\6.1.5\spring-aop-6.1.5.jar;C:\Users\Aravind\.m2\repository\org\aspectj\aspectjweaver\1.9.21\aspectjweaver-1.9.21.jar;C:\Users\Aravind\.m2\repository\org\springframework\boot\spring-boot-starter-jdbc\3.2.4\spring-boot-starter-jdbc-3.2.4.jar;C:\Users\Aravind\.m2\repository\com\zaxxer\HikariCP\5.0.1\HikariCP-5.0.1.jar;C:\Users\Aravind\.m2\repository\org\springframework\spring-jdbc\6.1.5\spring-jdbc-6.1.5.jar;C:\Users\Aravind\.m2\repository\org\hibernate\orm\hibernate-core\6.4.4.Final\hibernate-core-6.4.4.Final.jar;C:\Users\Aravind\.m2\repository\jakarta\persistence\jakarta.persistence-api\3.1.0\jakarta.persistence-api-3.1.0.jar;C:\Users\Aravind\.m2\repository\jakarta\transaction\jakarta.transaction-api\2.0.1\jakarta.transaction-api-2.0.1.jar;C:\Users\Aravind\.m2\repository\org\jboss\logging\jboss-logging\3.5.3.Final\jboss-logging-3.5.3.Final.jar;C:\Users\Aravind\.m2\repository\org\hibernate\common\hibernate-commons-annotations\6.0.6.Final\hibernate-commons-annotations-6.0.6.Final.jar;C:\Users\Aravind\.m2\repository\io\smallrye\jandex\3.1.2\jandex-3.1.2.jar;C:\Users\Aravind\.m2\repository\com\fasterxml\classmate\1.6.0\classmate-1.6.0.jar;C:\Users\Aravind\.m2\repository\net\bytebuddy\byte-buddy\1.14.12\byte-buddy-1.14.12.jar;C:\Users\Aravind\.m2\repository\org\glassfish\jaxb\jaxb-runtime\4.0.5\jaxb-runtime-4.0.5.jar;C:\Users\Aravind\.m2\repository\org\glassfish\jaxb\jaxb-core\4.0.5\jaxb-core-4.0.5.jar;C:\Users\Aravind\.m2\repository\org\eclipse\angus\angus-activation\2.0.2\angus-activation-2.0.2.jar;C:\Users\Aravind\.m2\repository\org\glassfish\jaxb\txw2\4.0.5\txw2-4.0.5.jar;C:\Users\Aravind\.m2\repository\com\sun\istack\istack-commons-runtime\4.1.2\istack-commons-runtime-4.1.2.jar;C:\Users\Aravind\.m2\repository\jakarta\inject\jakarta.inject-api\2.0.1\jakarta.inject-api-2.0.1.jar;C:\Users\Aravind\.m2\repository\org\antlr\antlr4-runtime\4.13.0\antlr4-runtime-4.13.0.jar;C:\Users\Aravind\.m2\repository\org\springframework\data\spring-data-jpa\3.2.4\spring-data-jpa-3.2.4.jar;C:\Users\Aravind\.m2\repository\org\springframework\data\spring-data-commons\3.2.4\spring-data-commons-3.2.4.jar;C:\Users\Aravind\.m2\repository\org\springframework\spring-orm\6.1.5\spring-orm-6.1.5.jar;C:\Users\Aravind\.m2\repository\org\springframework\spring-context\6.1.5\spring-context-6.1.5.jar;C:\Users\Aravind\.m2\repository\org\springframework\spring-tx\6.1.5\spring-tx-6.1.5.jar;C:\Users\Aravind\.m2\repository\org\springframework\spring-beans\6.1.5\spring-beans-6.1.5.jar;C:\Users\Aravind\.m2\repository\jakarta\annotation\jakarta.annotation-api\2.1.1\jakarta.annotation-api-2.1.1.jar;C:\Users\Aravind\.m2\repository\org\slf4j\slf4j-api\2.0.12\slf4j-api-2.0.12.jar;C:\Users\Aravind\.m2\repository\org\springframework\spring-aspects\6.1.5\spring-aspects-6.1.5.jar;C:\Users\Aravind\.m2\repository\org\springframework\boot\spring-boot-starter-web\3.2.4\spring-boot-starter-web-3.2.4.jar;C:\Users\Aravind\.m2\repository\org\springframework\boot\spring-boot-starter\3.2.4\spring-boot-starter-3.2.4.jar;C:\Users\Aravind\.m2\repository\org\springframework\boot\spring-boot\3.2.4\spring-boot-3.2.4.jar;C:\Users\Aravind\.m2\repository\org\springframework\boot\spring-boot-autoconfigure\3.2.4\spring-boot-autoconfigure-3.2.4.jar;C:\Users\Aravind\.m2\repository\org\springframework\boot\spring-boot-starter-logging\3.2.4\spring-boot-starter-logging-3.2.4.jar;C:\Users\Aravind\.m2\repository\ch\qos\logback\logback-classic\1.4.14\logback-classic-1.4.14.jar;C:\Users\Aravind\.m2\repository\ch\qos\logback\logback-core\1.4.14\logback-core-1.4.14.jar;C:\Users\Aravind\.m2\repository\org\apache\logging\log4j\log4j-to-slf4j\2.21.1\log4j-to-slf4j-2.21.1.jar;C:\Users\Aravind\.m2\repository\org\apache\logging\log4j\log4j-api\2.21.1\log4j-api-2.21.1.jar;C:\Users\Aravind\.m2\repository\org\slf4j\jul-to-slf4j\2.0.12\jul-to-slf4j-2.0.12.jar;C:\Users\Aravind\.m2\repository\org\yaml\snakeyaml\2.2\snakeyaml-2.2.jar;C:\Users\Aravind\.m2\repository\org\springframework\boot\spring-boot-starter-json\3.2.4\spring-boot-starter-json-3.2.4.jar;C:\Users\Aravind\.m2\repository\com\fasterxml\jackson\core\jackson-databind\2.15.4\jackson-databind-2.15.4.jar;C:\Users\Aravind\.m2\repository\com\fasterxml\jackson\core\jackson-annotations\2.15.4\jackson-annotations-2.15.4.jar;C:\Users\Aravind\.m2\repository\com\fasterxml\jackson\core\jackson-core\2.15.4\jackson-core-2.15.4.jar;C:\Users\Aravind\.m2\repository\com\fasterxml\jackson\datatype\jackson-datatype-jdk8\2.15.4\jackson-datatype-jdk8-2.15.4.jar;C:\Users\Aravind\.m2\repository\com\fasterxml\jackson\datatype\jackson-datatype-jsr310\2.15.4\jackson-datatype-jsr310-2.15.4.jar;C:\Users\Aravind\.m2\repository\com\fasterxml\jackson\module\jackson-module-parameter-names\2.15.4\jackson-module-parameter-names-2.15.4.jar;C:\Users\Aravind\.m2\repository\org\springframework\boot\spring-boot-starter-tomcat\3.2.4\spring-boot-starter-tomcat-3.2.4.jar;C:\Users\Aravind\.m2\repository\org\apache\tomcat\embed\tomcat-embed-core\10.1.19\tomcat-embed-core-10.1.19.jar;C:\Users\Aravind\.m2\repository\org\apache\tomcat\embed\tomcat-embed-el\10.1.19\tomcat-embed-el-10.1.19.jar;C:\Users\Aravind\.m2\repository\org\apache\tomcat\embed\tomcat-embed-websocket\10.1.19\tomcat-embed-websocket-10.1.19.jar;C:\Users\Aravind\.m2\repository\org\springframework\spring-web\6.1.5\spring-web-6.1.5.jar;C:\Users\Aravind\.m2\repository\io\micrometer\micrometer-observation\1.12.4\micrometer-observation-1.12.4.jar;C:\Users\Aravind\.m2\repository\io\micrometer\micrometer-commons\1.12.4\micrometer-commons-1.12.4.jar;C:\Users\Aravind\.m2\repository\org\springframework\spring-webmvc\6.1.5\spring-webmvc-6.1.5.jar;C:\Users\Aravind\.m2\repository\org\springframework\spring-expression\6.1.5\spring-expression-6.1.5.jar;C:\Users\Aravind\.m2\repository\com\mysql\mysql-connector-j\8.3.0\mysql-connector-j-8.3.0.jar;C:\Users\Aravind\.m2\repository\jakarta\xml\bind\jakarta.xml.bind-api\4.0.2\jakarta.xml.bind-api-4.0.2.jar;C:\Users\Aravind\.m2\repository\jakarta\activation\jakarta.activation-api\2.1.3\jakarta.activation-api-2.1.3.jar;C:\Users\Aravind\.m2\repository\org\springframework\spring-core\6.1.5\spring-core-6.1.5.jar;C:\Users\Aravind\.m2\repository\org\springframework\spring-jcl\6.1.5\spring-jcl-6.1.5.jar;C:\Users\Aravind\.m2\repository\com\h2database\h2\2.2.224\h2-2.2.224.jar
Launcher Type: SUN_STANDARD

[Global flags]
     intx CICompilerCount                          = 4                                         {product} {ergonomic}
     uint ConcGCThreads                            = 2                                         {product} {ergonomic}
     uint G1ConcRefinementThreads                  = 8                                         {product} {ergonomic}
   size_t G1HeapRegionSize                         = 1048576                                   {product} {ergonomic}
    uintx GCDrainStackTargetSize                   = 64                                        {product} {ergonomic}
   size_t InitialHeapSize                          = 134217728                                 {product} {ergonomic}
   size_t MarkStackSize                            = 4194304                                   {product} {ergonomic}
   size_t MaxHeapSize                              = 2116026368                                {product} {ergonomic}
   size_t MaxNewSize                               = 1268776960                                {product} {ergonomic}
   size_t MinHeapDeltaBytes                        = 1048576                                   {product} {ergonomic}
   size_t MinHeapSize                              = 8388608                                   {product} {ergonomic}
    uintx NonNMethodCodeHeapSize                   = 5839372                                {pd product} {ergonomic}
    uintx NonProfiledCodeHeapSize                  = 122909434                              {pd product} {ergonomic}
    uintx ProfiledCodeHeapSize                     = 122909434                              {pd product} {ergonomic}
    uintx ReservedCodeCacheSize                    = 251658240                              {pd product} {ergonomic}
     bool SegmentedCodeCache                       = true                                      {product} {ergonomic}
     bool ShowCodeDetailsInExceptionMessages       = true                                   {manageable} {command line}
   size_t SoftMaxHeapSize                          = 2116026368                             {manageable} {ergonomic}
     bool UseCompressedClassPointers               = true                           {product lp64_product} {ergonomic}
     bool UseCompressedOops                        = true                           {product lp64_product} {ergonomic}
     bool UseG1GC                                  = true                                      {product} {ergonomic}
     bool UseLargePagesIndividualAllocation        = false                                  {pd product} {ergonomic}

Logging:
Log output configuration:
 #0: stdout all=warning uptime,level,tags foldmultilines=false
 #1: stderr all=off uptime,level,tags foldmultilines=false

Environment Variables:
PATH=C:/Program Files/Java/jdk-20/bin/server;C:/Program Files/Java/jdk-20/bin;C:\app\Aravind\product\21c\dbhomeXE\bin;C:\Users\Aravind\AppData\Local\Programs\Python\Python311\Scripts\;C:\Users\Aravind\AppData\Local\Programs\Python\Python311\;C:\Program Files\Java\jdk-20\bin;C:\Program Files\Common Files\Oracle\Java\javapath;C:\Windows\system32;C:\Windows;C:\Windows\System32\Wbem;C:\Windows\System32\WindowsPowerShell\v1.0\;C:\Windows\System32\OpenSSH\;C:\Program Files\Git\cmd;C:\Program Files\nodejs\;C:\ProgramData\chocolatey\bin;C:\Program Files\Docker\Docker\resources\bin;C:\Program Files\MySQL\MySQL Server 8.0\bin;C:\Program Files\MySQL\MySQL Shell 8.0\bin\;C:\Users\Aravind\AppData\Local\Microsoft\WindowsApps;C:\Users\Aravind\AppData\Local\Programs\Microsoft VS Code\bin;C:\Users\Aravind\AppData\Local\Programs\mongosh\;C:\Users\Aravind\AppData\Roaming\npm;C:\Users\Aravind\Downloads\ojdbc6.jar;C:\Users\Aravind\OneDrive\Desktop;
USERNAME=Aravind
OS=Windows_NT
PROCESSOR_IDENTIFIER=Intel64 Family 6 Model 142 Stepping 12, GenuineIntel
TMP=C:\Users\Aravind\AppData\Local\Temp
TEMP=C:\Users\Aravind\AppData\Local\Temp




---------------  S Y S T E M  ---------------

OS:
 Windows 10 , 64 bit Build 19041 (10.0.19041.3636)
OS uptime: 1 days 18:22 hours
Hyper-V role detected

CPU: total 8 (initial active 8) (4 cores per cpu, 2 threads per core) family 6 model 142 stepping 12 microcode 0xf8, cx8, cmov, fxsr, ht, mmx, 3dnowpref, sse, sse2, sse3, ssse3, sse4.1, sse4.2, popcnt, lzcnt, tsc, tscinvbit, avx, avx2, aes, erms, clmul, bmi1, bmi2, adx, fma, vzeroupper, clflush, clflushopt, hv, rdtscp, f16c

Memory: 4k page, system-wide physical 8064M (738M free)
TotalPageFile size 11553M (AvailPageFile size 12M)
current process WorkingSet (physical memory assigned to process): 141M, peak: 141M
current process commit charge ("private bytes"): 268M, peak: 269M

vm_info: Java HotSpot(TM) 64-Bit Server VM (20.0.2+9-78) for windows-amd64 JRE (20.0.2+9-78), built on 2023-06-14T10:08:48Z by "mach5one" with MS VC++ 17.1 (VS2022)

END.
