#
# There is insufficient memory for the Java Runtime Environment to continue.
# Native memory allocation (malloc) failed to allocate 1167424 bytes for Chunk::new
# Possible reasons:
#   The system is out of physical RAM or swap space
#   The process is running with CompressedOops enabled, and the Java Heap may be blocking the growth of the native heap
# Possible solutions:
#   Reduce memory load on the system
#   Increase physical memory or swap space
#   Check if swap backing store is full
#   Decrease Java heap size (-Xmx/-Xms)
#   Decrease number of Java threads
#   Decrease Java thread stack sizes (-Xss)
#   Set larger code cache with -XX:ReservedCodeCacheSize=
#   JVM is running with Unscaled Compressed Oops mode in which the Java heap is
#     placed in the first 4GB address space. The Java Heap base address is the
#     maximum limit for the native heap growth. Please use -XX:HeapBaseMinAddress
#     to set the Java Heap base and to place the Java Heap above 4GB virtual address.
# This output file may be truncated or incomplete.
#
#  Out of Memory Error (arena.cpp:184), pid=12776, tid=14004
#
# JRE version: Java(TM) SE Runtime Environment (20.0.2+9) (build 20.0.2+9-78)
# Java VM: Java HotSpot(TM) 64-Bit Server VM (20.0.2+9-78, mixed mode, sharing, tiered, compressed oops, compressed class ptrs, g1 gc, windows-amd64)
# No core dump will be written. Minidumps are not enabled by default on client versions of Windows
#

---------------  S U M M A R Y ------------

Command Line: -Dfile.encoding=UTF-8 -Dstdout.encoding=UTF-8 -Dstderr.encoding=UTF-8 -XX:+ShowCodeDetailsInExceptionMessages in.co.vwit.engineering.resourceManagement.ResourceManagementApplication

Host: Intel(R) Core(TM) i5-8265U CPU @ 1.60GHz, 8 cores, 7G,  Windows 10 , 64 bit Build 19041 (10.0.19041.3636)
Time: Fri Apr 12 17:00:47 2024 India Standard Time elapsed time: 7.606402 seconds (0d 0h 0m 7s)

---------------  T H R E A D  ---------------

Current thread (0x00000219bba68f60):  JavaThread "C2 CompilerThread0" daemon [_thread_in_native, id=14004, stack(0x0000003e92a00000,0x0000003e92b00000)]


Current CompileTask:
C2:   7606 4771       4       jdk.internal.org.objectweb.asm.MethodWriter::computeAllFrames (510 bytes)

Stack: [0x0000003e92a00000,0x0000003e92b00000]
Native frames: (J=compiled Java code, j=interpreted, Vv=VM code, C=native code)
V  [jvm.dll+0x6bc25a]
V  [jvm.dll+0x84971a]
V  [jvm.dll+0x84b315]
V  [jvm.dll+0x84ba13]
V  [jvm.dll+0x280e4f]
V  [jvm.dll+0xc2ab1]
V  [jvm.dll+0xc2dd5]
V  [jvm.dll+0x3bb64c]
V  [jvm.dll+0x1e6f13]
V  [jvm.dll+0x24b67b]
V  [jvm.dll+0x24a921]
V  [jvm.dll+0x1ce761]
V  [jvm.dll+0x25a0eb]
V  [jvm.dll+0x2587c0]
V  [jvm.dll+0x3f2dd5]
V  [jvm.dll+0x7f5c76]
V  [jvm.dll+0x6baecb]
C  [ucrtbase.dll+0x21bb2]
C  [KERNEL32.DLL+0x17344]
C  [ntdll.dll+0x526b1]


---------------  P R O C E S S  ---------------

Threads class SMR info:
_java_thread_list=0x00000219fcca3550, length=18, elements={
0x000002199f0935c0, 0x00000219bba537f0, 0x00000219bba545f0, 0x00000219bba5eab0,
0x00000219bba5fb50, 0x00000219bba60490, 0x00000219bba642d0, 0x00000219bba68f60,
0x00000219bba698e0, 0x00000219fcd0d180, 0x00000219fcd0e6c0, 0x00000219fcd0f160,
0x00000219fcd0f6b0, 0x00000219fcd0cc30, 0x00000219848f2670, 0x00000219848f6630,
0x00000219848f60e0, 0x0000021984297ea0
}

Java Threads: ( => current thread )
  0x000002199f0935c0 JavaThread "main" [_thread_in_native, id=6644, stack(0x0000003e91d00000,0x0000003e91e00000)]
  0x00000219bba537f0 JavaThread "Reference Handler" daemon [_thread_blocked, id=5664, stack(0x0000003e92400000,0x0000003e92500000)]
  0x00000219bba545f0 JavaThread "Finalizer" daemon [_thread_blocked, id=1184, stack(0x0000003e92500000,0x0000003e92600000)]
  0x00000219bba5eab0 JavaThread "Signal Dispatcher" daemon [_thread_blocked, id=13540, stack(0x0000003e92600000,0x0000003e92700000)]
  0x00000219bba5fb50 JavaThread "Attach Listener" daemon [_thread_blocked, id=13040, stack(0x0000003e92700000,0x0000003e92800000)]
  0x00000219bba60490 JavaThread "Service Thread" daemon [_thread_blocked, id=14316, stack(0x0000003e92800000,0x0000003e92900000)]
  0x00000219bba642d0 JavaThread "Monitor Deflation Thread" daemon [_thread_blocked, id=14144, stack(0x0000003e92900000,0x0000003e92a00000)]
=>0x00000219bba68f60 JavaThread "C2 CompilerThread0" daemon [_thread_in_native, id=14004, stack(0x0000003e92a00000,0x0000003e92b00000)]
  0x00000219bba698e0 JavaThread "C1 CompilerThread0" daemon [_thread_blocked, id=13780, stack(0x0000003e92b00000,0x0000003e92c00000)]
  0x00000219fcd0d180 JavaThread "Notification Thread" daemon [_thread_blocked, id=10832, stack(0x0000003e92c00000,0x0000003e92d00000)]
  0x00000219fcd0e6c0 JavaThread "Common-Cleaner" daemon [_thread_blocked, id=12228, stack(0x0000003e92e00000,0x0000003e92f00000)]
  0x00000219fcd0f160 JavaThread "Catalina-utility-1" [_thread_blocked, id=2564, stack(0x0000003e93800000,0x0000003e93900000)]
  0x00000219fcd0f6b0 JavaThread "Catalina-utility-2" [_thread_blocked, id=14140, stack(0x0000003e93a00000,0x0000003e93b00000)]
  0x00000219fcd0cc30 JavaThread "container-0" [_thread_blocked, id=13204, stack(0x0000003e93b00000,0x0000003e93c00000)]
  0x00000219848f2670 JavaThread "mysql-cj-abandoned-connection-cleanup" daemon [_thread_blocked, id=12192, stack(0x0000003e93c00000,0x0000003e93d00000)]
  0x00000219848f6630 JavaThread "HikariPool-1 housekeeper" daemon [_thread_blocked, id=8120, stack(0x0000003e93e00000,0x0000003e93f00000)]
  0x00000219848f60e0 JavaThread "HikariPool-1 connection adder" daemon [_thread_blocked, id=13772, stack(0x0000003e93f00000,0x0000003e94000000)]
  0x0000021984297ea0 JavaThread "C2 CompilerThread1" daemon [_thread_blocked, id=8852, stack(0x0000003e92f00000,0x0000003e93000000)]

Other Threads:
  0x00000219bba35300 VMThread "VM Thread" [stack: 0x0000003e92300000,0x0000003e92400000] [id=3560]
  0x00000219fcd196b0 WatcherThread "VM Periodic Task Thread" [stack: 0x0000003e92d00000,0x0000003e92e00000] [id=11996]
  0x000002199f0edf10 WorkerThread "GC Thread#0" [stack: 0x0000003e91e00000,0x0000003e91f00000] [id=4772]
  0x00000219fda20800 WorkerThread "GC Thread#1" [stack: 0x0000003e93000000,0x0000003e93100000] [id=824]
  0x00000219fda20ee0 WorkerThread "GC Thread#2" [stack: 0x0000003e93100000,0x0000003e93200000] [id=5028]
  0x00000219fda5ea90 WorkerThread "GC Thread#3" [stack: 0x0000003e93200000,0x0000003e93300000] [id=13068]
  0x00000219fda61180 WorkerThread "GC Thread#4" [stack: 0x0000003e93300000,0x0000003e93400000] [id=13420]
  0x00000219fda62df0 WorkerThread "GC Thread#5" [stack: 0x0000003e93400000,0x0000003e93500000] [id=6416]
  0x00000219fda61770 WorkerThread "GC Thread#6" [stack: 0x0000003e93600000,0x0000003e93700000] [id=1488]
  0x00000219fda61fe0 WorkerThread "GC Thread#7" [stack: 0x0000003e93700000,0x0000003e93800000] [id=12300]
  0x000002199f0ff330 ConcurrentGCThread "G1 Main Marker" [stack: 0x0000003e91f00000,0x0000003e92000000] [id=13400]
  0x000002199f0ffc70 WorkerThread "G1 Conc#0" [stack: 0x0000003e92000000,0x0000003e92100000] [id=14044]
  0x00000219fda62580 WorkerThread "G1 Conc#1" [stack: 0x0000003e93500000,0x0000003e93600000] [id=4960]
  0x00000219bb8e58f0 ConcurrentGCThread "G1 Refine#0" [stack: 0x0000003e92100000,0x0000003e92200000] [id=4260]
  0x00000219bb8e6040 ConcurrentGCThread "G1 Service" [stack: 0x0000003e92200000,0x0000003e92300000] [id=9200]

Threads with active compile tasks:
C2 CompilerThread0     7646 4771       4       jdk.internal.org.objectweb.asm.MethodWriter::computeAllFrames (510 bytes)

VM state: not at safepoint (normal execution)

VM Mutex/Monitor currently owned by a thread: None

Heap address: 0x0000000081e00000, size: 2018 MB, Compressed Oops mode: 32-bit

CDS archive(s) mapped at: [0x00000219bbc00000-0x00000219bc860000-0x00000219bc860000), size 12976128, SharedBaseAddress: 0x00000219bbc00000, ArchiveRelocationMode: 1.
Compressed class space mapped at: 0x00000219bcc00000-0x00000219fcc00000, reserved size: 1073741824
Narrow klass base: 0x00000219bbc00000, Narrow klass shift: 0, Narrow klass range: 0x100000000

GC Precious Log:
 CardTable entry size: 512
 Card Set container configuration: InlinePtr #cards 5 size 8 Array Of Cards #cards 12 size 40 Howl #buckets 4 coarsen threshold 1843 Howl Bitmap #cards 512 size 80 coarsen threshold 460 Card regions per heap region 1 cards per card region 2048
 CPUs: 8 total, 8 available
 Memory: 8064M
 Large Page Support: Disabled
 NUMA Support: Disabled
 Compressed Oops: Enabled (32-bit)
 Heap Region Size: 1M
 Heap Min Capacity: 8M
 Heap Initial Capacity: 128M
 Heap Max Capacity: 2018M
 Pre-touch: Disabled
 Parallel Workers: 8
 Concurrent Workers: 2
 Concurrent Refinement Workers: 8
 Periodic GC: Disabled

Heap:
 garbage-first heap   total 62464K, used 37638K [0x0000000081e00000, 0x0000000100000000)
  region size 1024K, 22 young (22528K), 5 survivors (5120K)
 Metaspace       used 53022K, committed 53568K, reserved 1114112K
  class space    used 6936K, committed 7168K, reserved 1048576K

Heap Regions: E=young(eden), S=young(survivor), O=old, HS=humongous(starts), HC=humongous(continues), CS=collection set, F=free, OA=open archive, CA=closed archive, TAMS=top-at-mark-start, PB=parsable bottom
|   0|0x0000000081e00000, 0x0000000081f00000, 0x0000000081f00000|100%|HS|  |TAMS 0x0000000081e00000| PB 0x0000000081e00000| Complete 
|   1|0x0000000081f00000, 0x0000000082000000, 0x0000000082000000|100%| O|  |TAMS 0x0000000081f00000| PB 0x0000000081f00000| Untracked 
|   2|0x0000000082000000, 0x0000000082100000, 0x0000000082100000|100%| O|  |TAMS 0x0000000082000000| PB 0x0000000082000000| Untracked 
|   3|0x0000000082100000, 0x0000000082200000, 0x0000000082200000|100%| O|  |TAMS 0x0000000082100000| PB 0x0000000082100000| Untracked 
|   4|0x0000000082200000, 0x0000000082300000, 0x0000000082300000|100%| O|  |TAMS 0x0000000082200000| PB 0x0000000082200000| Untracked 
|   5|0x0000000082300000, 0x0000000082400000, 0x0000000082400000|100%| O|  |TAMS 0x0000000082300000| PB 0x0000000082300000| Untracked 
|   6|0x0000000082400000, 0x0000000082400000, 0x0000000082500000|  0%| F|  |TAMS 0x0000000082400000| PB 0x0000000082400000| Untracked 
|   7|0x0000000082500000, 0x0000000082600000, 0x0000000082600000|100%| O|  |TAMS 0x0000000082500000| PB 0x0000000082500000| Untracked 
|   8|0x0000000082600000, 0x0000000082700000, 0x0000000082700000|100%| O|  |TAMS 0x0000000082600000| PB 0x0000000082600000| Untracked 
|   9|0x0000000082700000, 0x0000000082800000, 0x0000000082800000|100%| O|  |TAMS 0x0000000082700000| PB 0x0000000082700000| Untracked 
|  10|0x0000000082800000, 0x0000000082900000, 0x0000000082900000|100%| O|  |TAMS 0x0000000082800000| PB 0x0000000082800000| Untracked 
|  11|0x0000000082900000, 0x0000000082a00000, 0x0000000082a00000|100%| O|  |TAMS 0x0000000082900000| PB 0x0000000082900000| Untracked 
|  12|0x0000000082a00000, 0x0000000082b00000, 0x0000000082b00000|100%| O|  |TAMS 0x0000000082a00000| PB 0x0000000082a00000| Untracked 
|  13|0x0000000082b00000, 0x0000000082c00000, 0x0000000082c00000|100%| O|  |TAMS 0x0000000082b00000| PB 0x0000000082b00000| Complete 
|  14|0x0000000082c00000, 0x0000000082c67800, 0x0000000082d00000| 40%| O|  |TAMS 0x0000000082c00000| PB 0x0000000082c00000| Untracked 
|  15|0x0000000082d00000, 0x0000000082d00000, 0x0000000082e00000|  0%| F|  |TAMS 0x0000000082d00000| PB 0x0000000082d00000| Untracked 
|  16|0x0000000082e00000, 0x0000000082e00000, 0x0000000082f00000|  0%| F|  |TAMS 0x0000000082e00000| PB 0x0000000082e00000| Untracked 
|  17|0x0000000082f00000, 0x0000000082f00000, 0x0000000083000000|  0%| F|  |TAMS 0x0000000082f00000| PB 0x0000000082f00000| Untracked 
|  18|0x0000000083000000, 0x0000000083000000, 0x0000000083100000|  0%| F|  |TAMS 0x0000000083000000| PB 0x0000000083000000| Untracked 
|  19|0x0000000083100000, 0x0000000083100000, 0x0000000083200000|  0%| F|  |TAMS 0x0000000083100000| PB 0x0000000083100000| Untracked 
|  20|0x0000000083200000, 0x000000008325a3f0, 0x0000000083300000| 35%| S|CS|TAMS 0x0000000083200000| PB 0x0000000083200000| Complete 
|  21|0x0000000083300000, 0x0000000083400000, 0x0000000083400000|100%| S|CS|TAMS 0x0000000083300000| PB 0x0000000083300000| Complete 
|  22|0x0000000083400000, 0x0000000083500000, 0x0000000083500000|100%| S|CS|TAMS 0x0000000083400000| PB 0x0000000083400000| Complete 
|  23|0x0000000083500000, 0x0000000083600000, 0x0000000083600000|100%| S|CS|TAMS 0x0000000083500000| PB 0x0000000083500000| Complete 
|  24|0x0000000083600000, 0x0000000083700000, 0x0000000083700000|100%| S|CS|TAMS 0x0000000083600000| PB 0x0000000083600000| Complete 
|  25|0x0000000083700000, 0x0000000083700000, 0x0000000083800000|  0%| F|  |TAMS 0x0000000083700000| PB 0x0000000083700000| Untracked 
|  26|0x0000000083800000, 0x0000000083800000, 0x0000000083900000|  0%| F|  |TAMS 0x0000000083800000| PB 0x0000000083800000| Untracked 
|  27|0x0000000083900000, 0x0000000083900000, 0x0000000083a00000|  0%| F|  |TAMS 0x0000000083900000| PB 0x0000000083900000| Untracked 
|  28|0x0000000083a00000, 0x0000000083a00000, 0x0000000083b00000|  0%| F|  |TAMS 0x0000000083a00000| PB 0x0000000083a00000| Untracked 
|  29|0x0000000083b00000, 0x0000000083b00000, 0x0000000083c00000|  0%| F|  |TAMS 0x0000000083b00000| PB 0x0000000083b00000| Untracked 
|  30|0x0000000083c00000, 0x0000000083c00000, 0x0000000083d00000|  0%| F|  |TAMS 0x0000000083c00000| PB 0x0000000083c00000| Untracked 
|  31|0x0000000083d00000, 0x0000000083d00000, 0x0000000083e00000|  0%| F|  |TAMS 0x0000000083d00000| PB 0x0000000083d00000| Untracked 
|  32|0x0000000083e00000, 0x0000000083e00000, 0x0000000083f00000|  0%| F|  |TAMS 0x0000000083e00000| PB 0x0000000083e00000| Untracked 
|  33|0x0000000083f00000, 0x0000000083f00000, 0x0000000084000000|  0%| F|  |TAMS 0x0000000083f00000| PB 0x0000000083f00000| Untracked 
|  34|0x0000000084000000, 0x0000000084000000, 0x0000000084100000|  0%| F|  |TAMS 0x0000000084000000| PB 0x0000000084000000| Untracked 
|  35|0x0000000084100000, 0x0000000084100000, 0x0000000084200000|  0%| F|  |TAMS 0x0000000084100000| PB 0x0000000084100000| Untracked 
|  36|0x0000000084200000, 0x0000000084200000, 0x0000000084300000|  0%| F|  |TAMS 0x0000000084200000| PB 0x0000000084200000| Untracked 
|  37|0x0000000084300000, 0x0000000084300000, 0x0000000084400000|  0%| F|  |TAMS 0x0000000084300000| PB 0x0000000084300000| Untracked 
|  38|0x0000000084400000, 0x0000000084400000, 0x0000000084500000|  0%| F|  |TAMS 0x0000000084400000| PB 0x0000000084400000| Untracked 
|  39|0x0000000084500000, 0x0000000084500000, 0x0000000084600000|  0%| F|  |TAMS 0x0000000084500000| PB 0x0000000084500000| Untracked 
|  40|0x0000000084600000, 0x0000000084600000, 0x0000000084700000|  0%| F|  |TAMS 0x0000000084600000| PB 0x0000000084600000| Untracked 
|  41|0x0000000084700000, 0x0000000084780800, 0x0000000084800000| 50%| E|  |TAMS 0x0000000084700000| PB 0x0000000084700000| Complete 
|  42|0x0000000084800000, 0x0000000084900000, 0x0000000084900000|100%| E|CS|TAMS 0x0000000084800000| PB 0x0000000084800000| Complete 
|  43|0x0000000084900000, 0x0000000084a00000, 0x0000000084a00000|100%| E|CS|TAMS 0x0000000084900000| PB 0x0000000084900000| Complete 
|  44|0x0000000084a00000, 0x0000000084b00000, 0x0000000084b00000|100%| E|CS|TAMS 0x0000000084a00000| PB 0x0000000084a00000| Complete 
|  45|0x0000000084b00000, 0x0000000084c00000, 0x0000000084c00000|100%| E|CS|TAMS 0x0000000084b00000| PB 0x0000000084b00000| Complete 
|  46|0x0000000084c00000, 0x0000000084d00000, 0x0000000084d00000|100%| E|CS|TAMS 0x0000000084c00000| PB 0x0000000084c00000| Complete 
|  47|0x0000000084d00000, 0x0000000084e00000, 0x0000000084e00000|100%| E|CS|TAMS 0x0000000084d00000| PB 0x0000000084d00000| Complete 
|  48|0x0000000084e00000, 0x0000000084f00000, 0x0000000084f00000|100%| E|CS|TAMS 0x0000000084e00000| PB 0x0000000084e00000| Complete 
|  49|0x0000000084f00000, 0x0000000085000000, 0x0000000085000000|100%| E|CS|TAMS 0x0000000084f00000| PB 0x0000000084f00000| Complete 
|  77|0x0000000086b00000, 0x0000000086c00000, 0x0000000086c00000|100%| E|CS|TAMS 0x0000000086b00000| PB 0x0000000086b00000| Complete 
|  78|0x0000000086c00000, 0x0000000086d00000, 0x0000000086d00000|100%| E|CS|TAMS 0x0000000086c00000| PB 0x0000000086c00000| Complete 
|  79|0x0000000086d00000, 0x0000000086e00000, 0x0000000086e00000|100%| E|CS|TAMS 0x0000000086d00000| PB 0x0000000086d00000| Complete 
|  80|0x0000000086e00000, 0x0000000086f00000, 0x0000000086f00000|100%| E|CS|TAMS 0x0000000086e00000| PB 0x0000000086e00000| Complete 
|  81|0x0000000086f00000, 0x0000000087000000, 0x0000000087000000|100%| E|CS|TAMS 0x0000000086f00000| PB 0x0000000086f00000| Complete 
|  82|0x0000000087000000, 0x0000000087100000, 0x0000000087100000|100%| E|CS|TAMS 0x0000000087000000| PB 0x0000000087000000| Complete 
|  83|0x0000000087100000, 0x0000000087200000, 0x0000000087200000|100%| E|CS|TAMS 0x0000000087100000| PB 0x0000000087100000| Complete 
| 127|0x0000000089d00000, 0x0000000089e00000, 0x0000000089e00000|100%| E|CS|TAMS 0x0000000089d00000| PB 0x0000000089d00000| Complete 
|2015|0x00000000ffd00000, 0x00000000ffe00000, 0x00000000ffe00000|100%| O|  |TAMS 0x00000000ffd00000| PB 0x00000000ffd00000| Untracked 
|2016|0x00000000ffe00000, 0x00000000fff00000, 0x00000000fff00000|100%| O|  |TAMS 0x00000000ffe00000| PB 0x00000000ffe00000| Untracked 
|2017|0x00000000fff00000, 0x0000000100000000, 0x0000000100000000|100%| O|  |TAMS 0x00000000fff00000| PB 0x00000000fff00000| Untracked 

Card table byte_map: [0x00000219b6890000,0x00000219b6c90000] _byte_map_base: 0x00000219b6481000

Marking Bits: (CMBitMap*) 0x000002199f0ee450
 Bits: [0x00000219b7090000, 0x00000219b9018000)

Polling page: 0x000002199e850000

Metaspace:

Usage:
  Non-class:     45.01 MB used.
      Class:      6.77 MB used.
       Both:     51.78 MB used.

Virtual space:
  Non-class space:       64.00 MB reserved,      45.31 MB ( 71%) committed,  1 nodes.
      Class space:        1.00 GB reserved,       7.00 MB ( <1%) committed,  1 nodes.
             Both:        1.06 GB reserved,      52.31 MB (  5%) committed. 

Chunk freelists:
   Non-Class:  2.73 MB
       Class:  1.03 MB
        Both:  3.77 MB

MaxMetaspaceSize: unlimited
CompressedClassSpaceSize: 1.00 GB
Initial GC threshold: 21.00 MB
Current GC threshold: 59.69 MB
CDS: on
MetaspaceReclaimPolicy: balanced
 - commit_granule_bytes: 65536.
 - commit_granule_words: 8192.
 - virtual_space_node_default_size: 8388608.
 - enlarge_chunks_in_place: 1.
 - new_chunks_are_fully_committed: 0.
 - uncommit_free_chunks: 1.
 - use_allocation_guard: 0.


Internal statistics:

num_allocs_failed_limit: 12.
num_arena_births: 706.
num_arena_deaths: 0.
num_vsnodes_births: 2.
num_vsnodes_deaths: 0.
num_space_committed: 837.
num_space_uncommitted: 0.
num_chunks_returned_to_freelist: 12.
num_chunks_taken_from_freelist: 2485.
num_chunk_merges: 12.
num_chunk_splits: 1781.
num_chunks_enlarged: 1352.
num_inconsistent_stats: 0.

CodeHeap 'non-profiled nmethods': size=120000Kb used=2811Kb max_used=2811Kb free=117188Kb
 bounds [0x00000219aec30000, 0x00000219aeef0000, 0x00000219b6160000]
CodeHeap 'profiled nmethods': size=120000Kb used=8719Kb max_used=8719Kb free=111280Kb
 bounds [0x00000219a7160000, 0x00000219a79f0000, 0x00000219ae690000]
CodeHeap 'non-nmethods': size=5760Kb used=1678Kb max_used=1708Kb free=4081Kb
 bounds [0x00000219ae690000, 0x00000219ae900000, 0x00000219aec30000]
 total_blobs=5089 nmethods=4428 adapters=569
 compilation: enabled
              stopped_count=0, restarted_count=0
 full_count=0

Compilation events (20 events):
Event: 7.600 Thread 0x00000219bba698e0 4854       3       net.bytebuddy.description.type.TypeDescription$Generic$OfNonGenericType$ForLoadedType::represents (22 bytes)
Event: 7.600 Thread 0x00000219bba698e0 nmethod 4854 0x00000219a79de710 code [0x00000219a79de8c0, 0x00000219a79dec30]
Event: 7.600 Thread 0x00000219bba698e0 4853       3       net.bytebuddy.description.ModifierReviewable$AbstractBase::isStatic (7 bytes)
Event: 7.600 Thread 0x00000219bba698e0 nmethod 4853 0x00000219a79ded90 code [0x00000219a79def20, 0x00000219a79df1a0]
Event: 7.601 Thread 0x00000219bba698e0 4855       1       net.bytebuddy.implementation.bytecode.StackManipulation$AbstractBase::isValid (2 bytes)
Event: 7.601 Thread 0x00000219bba698e0 nmethod 4855 0x00000219aeeed490 code [0x00000219aeeed600, 0x00000219aeeed6c8]
Event: 7.601 Thread 0x00000219bba698e0 4856       3       net.bytebuddy.description.ModifierReviewable$AbstractBase::isPublic (6 bytes)
Event: 7.601 Thread 0x00000219bba698e0 nmethod 4856 0x00000219a79df290 code [0x00000219a79df420, 0x00000219a79df6a0]
Event: 7.601 Thread 0x00000219bba698e0 4859       3       net.bytebuddy.description.type.TypeDescription$Generic$Visitor$ForRawType::onNonGenericType (6 bytes)
Event: 7.601 Thread 0x00000219bba698e0 nmethod 4859 0x00000219a79df790 code [0x00000219a79df920, 0x00000219a79dfa98]
Event: 7.601 Thread 0x00000219bba698e0 4860       3       net.bytebuddy.description.type.TypeDescription$Generic$Visitor$ForRawType::onNonGenericType (2 bytes)
Event: 7.601 Thread 0x00000219bba698e0 nmethod 4860 0x00000219a79dfb90 code [0x00000219a79dfd20, 0x00000219a79dfe30]
Event: 7.601 Thread 0x00000219bba698e0 4858       3       net.bytebuddy.description.method.ParameterDescription$ForLoadedParameter$OfMethod::getType (54 bytes)
Event: 7.602 Thread 0x00000219bba698e0 nmethod 4858 0x00000219a79dff10 code [0x00000219a79e0120, 0x00000219a79e0a58]
Event: 7.602 Thread 0x00000219bba698e0 4861       3       java.lang.Class::getComponentType (14 bytes)
Event: 7.602 Thread 0x00000219bba698e0 nmethod 4861 0x00000219a79e0d10 code [0x00000219a79e0ea0, 0x00000219a79e1058]
Event: 7.602 Thread 0x00000219bba698e0 4857       1       net.bytebuddy.description.field.FieldDescription$Latent::getDeclaringType (5 bytes)
Event: 7.602 Thread 0x00000219bba698e0 nmethod 4857 0x00000219aeeed790 code [0x00000219aeeed900, 0x00000219aeeed9c8]
Event: 7.604 Thread 0x00000219bba698e0 4862       3       net.bytebuddy.description.method.MethodDescription$AbstractBase::<init> (5 bytes)
Event: 7.604 Thread 0x00000219bba698e0 nmethod 4862 0x00000219a79e1110 code [0x00000219a79e12a0, 0x00000219a79e14c8]

GC Heap History (14 events):
Event: 0.791 GC heap before
{Heap before GC invocations=0 (full 0):
 garbage-first heap   total 131072K, used 23552K [0x0000000081e00000, 0x0000000100000000)
  region size 1024K, 23 young (23552K), 0 survivors (0K)
 Metaspace       used 6552K, committed 6784K, reserved 1114112K
  class space    used 779K, committed 832K, reserved 1048576K
}
Event: 0.798 GC heap after
{Heap after GC invocations=1 (full 0):
 garbage-first heap   total 131072K, used 6779K [0x0000000081e00000, 0x0000000100000000)
  region size 1024K, 3 young (3072K), 3 survivors (3072K)
 Metaspace       used 6552K, committed 6784K, reserved 1114112K
  class space    used 779K, committed 832K, reserved 1048576K
}
Event: 1.331 GC heap before
{Heap before GC invocations=1 (full 0):
 garbage-first heap   total 131072K, used 35451K [0x0000000081e00000, 0x0000000100000000)
  region size 1024K, 32 young (32768K), 3 survivors (3072K)
 Metaspace       used 14602K, committed 14848K, reserved 1114112K
  class space    used 1766K, committed 1856K, reserved 1048576K
}
Event: 1.337 GC heap after
{Heap after GC invocations=2 (full 0):
 garbage-first heap   total 131072K, used 9536K [0x0000000081e00000, 0x0000000100000000)
  region size 1024K, 3 young (3072K), 3 survivors (3072K)
 Metaspace       used 14602K, committed 14848K, reserved 1114112K
  class space    used 1766K, committed 1856K, reserved 1048576K
}
Event: 2.643 GC heap before
{Heap before GC invocations=2 (full 0):
 garbage-first heap   total 131072K, used 50496K [0x0000000081e00000, 0x0000000100000000)
  region size 1024K, 44 young (45056K), 3 survivors (3072K)
 Metaspace       used 21172K, committed 21504K, reserved 1114112K
  class space    used 2569K, committed 2752K, reserved 1048576K
}
Event: 2.652 GC heap after
{Heap after GC invocations=3 (full 0):
 garbage-first heap   total 131072K, used 13452K [0x0000000081e00000, 0x0000000100000000)
  region size 1024K, 7 young (7168K), 7 survivors (7168K)
 Metaspace       used 21172K, committed 21504K, reserved 1114112K
  class space    used 2569K, committed 2752K, reserved 1048576K
}
Event: 4.543 GC heap before
{Heap before GC invocations=4 (full 0):
 garbage-first heap   total 51200K, used 50316K [0x0000000081e00000, 0x0000000100000000)
  region size 1024K, 43 young (44032K), 7 survivors (7168K)
 Metaspace       used 28702K, committed 29248K, reserved 1114112K
  class space    used 3609K, committed 3840K, reserved 1048576K
}
Event: 4.555 GC heap after
{Heap after GC invocations=5 (full 0):
 garbage-first heap   total 62464K, used 17465K [0x0000000081e00000, 0x0000000100000000)
  region size 1024K, 8 young (8192K), 8 survivors (8192K)
 Metaspace       used 28702K, committed 29248K, reserved 1114112K
  class space    used 3609K, committed 3840K, reserved 1048576K
}
Event: 5.465 GC heap before
{Heap before GC invocations=5 (full 0):
 garbage-first heap   total 62464K, used 39993K [0x0000000081e00000, 0x0000000100000000)
  region size 1024K, 31 young (31744K), 8 survivors (8192K)
 Metaspace       used 35456K, committed 35968K, reserved 1114112K
  class space    used 4546K, committed 4800K, reserved 1048576K
}
Event: 5.473 GC heap after
{Heap after GC invocations=6 (full 0):
 garbage-first heap   total 62464K, used 18846K [0x0000000081e00000, 0x0000000100000000)
  region size 1024K, 2 young (2048K), 2 survivors (2048K)
 Metaspace       used 35456K, committed 35968K, reserved 1114112K
  class space    used 4546K, committed 4800K, reserved 1048576K
}
Event: 5.498 GC heap before
{Heap before GC invocations=6 (full 0):
 garbage-first heap   total 62464K, used 19870K [0x0000000081e00000, 0x0000000100000000)
  region size 1024K, 4 young (4096K), 2 survivors (2048K)
 Metaspace       used 35757K, committed 36288K, reserved 1114112K
  class space    used 4575K, committed 4864K, reserved 1048576K
}
Event: 5.501 GC heap after
{Heap after GC invocations=7 (full 0):
 garbage-first heap   total 62464K, used 18624K [0x0000000081e00000, 0x0000000100000000)
  region size 1024K, 2 young (2048K), 2 survivors (2048K)
 Metaspace       used 35757K, committed 36288K, reserved 1114112K
  class space    used 4575K, committed 4864K, reserved 1048576K
}
Event: 6.941 GC heap before
{Heap before GC invocations=8 (full 0):
 garbage-first heap   total 62464K, used 50368K [0x0000000081e00000, 0x0000000100000000)
  region size 1024K, 33 young (33792K), 2 survivors (2048K)
 Metaspace       used 47490K, committed 48000K, reserved 1114112K
  class space    used 6003K, committed 6208K, reserved 1048576K
}
Event: 6.945 GC heap after
{Heap after GC invocations=9 (full 0):
 garbage-first heap   total 62464K, used 21254K [0x0000000081e00000, 0x0000000100000000)
  region size 1024K, 5 young (5120K), 5 survivors (5120K)
 Metaspace       used 47490K, committed 48000K, reserved 1114112K
  class space    used 6003K, committed 6208K, reserved 1048576K
}

Dll operation events (11 events):
Event: 0.008 Loaded shared library C:\Program Files\Java\jdk-20\bin\java.dll
Event: 0.033 Loaded shared library C:\Program Files\Java\jdk-20\bin\jsvml.dll
Event: 0.103 Loaded shared library C:\Program Files\Java\jdk-20\bin\net.dll
Event: 0.104 Loaded shared library C:\Program Files\Java\jdk-20\bin\nio.dll
Event: 0.107 Loaded shared library C:\Program Files\Java\jdk-20\bin\zip.dll
Event: 0.230 Loaded shared library C:\Program Files\Java\jdk-20\bin\jimage.dll
Event: 1.445 Loaded shared library C:\Program Files\Java\jdk-20\bin\sunmscapi.dll
Event: 4.047 Loaded shared library C:\Program Files\Java\jdk-20\bin\management.dll
Event: 4.051 Loaded shared library C:\Program Files\Java\jdk-20\bin\management_ext.dll
Event: 5.110 Loaded shared library C:\Program Files\Java\jdk-20\bin\verify.dll
Event: 5.542 Loaded shared library C:\Program Files\Java\jdk-20\bin\extnet.dll

Deoptimization events (20 events):
Event: 6.503 Thread 0x00000219848f60e0 DEOPT PACKING pc=0x00000219aeea800c sp=0x0000003e93ffe4a0
Event: 6.503 Thread 0x00000219848f60e0 DEOPT UNPACKING pc=0x00000219ae6f9d22 sp=0x0000003e93ffe428 mode 2
Event: 6.503 Thread 0x00000219848f60e0 Uncommon trap: trap_request=0xffffffbe fr.pc=0x00000219aeea800c relative=0x000000000000036c
Event: 6.503 Thread 0x00000219848f60e0 Uncommon trap: reason=profile_predicate action=maybe_recompile pc=0x00000219aeea800c method=java.util.Arrays$ArrayList.indexOf(Ljava/lang/Object;)I @ 39 c2
Event: 6.503 Thread 0x00000219848f60e0 DEOPT PACKING pc=0x00000219aeea800c sp=0x0000003e93ffe470
Event: 6.503 Thread 0x00000219848f60e0 DEOPT UNPACKING pc=0x00000219ae6f9d22 sp=0x0000003e93ffe3f8 mode 2
Event: 6.516 Thread 0x00000219848f60e0 DEOPT PACKING pc=0x00000219a72250ca sp=0x0000003e93ffe2a0
Event: 6.516 Thread 0x00000219848f60e0 DEOPT UNPACKING pc=0x00000219ae6fa4c2 sp=0x0000003e93ffd728 mode 0
Event: 6.760 Thread 0x000002199f0935c0 Uncommon trap: trap_request=0xfffffff4 fr.pc=0x00000219aec540d8 relative=0x00000000000002d8
Event: 6.760 Thread 0x000002199f0935c0 Uncommon trap: reason=null_check action=make_not_entrant pc=0x00000219aec540d8 method=sun.invoke.util.VerifyType.isNullConversion(Ljava/lang/Class;Ljava/lang/Class;Z)Z @ 67 c2
Event: 6.760 Thread 0x000002199f0935c0 DEOPT PACKING pc=0x00000219aec540d8 sp=0x0000003e91dfdba0
Event: 6.760 Thread 0x000002199f0935c0 DEOPT UNPACKING pc=0x00000219ae6f9d22 sp=0x0000003e91dfdb20 mode 2
Event: 7.557 Thread 0x000002199f0935c0 Uncommon trap: trap_request=0xffffff45 fr.pc=0x00000219aed84570 relative=0x0000000000000070
Event: 7.557 Thread 0x000002199f0935c0 Uncommon trap: reason=unstable_if action=reinterpret pc=0x00000219aed84570 method=java.lang.Class.getComponentType()Ljava/lang/Class; @ 4 c2
Event: 7.557 Thread 0x000002199f0935c0 DEOPT PACKING pc=0x00000219aed84570 sp=0x0000003e91dfd090
Event: 7.557 Thread 0x000002199f0935c0 DEOPT UNPACKING pc=0x00000219ae6f9d22 sp=0x0000003e91dfd020 mode 2
Event: 7.565 Thread 0x000002199f0935c0 Uncommon trap: trap_request=0xffffff45 fr.pc=0x00000219aedb24fc relative=0x00000000000006bc
Event: 7.565 Thread 0x000002199f0935c0 Uncommon trap: reason=unstable_if action=reinterpret pc=0x00000219aedb24fc method=java.util.HashMap$HashIterator.<init>(Ljava/util/HashMap;)V @ 45 c2
Event: 7.565 Thread 0x000002199f0935c0 DEOPT PACKING pc=0x00000219aedb24fc sp=0x0000003e91dfd190
Event: 7.565 Thread 0x000002199f0935c0 DEOPT UNPACKING pc=0x00000219ae6f9d22 sp=0x0000003e91dfd020 mode 2

Classes loaded (20 events):
Event: 6.805 Loading class javax/naming/StringRefAddr
Event: 6.805 Loading class javax/naming/StringRefAddr done
Event: 6.835 Loading class java/util/concurrent/CompletionStage
Event: 6.835 Loading class java/util/concurrent/CompletionStage done
Event: 6.835 Loading class java/util/concurrent/CompletableFuture
Event: 6.836 Loading class java/util/concurrent/CompletableFuture done
Event: 6.836 Loading class java/util/concurrent/CompletableFuture$AltResult
Event: 6.837 Loading class java/util/concurrent/CompletableFuture$AltResult done
Event: 6.837 Loading class java/util/concurrent/CompletableFuture$Completion
Event: 6.837 Loading class java/util/concurrent/CompletableFuture$AsynchronousCompletionTask
Event: 6.838 Loading class java/util/concurrent/CompletableFuture$AsynchronousCompletionTask done
Event: 6.838 Loading class java/util/concurrent/CompletableFuture$Completion done
Event: 6.910 Loading class java/util/concurrent/CancellationException
Event: 6.910 Loading class java/util/concurrent/CancellationException done
Event: 7.394 Loading class java/util/ArrayList$ListItr
Event: 7.395 Loading class java/util/ArrayList$ListItr done
Event: 7.449 Loading class java/util/AbstractList$SubList
Event: 7.449 Loading class java/util/AbstractList$SubList done
Event: 7.577 Loading class java/lang/reflect/AnnotatedArrayType
Event: 7.577 Loading class java/lang/reflect/AnnotatedArrayType done

Classes unloaded (0 events):
No events

Classes redefined (0 events):
No events

Internal exceptions (20 events):
Event: 3.463 Thread 0x000002199f0935c0 Exception <a 'java/lang/NoSuchMethodError'{0x0000000083943ae8}: 'java.lang.Object java.lang.invoke.DirectMethodHandle$Holder.invokeSpecial(java.lang.Object, java.lang.Object, java.lang.Object, java.lang.Object, int)'> (0x0000000083943ae8) 
thrown [s\open\src\hotspot\share\interpreter\linkResolver.cpp, line 773]
Event: 3.463 Thread 0x000002199f0935c0 Exception <a 'java/lang/NoSuchMethodError'{0x0000000083946f70}: 'java.lang.Object java.lang.invoke.Invokers$Holder.linkToTargetMethod(java.lang.Object, java.lang.Object, int, java.lang.Object)'> (0x0000000083946f70) 
thrown [s\open\src\hotspot\share\interpreter\linkResolver.cpp, line 773]
Event: 3.612 Thread 0x000002199f0935c0 Exception <a 'java/lang/NoSuchMethodError'{0x000000008350aff0}: 'java.lang.Object java.lang.invoke.DirectMethodHandle$Holder.invokeStaticInit(java.lang.Object, int, int, int, int)'> (0x000000008350aff0) 
thrown [s\open\src\hotspot\share\interpreter\linkResolver.cpp, line 773]
Event: 3.720 Thread 0x000002199f0935c0 Exception <a 'java/lang/NoSuchMethodError'{0x00000000835465a0}: 'java.lang.Object java.lang.invoke.DirectMethodHandle$Holder.invokeStaticInit(java.lang.Object, java.lang.Object, int, int, int, int)'> (0x00000000835465a0) 
thrown [s\open\src\hotspot\share\interpreter\linkResolver.cpp, line 773]
Event: 3.920 Thread 0x000002199f0935c0 Exception <a 'java/lang/NoSuchMethodError'{0x00000000832d8ed8}: 'int java.lang.invoke.DirectMethodHandle$Holder.invokeVirtual(java.lang.Object, java.lang.Object, java.lang.Object, java.lang.Object)'> (0x00000000832d8ed8) 
thrown [s\open\src\hotspot\share\interpreter\linkResolver.cpp, line 773]
Event: 3.920 Thread 0x000002199f0935c0 Exception <a 'java/lang/NoSuchMethodError'{0x00000000832dc940}: 'int java.lang.invoke.DelegatingMethodHandle$Holder.reinvoke_L(java.lang.Object, java.lang.Object, java.lang.Object, java.lang.Object)'> (0x00000000832dc940) 
thrown [s\open\src\hotspot\share\interpreter\linkResolver.cpp, line 773]
Event: 4.071 Thread 0x000002199f0935c0 Exception <a 'java/io/FileNotFoundException'{0x00000000830f0510}> (0x00000000830f0510) 
thrown [s\open\src\hotspot\share\prims\jni.cpp, line 519]
Event: 4.135 Thread 0x000002199f0935c0 Exception <a 'java/lang/NoSuchMethodError'{0x0000000082e751c0}: 'int java.lang.invoke.DirectMethodHandle$Holder.invokeInterface(java.lang.Object, java.lang.Object, java.lang.Object, java.lang.Object)'> (0x0000000082e751c0) 
thrown [s\open\src\hotspot\share\interpreter\linkResolver.cpp, line 773]
Event: 4.272 Thread 0x000002199f0935c0 Exception <a 'java/lang/NoSuchMethodError'{0x0000000082c49620}: 'long java.lang.invoke.DirectMethodHandle$Holder.invokeVirtual(java.lang.Object, java.lang.Object)'> (0x0000000082c49620) 
thrown [s\open\src\hotspot\share\interpreter\linkResolver.cpp, line 773]
Event: 4.430 Thread 0x000002199f0935c0 Exception <a 'java/lang/NoSuchMethodError'{0x00000000827dd4c0}: 'java.lang.Object java.lang.invoke.DirectMethodHandle$Holder.newInvokeSpecial(java.lang.Object, java.lang.Object, java.lang.Object, java.lang.Object, java.lang.Object, java.lang.Object, java.lang.Object, java.lang.Object, java.lang.Object, java.lang.Object, java.lang.Object)'> (0x00000000827dd4c0) 
thrown [s\open\src\hotspot\share\interpreter\linkResolver.cpp, line 773]
Event: 4.602 Thread 0x000002199f0935c0 Exception <a 'java/lang/NoSuchMethodError'{0x000000008712a9f8}: 'void java.lang.invoke.DelegatingMethodHandle$Holder.reinvoke_L(java.lang.Object, java.lang.Object, java.lang.Object, java.lang.Object, int, java.lang.Object, java.lang.Object, java.lang.Object)'> (0x000000008712a9f8) 
thrown [s\open\src\hotspot\share\interpreter\linkResolver.cpp, line 773]
Event: 5.390 Thread 0x000002199f0935c0 Exception <a 'java/lang/NoSuchMethodError'{0x0000000083ccfe30}: 'int java.lang.invoke.DirectMethodHandle$Holder.invokeStatic(java.lang.Object)'> (0x0000000083ccfe30) 
thrown [s\open\src\hotspot\share\interpreter\linkResolver.cpp, line 773]
Event: 5.686 Thread 0x000002199f0935c0 Exception <a 'sun/nio/fs/WindowsException'{0x0000000086df5180}> (0x0000000086df5180) 
thrown [s\open\src\hotspot\share\prims\jni.cpp, line 519]
Event: 6.303 Thread 0x000002199f0935c0 Exception <a 'java/lang/NoSuchMethodError'{0x0000000084915fd0}: 'java.lang.Object java.lang.invoke.DirectMethodHandle$Holder.invokeStaticInit(java.lang.Object, java.lang.Object, java.lang.Object, java.lang.Object)'> (0x0000000084915fd0) 
thrown [s\open\src\hotspot\share\interpreter\linkResolver.cpp, line 773]
Event: 6.316 Thread 0x000002199f0935c0 Exception <a 'java/lang/NoSuchMethodError'{0x000000008499e3d0}: 'int java.lang.invoke.Invokers$Holder.invokeExact_MT(java.lang.Object, java.lang.Object)'> (0x000000008499e3d0) 
thrown [s\open\src\hotspot\share\interpreter\linkResolver.cpp, line 773]
Event: 6.760 Thread 0x000002199f0935c0 Exception <a 'java/lang/NoSuchMethodError'{0x0000000083ef3688}: 'java.lang.Object java.lang.invoke.DirectMethodHandle$Holder.newInvokeSpecial(java.lang.Object, java.lang.Object, int)'> (0x0000000083ef3688) 
thrown [s\open\src\hotspot\share\interpreter\linkResolver.cpp, line 773]
Event: 6.760 Thread 0x000002199f0935c0 Implicit null exception at 0x00000219aec53ed1 to 0x00000219aec540c4
Event: 6.927 Thread 0x000002199f0935c0 Exception <a 'java/lang/IncompatibleClassChangeError'{0x000000008378e5e8}: Found class java.lang.Object, but interface was expected> (0x000000008378e5e8) 
thrown [s\open\src\hotspot\share\interpreter\linkResolver.cpp, line 840]
Event: 6.957 Thread 0x000002199f0935c0 Exception <a 'java/lang/NoSuchMethodError'{0x0000000089d7ce00}: 'java.lang.Object java.lang.invoke.DirectMethodHandle$Holder.invokeStatic(java.lang.Object, java.lang.Object, int, java.lang.Object)'> (0x0000000089d7ce00) 
thrown [s\open\src\hotspot\share\interpreter\linkResolver.cpp, line 773]
Event: 6.958 Thread 0x000002199f0935c0 Exception <a 'java/lang/NoSuchMethodError'{0x0000000089d805f8}: 'java.lang.Object java.lang.invoke.DirectMethodHandle$Holder.invokeStaticInit(java.lang.Object, java.lang.Object, int, java.lang.Object)'> (0x0000000089d805f8) 
thrown [s\open\src\hotspot\share\interpreter\linkResolver.cpp, line 773]

VM Operations (20 events):
Event: 5.465 Executing VM operation: CollectForMetadataAllocation
Event: 5.473 Executing VM operation: CollectForMetadataAllocation done
Event: 5.498 Executing VM operation: CollectForMetadataAllocation
Event: 5.501 Executing VM operation: CollectForMetadataAllocation done
Event: 5.516 Executing VM operation: CollectForMetadataAllocation
Event: 5.516 Executing VM operation: CollectForMetadataAllocation done
Event: 5.516 Executing VM operation: G1PauseRemark
Event: 5.519 Executing VM operation: G1PauseRemark done
Event: 5.526 Executing VM operation: G1PauseCleanup
Event: 5.527 Executing VM operation: G1PauseCleanup done
Event: 5.612 Executing VM operation: HandshakeAllThreads
Event: 5.612 Executing VM operation: HandshakeAllThreads done
Event: 5.695 Executing VM operation: HandshakeAllThreads
Event: 5.695 Executing VM operation: HandshakeAllThreads done
Event: 6.018 Executing VM operation: HandshakeAllThreads
Event: 6.018 Executing VM operation: HandshakeAllThreads done
Event: 6.561 Executing VM operation: ICBufferFull
Event: 6.561 Executing VM operation: ICBufferFull done
Event: 6.941 Executing VM operation: G1CollectForAllocation
Event: 6.945 Executing VM operation: G1CollectForAllocation done

Events (20 events):
Event: 5.519 Thread 0x00000219bba35300 flushing nmethod 0x00000219aec66b10
Event: 5.519 Thread 0x00000219bba35300 flushing nmethod 0x00000219aec5ee10
Event: 5.519 Thread 0x00000219bba35300 flushing nmethod 0x00000219aec4f310
Event: 5.519 Thread 0x00000219bba35300 flushing nmethod 0x00000219aec4ef10
Event: 5.519 Thread 0x00000219bba35300 flushing nmethod 0x00000219aec4ec10
Event: 5.519 Thread 0x00000219bba35300 flushing nmethod 0x00000219aec4e890
Event: 5.519 Thread 0x00000219bba35300 flushing nmethod 0x00000219aec4e590
Event: 5.519 Thread 0x00000219bba35300 flushing nmethod 0x00000219aec4cc10
Event: 5.519 Thread 0x00000219bba35300 flushing nmethod 0x00000219aec3bb90
Event: 5.519 Thread 0x00000219bba35300 flushing nmethod 0x00000219aec3ab10
Event: 5.519 Thread 0x00000219bba35300 flushing nmethod 0x00000219aec3fb10
Event: 5.519 Thread 0x00000219bba35300 flushing nmethod 0x00000219aec3a810
Event: 5.519 Thread 0x00000219bba35300 flushing nmethod 0x00000219aec45910
Event: 5.519 Thread 0x00000219bba35300 flushing nmethod 0x00000219aec31410
Event: 5.519 Thread 0x00000219bba35300 flushing nmethod 0x00000219aec37410
Event: 6.130 Thread 0x00000219848f6630 Thread added: 0x00000219848f6630
Event: 6.264 Thread 0x00000219848f60e0 Thread added: 0x00000219848f60e0
Event: 6.886 Thread 0x00000219fcd90310 Thread exited: 0x00000219fcd90310
Event: 6.886 Thread 0x00000219fdf13100 Thread exited: 0x00000219fdf13100
Event: 7.478 Thread 0x0000021984297ea0 Thread added: 0x0000021984297ea0


Dynamic libraries:
0x00007ff7f9650000 - 0x00007ff7f9660000 	C:\Program Files\Java\jdk-20\bin\javaw.exe
0x00007ffe21b90000 - 0x00007ffe21d88000 	C:\Windows\SYSTEM32\ntdll.dll
0x00007ffe21a60000 - 0x00007ffe21b1d000 	C:\Windows\System32\KERNEL32.DLL
0x00007ffe1f3a0000 - 0x00007ffe1f696000 	C:\Windows\System32\KERNELBASE.dll
0x00007ffe1f900000 - 0x00007ffe1fa00000 	C:\Windows\System32\ucrtbase.dll
0x00007ffe0fa00000 - 0x00007ffe0fa1b000 	C:\Program Files\Java\jdk-20\bin\VCRUNTIME140.dll
0x00007ffe0fb60000 - 0x00007ffe0fb79000 	C:\Program Files\Java\jdk-20\bin\jli.dll
0x00007ffe203c0000 - 0x00007ffe20470000 	C:\Windows\System32\ADVAPI32.dll
0x00007ffe21140000 - 0x00007ffe211de000 	C:\Windows\System32\msvcrt.dll
0x00007ffe20dc0000 - 0x00007ffe20e60000 	C:\Windows\System32\sechost.dll
0x00007ffe21800000 - 0x00007ffe21925000 	C:\Windows\System32\RPCRT4.dll
0x00007ffe1fa00000 - 0x00007ffe1fa27000 	C:\Windows\System32\bcrypt.dll
0x00007ffe20e60000 - 0x00007ffe20ffe000 	C:\Windows\System32\USER32.dll
0x00007ffdff7b0000 - 0x00007ffdffa4a000 	C:\Windows\WinSxS\amd64_microsoft.windows.common-controls_6595b64144ccf1df_6.0.19041.3636_none_60b6a03d71f818d5\COMCTL32.dll
0x00007ffe1f7a0000 - 0x00007ffe1f7c2000 	C:\Windows\System32\win32u.dll
0x00007ffe21b20000 - 0x00007ffe21b4b000 	C:\Windows\System32\GDI32.dll
0x00007ffe1faa0000 - 0x00007ffe1fbb7000 	C:\Windows\System32\gdi32full.dll
0x00007ffe1f7d0000 - 0x00007ffe1f86d000 	C:\Windows\System32\msvcp_win.dll
0x00007ffe14cf0000 - 0x00007ffe14cfa000 	C:\Windows\SYSTEM32\VERSION.dll
0x00007ffe212f0000 - 0x00007ffe21322000 	C:\Windows\System32\IMM32.DLL
0x00007ffe16000000 - 0x00007ffe1600c000 	C:\Program Files\Java\jdk-20\bin\vcruntime140_1.dll
0x00007ffdf1e90000 - 0x00007ffdf1f1e000 	C:\Program Files\Java\jdk-20\bin\msvcp140.dll
0x00007ffddc5d0000 - 0x00007ffddd268000 	C:\Program Files\Java\jdk-20\bin\server\jvm.dll
0x00007ffe08c50000 - 0x00007ffe08c77000 	C:\Windows\SYSTEM32\WINMM.dll
0x00007ffe17820000 - 0x00007ffe17829000 	C:\Windows\SYSTEM32\WSOCK32.dll
0x00007ffe210d0000 - 0x00007ffe2113b000 	C:\Windows\System32\WS2_32.dll
0x00007ffe1da90000 - 0x00007ffe1daa2000 	C:\Windows\SYSTEM32\kernel.appcore.dll
0x00007ffe16770000 - 0x00007ffe1677a000 	C:\Program Files\Java\jdk-20\bin\jimage.dll
0x00007ffe19df0000 - 0x00007ffe19fd4000 	C:\Windows\SYSTEM32\DBGHELP.DLL
0x00007ffe14a10000 - 0x00007ffe14a44000 	C:\Windows\SYSTEM32\dbgcore.DLL
0x00007ffe1f870000 - 0x00007ffe1f8f2000 	C:\Windows\System32\bcryptPrimitives.dll
0x00007ffe0fa20000 - 0x00007ffe0fa46000 	C:\Program Files\Java\jdk-20\bin\java.dll
0x00007ffdfd120000 - 0x00007ffdfd1f7000 	C:\Program Files\Java\jdk-20\bin\jsvml.dll
0x00007ffe1fbc0000 - 0x00007ffe2032b000 	C:\Windows\System32\SHELL32.dll
0x00007ffe1d290000 - 0x00007ffe1da2e000 	C:\Windows\SYSTEM32\windows.storage.dll
0x00007ffe20a60000 - 0x00007ffe20db3000 	C:\Windows\System32\combase.dll
0x00007ffe1eac0000 - 0x00007ffe1eaee000 	C:\Windows\SYSTEM32\Wldp.dll
0x00007ffe21000000 - 0x00007ffe210cd000 	C:\Windows\System32\OLEAUT32.dll
0x00007ffe20830000 - 0x00007ffe208dd000 	C:\Windows\System32\SHCORE.dll
0x00007ffe208e0000 - 0x00007ffe20935000 	C:\Windows\System32\shlwapi.dll
0x00007ffe1f170000 - 0x00007ffe1f195000 	C:\Windows\SYSTEM32\profapi.dll
0x00007ffe17980000 - 0x00007ffe17993000 	C:\Program Files\Java\jdk-20\bin\net.dll
0x00007ffe14280000 - 0x00007ffe1438a000 	C:\Windows\SYSTEM32\WINHTTP.dll
0x00007ffe1e8a0000 - 0x00007ffe1e90a000 	C:\Windows\system32\mswsock.dll
0x00007ffe16660000 - 0x00007ffe16676000 	C:\Program Files\Java\jdk-20\bin\nio.dll
0x00007ffe13040000 - 0x00007ffe13058000 	C:\Program Files\Java\jdk-20\bin\zip.dll
0x00007ffe16960000 - 0x00007ffe1696e000 	C:\Program Files\Java\jdk-20\bin\sunmscapi.dll
0x00007ffe1f240000 - 0x00007ffe1f39d000 	C:\Windows\System32\CRYPT32.dll
0x00007ffe1eb30000 - 0x00007ffe1eb58000 	C:\Windows\SYSTEM32\ncrypt.dll
0x00007ffe1eaf0000 - 0x00007ffe1eb2b000 	C:\Windows\SYSTEM32\NTASN1.dll
0x00007ffe1eb70000 - 0x00007ffe1eb88000 	C:\Windows\SYSTEM32\CRYPTSP.dll
0x00007ffe1e1f0000 - 0x00007ffe1e224000 	C:\Windows\system32\rsaenh.dll
0x00007ffe1f0e0000 - 0x00007ffe1f10e000 	C:\Windows\SYSTEM32\USERENV.dll
0x00007ffe1ea30000 - 0x00007ffe1ea3c000 	C:\Windows\SYSTEM32\CRYPTBASE.dll
0x00007ffe1e5b0000 - 0x00007ffe1e5eb000 	C:\Windows\SYSTEM32\IPHLPAPI.DLL
0x00007ffe21280000 - 0x00007ffe21288000 	C:\Windows\System32\NSI.dll
0x00007ffe152d0000 - 0x00007ffe152e7000 	C:\Windows\SYSTEM32\dhcpcsvc6.DLL
0x00007ffe152b0000 - 0x00007ffe152cd000 	C:\Windows\SYSTEM32\dhcpcsvc.DLL
0x00007ffe1e5f0000 - 0x00007ffe1e6bb000 	C:\Windows\SYSTEM32\DNSAPI.dll
0x00007ffe19580000 - 0x00007ffe1958a000 	C:\Program Files\Java\jdk-20\bin\management.dll
0x00007ffe0fc50000 - 0x00007ffe0fc5b000 	C:\Program Files\Java\jdk-20\bin\management_ext.dll
0x00007ffe211e0000 - 0x00007ffe211e8000 	C:\Windows\System32\PSAPI.DLL
0x00007ffe19570000 - 0x00007ffe19580000 	C:\Program Files\Java\jdk-20\bin\verify.dll
0x00007ffe13030000 - 0x00007ffe1303a000 	C:\Windows\System32\rasadhlp.dll
0x00007ffe12020000 - 0x00007ffe120a0000 	C:\Windows\System32\fwpuclnt.dll
0x00007ffe13090000 - 0x00007ffe13097000 	C:\Program Files\Java\jdk-20\bin\extnet.dll

dbghelp: loaded successfully - version: 4.0.5 - missing functions: none
symbol engine: initialized successfully - sym options: 0x614 - pdb path: .;C:\Program Files\Java\jdk-20\bin;C:\Windows\SYSTEM32;C:\Windows\WinSxS\amd64_microsoft.windows.common-controls_6595b64144ccf1df_6.0.19041.3636_none_60b6a03d71f818d5;C:\Program Files\Java\jdk-20\bin\server

VM Arguments:
jvm_args: -Dfile.encoding=UTF-8 -Dstdout.encoding=UTF-8 -Dstderr.encoding=UTF-8 -XX:+ShowCodeDetailsInExceptionMessages 
java_command: in.co.vwit.engineering.resourceManagement.ResourceManagementApplication
java_class_path (initial): C:\Users\Aravind\Downloads\resourceManagement\resourceManagement\target\classes;C:\Users\Aravind\.m2\repository\org\springframework\boot\spring-boot-starter-data-jpa\3.2.4\spring-boot-starter-data-jpa-3.2.4.jar;C:\Users\Aravind\.m2\repository\org\springframework\boot\spring-boot-starter-aop\3.2.4\spring-boot-starter-aop-3.2.4.jar;C:\Users\Aravind\.m2\repository\org\springframework\spring-aop\6.1.5\spring-aop-6.1.5.jar;C:\Users\Aravind\.m2\repository\org\aspectj\aspectjweaver\1.9.21\aspectjweaver-1.9.21.jar;C:\Users\Aravind\.m2\repository\org\springframework\boot\spring-boot-starter-jdbc\3.2.4\spring-boot-starter-jdbc-3.2.4.jar;C:\Users\Aravind\.m2\repository\com\zaxxer\HikariCP\5.0.1\HikariCP-5.0.1.jar;C:\Users\Aravind\.m2\repository\org\springframework\spring-jdbc\6.1.5\spring-jdbc-6.1.5.jar;C:\Users\Aravind\.m2\repository\org\hibernate\orm\hibernate-core\6.4.4.Final\hibernate-core-6.4.4.Final.jar;C:\Users\Aravind\.m2\repository\jakarta\persistence\jakarta.persistence-api\3.1.0\jakarta.persistence-api-3.1.0.jar;C:\Users\Aravind\.m2\repository\jakarta\transaction\jakarta.transaction-api\2.0.1\jakarta.transaction-api-2.0.1.jar;C:\Users\Aravind\.m2\repository\org\jboss\logging\jboss-logging\3.5.3.Final\jboss-logging-3.5.3.Final.jar;C:\Users\Aravind\.m2\repository\org\hibernate\common\hibernate-commons-annotations\6.0.6.Final\hibernate-commons-annotations-6.0.6.Final.jar;C:\Users\Aravind\.m2\repository\io\smallrye\jandex\3.1.2\jandex-3.1.2.jar;C:\Users\Aravind\.m2\repository\com\fasterxml\classmate\1.6.0\classmate-1.6.0.jar;C:\Users\Aravind\.m2\repository\net\bytebuddy\byte-buddy\1.14.12\byte-buddy-1.14.12.jar;C:\Users\Aravind\.m2\repository\org\glassfish\jaxb\jaxb-runtime\4.0.5\jaxb-runtime-4.0.5.jar;C:\Users\Aravind\.m2\repository\org\glassfish\jaxb\jaxb-core\4.0.5\jaxb-core-4.0.5.jar;C:\Users\Aravind\.m2\repository\org\eclipse\angus\angus-activation\2.0.2\angus-activation-2.0.2.jar;C:\Users\Aravind\.m2\repository\org\glassfish\jaxb\txw2\4.0.5\txw2-4.0.5.jar;C:\Users\Aravind\.m2\repository\com\sun\istack\istack-commons-runtime\4.1.2\istack-commons-runtime-4.1.2.jar;C:\Users\Aravind\.m2\repository\jakarta\inject\jakarta.inject-api\2.0.1\jakarta.inject-api-2.0.1.jar;C:\Users\Aravind\.m2\repository\org\antlr\antlr4-runtime\4.13.0\antlr4-runtime-4.13.0.jar;C:\Users\Aravind\.m2\repository\org\springframework\data\spring-data-jpa\3.2.4\spring-data-jpa-3.2.4.jar;C:\Users\Aravind\.m2\repository\org\springframework\data\spring-data-commons\3.2.4\spring-data-commons-3.2.4.jar;C:\Users\Aravind\.m2\repository\org\springframework\spring-orm\6.1.5\spring-orm-6.1.5.jar;C:\Users\Aravind\.m2\repository\org\springframework\spring-context\6.1.5\spring-context-6.1.5.jar;C:\Users\Aravind\.m2\repository\org\springframework\spring-tx\6.1.5\spring-tx-6.1.5.jar;C:\Users\Aravind\.m2\repository\org\springframework\spring-beans\6.1.5\spring-beans-6.1.5.jar;C:\Users\Aravind\.m2\repository\jakarta\annotation\jakarta.annotation-api\2.1.1\jakarta.annotation-api-2.1.1.jar;C:\Users\Aravind\.m2\repository\org\slf4j\slf4j-api\2.0.12\slf4j-api-2.0.12.jar;C:\Users\Aravind\.m2\repository\org\springframework\spring-aspects\6.1.5\spring-aspects-6.1.5.jar;C:\Users\Aravind\.m2\repository\org\springframework\boot\spring-boot-starter-web\3.2.4\spring-boot-starter-web-3.2.4.jar;C:\Users\Aravind\.m2\repository\org\springframework\boot\spring-boot-starter\3.2.4\spring-boot-starter-3.2.4.jar;C:\Users\Aravind\.m2\repository\org\springframework\boot\spring-boot\3.2.4\spring-boot-3.2.4.jar;C:\Users\Aravind\.m2\repository\org\springframework\boot\spring-boot-autoconfigure\3.2.4\spring-boot-autoconfigure-3.2.4.jar;C:\Users\Aravind\.m2\repository\org\springframework\boot\spring-boot-starter-logging\3.2.4\spring-boot-starter-logging-3.2.4.jar;C:\Users\Aravind\.m2\repository\ch\qos\logback\logback-classic\1.4.14\logback-classic-1.4.14.jar;C:\Users\Aravind\.m2\repository\ch\qos\logback\logback-core\1.4.14\logback-core-1.4.14.jar;C:\Users\Aravind\.m2\repository\org\apache\logging\log4j\log4j-to-slf4j\2.21.1\log4j-to-slf4j-2.21.1.jar;C:\Users\Aravind\.m2\repository\org\apache\logging\log4j\log4j-api\2.21.1\log4j-api-2.21.1.jar;C:\Users\Aravind\.m2\repository\org\slf4j\jul-to-slf4j\2.0.12\jul-to-slf4j-2.0.12.jar;C:\Users\Aravind\.m2\repository\org\yaml\snakeyaml\2.2\snakeyaml-2.2.jar;C:\Users\Aravind\.m2\repository\org\springframework\boot\spring-boot-starter-json\3.2.4\spring-boot-starter-json-3.2.4.jar;C:\Users\Aravind\.m2\repository\com\fasterxml\jackson\core\jackson-databind\2.15.4\jackson-databind-2.15.4.jar;C:\Users\Aravind\.m2\repository\com\fasterxml\jackson\core\jackson-annotations\2.15.4\jackson-annotations-2.15.4.jar;C:\Users\Aravind\.m2\repository\com\fasterxml\jackson\core\jackson-core\2.15.4\jackson-core-2.15.4.jar;C:\Users\Aravind\.m2\repository\com\fasterxml\jackson\datatype\jackson-datatype-jdk8\2.15.4\jackson-datatype-jdk8-2.15.4.jar;C:\Users\Aravind\.m2\repository\com\fasterxml\jackson\datatype\jackson-datatype-jsr310\2.15.4\jackson-datatype-jsr310-2.15.4.jar;C:\Users\Aravind\.m2\repository\com\fasterxml\jackson\module\jackson-module-parameter-names\2.15.4\jackson-module-parameter-names-2.15.4.jar;C:\Users\Aravind\.m2\repository\org\springframework\boot\spring-boot-starter-tomcat\3.2.4\spring-boot-starter-tomcat-3.2.4.jar;C:\Users\Aravind\.m2\repository\org\apache\tomcat\embed\tomcat-embed-core\10.1.19\tomcat-embed-core-10.1.19.jar;C:\Users\Aravind\.m2\repository\org\apache\tomcat\embed\tomcat-embed-el\10.1.19\tomcat-embed-el-10.1.19.jar;C:\Users\Aravind\.m2\repository\org\apache\tomcat\embed\tomcat-embed-websocket\10.1.19\tomcat-embed-websocket-10.1.19.jar;C:\Users\Aravind\.m2\repository\org\springframework\spring-web\6.1.5\spring-web-6.1.5.jar;C:\Users\Aravind\.m2\repository\io\micrometer\micrometer-observation\1.12.4\micrometer-observation-1.12.4.jar;C:\Users\Aravind\.m2\repository\io\micrometer\micrometer-commons\1.12.4\micrometer-commons-1.12.4.jar;C:\Users\Aravind\.m2\repository\org\springframework\spring-webmvc\6.1.5\spring-webmvc-6.1.5.jar;C:\Users\Aravind\.m2\repository\org\springframework\spring-expression\6.1.5\spring-expression-6.1.5.jar;C:\Users\Aravind\.m2\repository\com\mysql\mysql-connector-j\8.3.0\mysql-connector-j-8.3.0.jar;C:\Users\Aravind\.m2\repository\jakarta\xml\bind\jakarta.xml.bind-api\4.0.2\jakarta.xml.bind-api-4.0.2.jar;C:\Users\Aravind\.m2\repository\jakarta\activation\jakarta.activation-api\2.1.3\jakarta.activation-api-2.1.3.jar;C:\Users\Aravind\.m2\repository\org\springframework\spring-core\6.1.5\spring-core-6.1.5.jar;C:\Users\Aravind\.m2\repository\org\springframework\spring-jcl\6.1.5\spring-jcl-6.1.5.jar;C:\Users\Aravind\.m2\repository\com\h2database\h2\2.2.224\h2-2.2.224.jar
Launcher Type: SUN_STANDARD

[Global flags]
     intx CICompilerCount                          = 4                                         {product} {ergonomic}
     uint ConcGCThreads                            = 2                                         {product} {ergonomic}
     uint G1ConcRefinementThreads                  = 8                                         {product} {ergonomic}
   size_t G1HeapRegionSize                         = 1048576                                   {product} {ergonomic}
    uintx GCDrainStackTargetSize                   = 64                                        {product} {ergonomic}
   size_t InitialHeapSize                          = 134217728                                 {product} {ergonomic}
   size_t MarkStackSize                            = 4194304                                   {product} {ergonomic}
   size_t MaxHeapSize                              = 2116026368                                {product} {ergonomic}
   size_t MaxNewSize                               = 1268776960                                {product} {ergonomic}
   size_t MinHeapDeltaBytes                        = 1048576                                   {product} {ergonomic}
   size_t MinHeapSize                              = 8388608                                   {product} {ergonomic}
    uintx NonNMethodCodeHeapSize                   = 5839372                                {pd product} {ergonomic}
    uintx NonProfiledCodeHeapSize                  = 122909434                              {pd product} {ergonomic}
    uintx ProfiledCodeHeapSize                     = 122909434                              {pd product} {ergonomic}
    uintx ReservedCodeCacheSize                    = 251658240                              {pd product} {ergonomic}
     bool SegmentedCodeCache                       = true                                      {product} {ergonomic}
     bool ShowCodeDetailsInExceptionMessages       = true                                   {manageable} {command line}
   size_t SoftMaxHeapSize                          = 2116026368                             {manageable} {ergonomic}
     bool UseCompressedClassPointers               = true                           {product lp64_product} {ergonomic}
     bool UseCompressedOops                        = true                           {product lp64_product} {ergonomic}
     bool UseG1GC                                  = true                                      {product} {ergonomic}
     bool UseLargePagesIndividualAllocation        = false                                  {pd product} {ergonomic}

Logging:
Log output configuration:
 #0: stdout all=warning uptime,level,tags foldmultilines=false
 #1: stderr all=off uptime,level,tags foldmultilines=false

Environment Variables:
PATH=C:/Program Files/Java/jdk-20/bin/server;C:/Program Files/Java/jdk-20/bin;C:\app\Aravind\product\21c\dbhomeXE\bin;C:\Users\Aravind\AppData\Local\Programs\Python\Python311\Scripts\;C:\Users\Aravind\AppData\Local\Programs\Python\Python311\;C:\Program Files\Java\jdk-20\bin;C:\Program Files\Common Files\Oracle\Java\javapath;C:\Windows\system32;C:\Windows;C:\Windows\System32\Wbem;C:\Windows\System32\WindowsPowerShell\v1.0\;C:\Windows\System32\OpenSSH\;C:\Program Files\Git\cmd;C:\Program Files\nodejs\;C:\ProgramData\chocolatey\bin;C:\Program Files\Docker\Docker\resources\bin;C:\Program Files\MySQL\MySQL Server 8.0\bin;C:\Program Files\MySQL\MySQL Shell 8.0\bin\;C:\Users\Aravind\AppData\Local\Microsoft\WindowsApps;C:\Users\Aravind\AppData\Local\Programs\Microsoft VS Code\bin;C:\Users\Aravind\AppData\Local\Programs\mongosh\;C:\Users\Aravind\AppData\Roaming\npm;C:\Users\Aravind\Downloads\ojdbc6.jar;C:\Users\Aravind\OneDrive\Desktop;
USERNAME=Aravind
OS=Windows_NT
PROCESSOR_IDENTIFIER=Intel64 Family 6 Model 142 Stepping 12, GenuineIntel
TMP=C:\Users\Aravind\AppData\Local\Temp
TEMP=C:\Users\Aravind\AppData\Local\Temp




---------------  S Y S T E M  ---------------

OS:
 Windows 10 , 64 bit Build 19041 (10.0.19041.3636)
OS uptime: 1 days 18:22 hours
Hyper-V role detected

CPU: total 8 (initial active 8) (4 cores per cpu, 2 threads per core) family 6 model 142 stepping 12 microcode 0xf8, cx8, cmov, fxsr, ht, mmx, 3dnowpref, sse, sse2, sse3, ssse3, sse4.1, sse4.2, popcnt, lzcnt, tsc, tscinvbit, avx, avx2, aes, erms, clmul, bmi1, bmi2, adx, fma, vzeroupper, clflush, clflushopt, hv, rdtscp, f16c

Memory: 4k page, system-wide physical 8064M (673M free)
TotalPageFile size 11553M (AvailPageFile size 5M)
current process WorkingSet (physical memory assigned to process): 220M, peak: 221M
current process commit charge ("private bytes"): 260M, peak: 267M

vm_info: Java HotSpot(TM) 64-Bit Server VM (20.0.2+9-78) for windows-amd64 JRE (20.0.2+9-78), built on 2023-06-14T10:08:48Z by "mach5one" with MS VC++ 17.1 (VS2022)

END.
