#
# There is insufficient memory for the Java Runtime Environment to continue.
# Native memory allocation (malloc) failed to allocate 522320 bytes for Chunk::new
# Possible reasons:
#   The system is out of physical RAM or swap space
#   The process is running with CompressedOops enabled, and the Java Heap may be blocking the growth of the native heap
# Possible solutions:
#   Reduce memory load on the system
#   Increase physical memory or swap space
#   Check if swap backing store is full
#   Decrease Java heap size (-Xmx/-Xms)
#   Decrease number of Java threads
#   Decrease Java thread stack sizes (-Xss)
#   Set larger code cache with -XX:ReservedCodeCacheSize=
#   JVM is running with Unscaled Compressed Oops mode in which the Java heap is
#     placed in the first 4GB address space. The Java Heap base address is the
#     maximum limit for the native heap growth. Please use -XX:HeapBaseMinAddress
#     to set the Java Heap base and to place the Java Heap above 4GB virtual address.
# This output file may be truncated or incomplete.
#
#  Out of Memory Error (arena.cpp:184), pid=12904, tid=9584
#
# JRE version: Java(TM) SE Runtime Environment (20.0.2+9) (build 20.0.2+9-78)
# Java VM: Java HotSpot(TM) 64-Bit Server VM (20.0.2+9-78, mixed mode, sharing, tiered, compressed oops, compressed class ptrs, g1 gc, windows-amd64)
# No core dump will be written. Minidumps are not enabled by default on client versions of Windows
#

---------------  S U M M A R Y ------------

Command Line: -Dfile.encoding=UTF-8 -Dstdout.encoding=UTF-8 -Dstderr.encoding=UTF-8 -XX:+ShowCodeDetailsInExceptionMessages in.co.vwit.engineering.resourceManagement.ResourceManagementApplication

Host: Intel(R) Core(TM) i5-8265U CPU @ 1.60GHz, 8 cores, 7G,  Windows 10 , 64 bit Build 19041 (10.0.19041.3636)
Time: Fri Apr 12 17:00:08 2024 India Standard Time elapsed time: 2.954639 seconds (0d 0h 0m 2s)

---------------  T H R E A D  ---------------

Current thread (0x0000024a08356e80):  JavaThread "C2 CompilerThread2" daemon [_thread_in_native, id=9584, stack(0x0000004eeff00000,0x0000004ef0000000)]


Current CompileTask:
C2:   2954 2724   !   4       jdk.internal.loader.BuiltinClassLoader::loadClassOrNull (143 bytes)

Stack: [0x0000004eeff00000,0x0000004ef0000000]
Native frames: (J=compiled Java code, j=interpreted, Vv=VM code, C=native code)
V  [jvm.dll+0x6bc25a]
V  [jvm.dll+0x84971a]
V  [jvm.dll+0x84b315]
V  [jvm.dll+0x84ba13]
V  [jvm.dll+0x280e4f]
V  [jvm.dll+0xc2ab1]
V  [jvm.dll+0xc2dd5]
V  [jvm.dll+0x141edf]
V  [jvm.dll+0x64d5a3]
V  [jvm.dll+0x64bb40]
V  [jvm.dll+0x24b3ae]
V  [jvm.dll+0x24a921]
V  [jvm.dll+0x1ce761]
V  [jvm.dll+0x25a0eb]
V  [jvm.dll+0x2587c0]
V  [jvm.dll+0x3f2dd5]
V  [jvm.dll+0x7f5c76]
V  [jvm.dll+0x6baecb]
C  [ucrtbase.dll+0x21bb2]
C  [KERNEL32.DLL+0x17344]
C  [ntdll.dll+0x526b1]


---------------  P R O C E S S  ---------------

Threads class SMR info:
_java_thread_list=0x0000024a07d56020, length=13, elements={
0x00000249a4efaa00, 0x00000249c18d2530, 0x00000249c18d3330, 0x00000249c18d7080,
0x00000249c18d8e50, 0x00000249c18dd760, 0x00000249c18de840, 0x00000249c18e51a0,
0x00000249c190a6a0, 0x0000024a06d24290, 0x0000024a06d38ff0, 0x0000024a07785480,
0x0000024a08356e80
}

Java Threads: ( => current thread )
  0x00000249a4efaa00 JavaThread "main" [_thread_in_native, id=13804, stack(0x0000004eee700000,0x0000004eee800000)]
  0x00000249c18d2530 JavaThread "Reference Handler" daemon [_thread_blocked, id=10972, stack(0x0000004eeee00000,0x0000004eeef00000)]
  0x00000249c18d3330 JavaThread "Finalizer" daemon [_thread_blocked, id=9812, stack(0x0000004eeef00000,0x0000004eef000000)]
  0x00000249c18d7080 JavaThread "Signal Dispatcher" daemon [_thread_blocked, id=2564, stack(0x0000004eef000000,0x0000004eef100000)]
  0x00000249c18d8e50 JavaThread "Attach Listener" daemon [_thread_blocked, id=14140, stack(0x0000004eef100000,0x0000004eef200000)]
  0x00000249c18dd760 JavaThread "Service Thread" daemon [_thread_blocked, id=13204, stack(0x0000004eef200000,0x0000004eef300000)]
  0x00000249c18de840 JavaThread "Monitor Deflation Thread" daemon [_thread_blocked, id=12192, stack(0x0000004eef300000,0x0000004eef400000)]
  0x00000249c18e51a0 JavaThread "C2 CompilerThread0" daemon [_thread_in_native, id=13684, stack(0x0000004eef400000,0x0000004eef500000)]
  0x00000249c190a6a0 JavaThread "C1 CompilerThread0" daemon [_thread_in_native, id=8524, stack(0x0000004eef500000,0x0000004eef600000)]
  0x0000024a06d24290 JavaThread "Notification Thread" daemon [_thread_blocked, id=12612, stack(0x0000004eef600000,0x0000004eef700000)]
  0x0000024a06d38ff0 JavaThread "Common-Cleaner" daemon [_thread_blocked, id=13772, stack(0x0000004eef800000,0x0000004eef900000)]
  0x0000024a07785480 JavaThread "C2 CompilerThread1" daemon [_thread_in_native, id=10480, stack(0x0000004eefe00000,0x0000004eeff00000)]
=>0x0000024a08356e80 JavaThread "C2 CompilerThread2" daemon [_thread_in_native, id=9584, stack(0x0000004eeff00000,0x0000004ef0000000)]

Other Threads:
  0x00000249c18b3960 VMThread "VM Thread" [stack: 0x0000004eeed00000,0x0000004eeee00000] [id=11796]
  0x0000024a06d2afa0 WatcherThread "VM Periodic Task Thread" [stack: 0x0000004eef700000,0x0000004eef800000] [id=8120]
  0x00000249a4f5a840 WorkerThread "GC Thread#0" [stack: 0x0000004eee800000,0x0000004eee900000] [id=12372]
  0x00000249c18b2b50 WorkerThread "GC Thread#1" [stack: 0x0000004eef900000,0x0000004eefa00000] [id=4328]
  0x00000249c18b2e20 WorkerThread "GC Thread#2" [stack: 0x0000004eefa00000,0x0000004eefb00000] [id=4336]
  0x00000249c18b22e0 WorkerThread "GC Thread#3" [stack: 0x0000004eefb00000,0x0000004eefc00000] [id=13796]
  0x00000249c18b30f0 WorkerThread "GC Thread#4" [stack: 0x0000004eefc00000,0x0000004eefd00000] [id=5708]
  0x00000249c18b3690 WorkerThread "GC Thread#5" [stack: 0x0000004eefd00000,0x0000004eefe00000] [id=5068]
  0x0000024a07c51960 WorkerThread "GC Thread#6" [stack: 0x0000004ef0000000,0x0000004ef0100000] [id=3888]
  0x0000024a07c51c30 WorkerThread "GC Thread#7" [stack: 0x0000004ef0100000,0x0000004ef0200000] [id=10180]
  0x00000249a4f6c3a0 ConcurrentGCThread "G1 Main Marker" [stack: 0x0000004eee900000,0x0000004eeea00000] [id=13456]
  0x00000249a4f6d710 WorkerThread "G1 Conc#0" [stack: 0x0000004eeea00000,0x0000004eeeb00000] [id=2668]
  0x00000249a4fbe530 ConcurrentGCThread "G1 Refine#0" [stack: 0x0000004eeeb00000,0x0000004eeec00000] [id=1120]
  0x00000249c1762150 ConcurrentGCThread "G1 Service" [stack: 0x0000004eeec00000,0x0000004eeed00000] [id=2344]

Threads with active compile tasks:
C2 CompilerThread0     3007 2879       4       org.springframework.beans.factory.support.AbstractBeanFactory::isTypeMatch (619 bytes)
C1 CompilerThread0     3007 2922       3       java.lang.invoke.InnerClassLambdaMetafactory$ForwardingMethodGenerator::convertArgumentTypes (96 bytes)
C2 CompilerThread1     3007 2918       4       java.net.URLStreamHandler::setURL (156 bytes)
C2 CompilerThread2     3007 2724   !   4       jdk.internal.loader.BuiltinClassLoader::loadClassOrNull (143 bytes)

VM state: not at safepoint (normal execution)

VM Mutex/Monitor currently owned by a thread: None

Heap address: 0x0000000081e00000, size: 2018 MB, Compressed Oops mode: 32-bit

CDS archive(s) mapped at: [0x00000249c1c00000-0x00000249c2860000-0x00000249c2860000), size 12976128, SharedBaseAddress: 0x00000249c1c00000, ArchiveRelocationMode: 1.
Compressed class space mapped at: 0x00000249c2c00000-0x0000024a02c00000, reserved size: 1073741824
Narrow klass base: 0x00000249c1c00000, Narrow klass shift: 0, Narrow klass range: 0x100000000

GC Precious Log:
 CardTable entry size: 512
 Card Set container configuration: InlinePtr #cards 5 size 8 Array Of Cards #cards 12 size 40 Howl #buckets 4 coarsen threshold 1843 Howl Bitmap #cards 512 size 80 coarsen threshold 460 Card regions per heap region 1 cards per card region 2048
 CPUs: 8 total, 8 available
 Memory: 8064M
 Large Page Support: Disabled
 NUMA Support: Disabled
 Compressed Oops: Enabled (32-bit)
 Heap Region Size: 1M
 Heap Min Capacity: 8M
 Heap Initial Capacity: 128M
 Heap Max Capacity: 2018M
 Pre-touch: Disabled
 Parallel Workers: 8
 Concurrent Workers: 2
 Concurrent Refinement Workers: 8
 Periodic GC: Disabled

Heap:
 garbage-first heap   total 131072K, used 43012K [0x0000000081e00000, 0x0000000100000000)
  region size 1024K, 37 young (37888K), 3 survivors (3072K)
 Metaspace       used 20015K, committed 20224K, reserved 1114112K
  class space    used 2401K, committed 2496K, reserved 1048576K

Heap Regions: E=young(eden), S=young(survivor), O=old, HS=humongous(starts), HC=humongous(continues), CS=collection set, F=free, OA=open archive, CA=closed archive, TAMS=top-at-mark-start, PB=parsable bottom
|   0|0x0000000081e00000, 0x0000000081f00000, 0x0000000081f00000|100%|HS|  |TAMS 0x0000000081e00000| PB 0x0000000081e00000| Complete 
|   1|0x0000000081f00000, 0x0000000082000000, 0x0000000082000000|100%| O|  |TAMS 0x0000000081f00000| PB 0x0000000081f00000| Untracked 
|   2|0x0000000082000000, 0x0000000082100000, 0x0000000082100000|100%| O|  |TAMS 0x0000000082000000| PB 0x0000000082000000| Untracked 
|   3|0x0000000082100000, 0x0000000082200000, 0x0000000082200000|100%| O|  |TAMS 0x0000000082100000| PB 0x0000000082100000| Untracked 
|   4|0x0000000082200000, 0x0000000082300000, 0x0000000082300000|100%| O|  |TAMS 0x0000000082200000| PB 0x0000000082200000| Untracked 
|   5|0x0000000082300000, 0x0000000082400000, 0x0000000082400000|100%| O|  |TAMS 0x0000000082300000| PB 0x0000000082300000| Untracked 
|   6|0x0000000082400000, 0x00000000824a1a00, 0x0000000082500000| 63%| O|  |TAMS 0x0000000082400000| PB 0x0000000082400000| Untracked 
|   7|0x0000000082500000, 0x0000000082500000, 0x0000000082600000|  0%| F|  |TAMS 0x0000000082500000| PB 0x0000000082500000| Untracked 
|   8|0x0000000082600000, 0x0000000082600000, 0x0000000082700000|  0%| F|  |TAMS 0x0000000082600000| PB 0x0000000082600000| Untracked 
|   9|0x0000000082700000, 0x0000000082700000, 0x0000000082800000|  0%| F|  |TAMS 0x0000000082700000| PB 0x0000000082700000| Untracked 
|  10|0x0000000082800000, 0x0000000082800000, 0x0000000082900000|  0%| F|  |TAMS 0x0000000082800000| PB 0x0000000082800000| Untracked 
|  11|0x0000000082900000, 0x0000000082900000, 0x0000000082a00000|  0%| F|  |TAMS 0x0000000082900000| PB 0x0000000082900000| Untracked 
|  12|0x0000000082a00000, 0x0000000082a00000, 0x0000000082b00000|  0%| F|  |TAMS 0x0000000082a00000| PB 0x0000000082a00000| Untracked 
|  13|0x0000000082b00000, 0x0000000082b00000, 0x0000000082c00000|  0%| F|  |TAMS 0x0000000082b00000| PB 0x0000000082b00000| Untracked 
|  14|0x0000000082c00000, 0x0000000082c00000, 0x0000000082d00000|  0%| F|  |TAMS 0x0000000082c00000| PB 0x0000000082c00000| Untracked 
|  15|0x0000000082d00000, 0x0000000082d00000, 0x0000000082e00000|  0%| F|  |TAMS 0x0000000082d00000| PB 0x0000000082d00000| Untracked 
|  16|0x0000000082e00000, 0x0000000082e00000, 0x0000000082f00000|  0%| F|  |TAMS 0x0000000082e00000| PB 0x0000000082e00000| Untracked 
|  17|0x0000000082f00000, 0x0000000082f00000, 0x0000000083000000|  0%| F|  |TAMS 0x0000000082f00000| PB 0x0000000082f00000| Untracked 
|  18|0x0000000083000000, 0x0000000083000000, 0x0000000083100000|  0%| F|  |TAMS 0x0000000083000000| PB 0x0000000083000000| Untracked 
|  19|0x0000000083100000, 0x0000000083100000, 0x0000000083200000|  0%| F|  |TAMS 0x0000000083100000| PB 0x0000000083100000| Untracked 
|  20|0x0000000083200000, 0x0000000083200000, 0x0000000083300000|  0%| F|  |TAMS 0x0000000083200000| PB 0x0000000083200000| Untracked 
|  21|0x0000000083300000, 0x0000000083300000, 0x0000000083400000|  0%| F|  |TAMS 0x0000000083300000| PB 0x0000000083300000| Untracked 
|  22|0x0000000083400000, 0x0000000083400000, 0x0000000083500000|  0%| F|  |TAMS 0x0000000083400000| PB 0x0000000083400000| Untracked 
|  23|0x0000000083500000, 0x0000000083500000, 0x0000000083600000|  0%| F|  |TAMS 0x0000000083500000| PB 0x0000000083500000| Untracked 
|  24|0x0000000083600000, 0x0000000083600000, 0x0000000083700000|  0%| F|  |TAMS 0x0000000083600000| PB 0x0000000083600000| Untracked 
|  25|0x0000000083700000, 0x0000000083700000, 0x0000000083800000|  0%| F|  |TAMS 0x0000000083700000| PB 0x0000000083700000| Untracked 
|  26|0x0000000083800000, 0x0000000083800000, 0x0000000083900000|  0%| F|  |TAMS 0x0000000083800000| PB 0x0000000083800000| Untracked 
|  27|0x0000000083900000, 0x0000000083900000, 0x0000000083a00000|  0%| F|  |TAMS 0x0000000083900000| PB 0x0000000083900000| Untracked 
|  28|0x0000000083a00000, 0x0000000083a00000, 0x0000000083b00000|  0%| F|  |TAMS 0x0000000083a00000| PB 0x0000000083a00000| Untracked 
|  29|0x0000000083b00000, 0x0000000083b00000, 0x0000000083c00000|  0%| F|  |TAMS 0x0000000083b00000| PB 0x0000000083b00000| Untracked 
|  30|0x0000000083c00000, 0x0000000083c00000, 0x0000000083d00000|  0%| F|  |TAMS 0x0000000083c00000| PB 0x0000000083c00000| Untracked 
|  31|0x0000000083d00000, 0x0000000083d00000, 0x0000000083e00000|  0%| F|  |TAMS 0x0000000083d00000| PB 0x0000000083d00000| Untracked 
|  32|0x0000000083e00000, 0x0000000083e00000, 0x0000000083f00000|  0%| F|  |TAMS 0x0000000083e00000| PB 0x0000000083e00000| Untracked 
|  33|0x0000000083f00000, 0x0000000083f00000, 0x0000000084000000|  0%| F|  |TAMS 0x0000000083f00000| PB 0x0000000083f00000| Untracked 
|  34|0x0000000084000000, 0x0000000084000000, 0x0000000084100000|  0%| F|  |TAMS 0x0000000084000000| PB 0x0000000084000000| Untracked 
|  35|0x0000000084100000, 0x0000000084100000, 0x0000000084200000|  0%| F|  |TAMS 0x0000000084100000| PB 0x0000000084100000| Untracked 
|  36|0x0000000084200000, 0x0000000084200000, 0x0000000084300000|  0%| F|  |TAMS 0x0000000084200000| PB 0x0000000084200000| Untracked 
|  37|0x0000000084300000, 0x0000000084300000, 0x0000000084400000|  0%| F|  |TAMS 0x0000000084300000| PB 0x0000000084300000| Untracked 
|  38|0x0000000084400000, 0x0000000084400000, 0x0000000084500000|  0%| F|  |TAMS 0x0000000084400000| PB 0x0000000084400000| Untracked 
|  39|0x0000000084500000, 0x0000000084500000, 0x0000000084600000|  0%| F|  |TAMS 0x0000000084500000| PB 0x0000000084500000| Untracked 
|  40|0x0000000084600000, 0x0000000084600000, 0x0000000084700000|  0%| F|  |TAMS 0x0000000084600000| PB 0x0000000084600000| Untracked 
|  41|0x0000000084700000, 0x0000000084700000, 0x0000000084800000|  0%| F|  |TAMS 0x0000000084700000| PB 0x0000000084700000| Untracked 
|  42|0x0000000084800000, 0x0000000084800000, 0x0000000084900000|  0%| F|  |TAMS 0x0000000084800000| PB 0x0000000084800000| Untracked 
|  43|0x0000000084900000, 0x0000000084900000, 0x0000000084a00000|  0%| F|  |TAMS 0x0000000084900000| PB 0x0000000084900000| Untracked 
|  44|0x0000000084a00000, 0x0000000084a00000, 0x0000000084b00000|  0%| F|  |TAMS 0x0000000084a00000| PB 0x0000000084a00000| Untracked 
|  45|0x0000000084b00000, 0x0000000084b00000, 0x0000000084c00000|  0%| F|  |TAMS 0x0000000084b00000| PB 0x0000000084b00000| Untracked 
|  46|0x0000000084c00000, 0x0000000084c00000, 0x0000000084d00000|  0%| F|  |TAMS 0x0000000084c00000| PB 0x0000000084c00000| Untracked 
|  47|0x0000000084d00000, 0x0000000084d00000, 0x0000000084e00000|  0%| F|  |TAMS 0x0000000084d00000| PB 0x0000000084d00000| Untracked 
|  48|0x0000000084e00000, 0x0000000084e00000, 0x0000000084f00000|  0%| F|  |TAMS 0x0000000084e00000| PB 0x0000000084e00000| Untracked 
|  49|0x0000000084f00000, 0x0000000084f00000, 0x0000000085000000|  0%| F|  |TAMS 0x0000000084f00000| PB 0x0000000084f00000| Untracked 
|  50|0x0000000085000000, 0x0000000085000000, 0x0000000085100000|  0%| F|  |TAMS 0x0000000085000000| PB 0x0000000085000000| Untracked 
|  51|0x0000000085100000, 0x0000000085100000, 0x0000000085200000|  0%| F|  |TAMS 0x0000000085100000| PB 0x0000000085100000| Untracked 
|  52|0x0000000085200000, 0x0000000085200000, 0x0000000085300000|  0%| F|  |TAMS 0x0000000085200000| PB 0x0000000085200000| Untracked 
|  53|0x0000000085300000, 0x0000000085300000, 0x0000000085400000|  0%| F|  |TAMS 0x0000000085300000| PB 0x0000000085300000| Untracked 
|  54|0x0000000085400000, 0x0000000085400000, 0x0000000085500000|  0%| F|  |TAMS 0x0000000085400000| PB 0x0000000085400000| Untracked 
|  55|0x0000000085500000, 0x0000000085500000, 0x0000000085600000|  0%| F|  |TAMS 0x0000000085500000| PB 0x0000000085500000| Untracked 
|  56|0x0000000085600000, 0x0000000085600000, 0x0000000085700000|  0%| F|  |TAMS 0x0000000085600000| PB 0x0000000085600000| Untracked 
|  57|0x0000000085700000, 0x0000000085700000, 0x0000000085800000|  0%| F|  |TAMS 0x0000000085700000| PB 0x0000000085700000| Untracked 
|  58|0x0000000085800000, 0x0000000085800000, 0x0000000085900000|  0%| F|  |TAMS 0x0000000085800000| PB 0x0000000085800000| Untracked 
|  59|0x0000000085900000, 0x0000000085900000, 0x0000000085a00000|  0%| F|  |TAMS 0x0000000085900000| PB 0x0000000085900000| Untracked 
|  60|0x0000000085a00000, 0x0000000085a00000, 0x0000000085b00000|  0%| F|  |TAMS 0x0000000085a00000| PB 0x0000000085a00000| Untracked 
|  61|0x0000000085b00000, 0x0000000085b00000, 0x0000000085c00000|  0%| F|  |TAMS 0x0000000085b00000| PB 0x0000000085b00000| Untracked 
|  62|0x0000000085c00000, 0x0000000085c00000, 0x0000000085d00000|  0%| F|  |TAMS 0x0000000085c00000| PB 0x0000000085c00000| Untracked 
|  63|0x0000000085d00000, 0x0000000085d00000, 0x0000000085e00000|  0%| F|  |TAMS 0x0000000085d00000| PB 0x0000000085d00000| Untracked 
|  64|0x0000000085e00000, 0x0000000085e00000, 0x0000000085f00000|  0%| F|  |TAMS 0x0000000085e00000| PB 0x0000000085e00000| Untracked 
|  65|0x0000000085f00000, 0x0000000085f00000, 0x0000000086000000|  0%| F|  |TAMS 0x0000000085f00000| PB 0x0000000085f00000| Untracked 
|  66|0x0000000086000000, 0x0000000086000000, 0x0000000086100000|  0%| F|  |TAMS 0x0000000086000000| PB 0x0000000086000000| Untracked 
|  67|0x0000000086100000, 0x0000000086100000, 0x0000000086200000|  0%| F|  |TAMS 0x0000000086100000| PB 0x0000000086100000| Untracked 
|  68|0x0000000086200000, 0x0000000086200000, 0x0000000086300000|  0%| F|  |TAMS 0x0000000086200000| PB 0x0000000086200000| Untracked 
|  69|0x0000000086300000, 0x0000000086300000, 0x0000000086400000|  0%| F|  |TAMS 0x0000000086300000| PB 0x0000000086300000| Untracked 
|  70|0x0000000086400000, 0x0000000086400000, 0x0000000086500000|  0%| F|  |TAMS 0x0000000086400000| PB 0x0000000086400000| Untracked 
|  71|0x0000000086500000, 0x0000000086500000, 0x0000000086600000|  0%| F|  |TAMS 0x0000000086500000| PB 0x0000000086500000| Untracked 
|  72|0x0000000086600000, 0x0000000086600000, 0x0000000086700000|  0%| F|  |TAMS 0x0000000086600000| PB 0x0000000086600000| Untracked 
|  73|0x0000000086700000, 0x0000000086700000, 0x0000000086800000|  0%| F|  |TAMS 0x0000000086700000| PB 0x0000000086700000| Untracked 
|  74|0x0000000086800000, 0x0000000086800000, 0x0000000086900000|  0%| F|  |TAMS 0x0000000086800000| PB 0x0000000086800000| Untracked 
|  75|0x0000000086900000, 0x0000000086900000, 0x0000000086a00000|  0%| F|  |TAMS 0x0000000086900000| PB 0x0000000086900000| Untracked 
|  76|0x0000000086a00000, 0x0000000086a00000, 0x0000000086b00000|  0%| F|  |TAMS 0x0000000086a00000| PB 0x0000000086a00000| Untracked 
|  77|0x0000000086b00000, 0x0000000086b00000, 0x0000000086c00000|  0%| F|  |TAMS 0x0000000086b00000| PB 0x0000000086b00000| Untracked 
|  78|0x0000000086c00000, 0x0000000086c00000, 0x0000000086d00000|  0%| F|  |TAMS 0x0000000086c00000| PB 0x0000000086c00000| Untracked 
|  79|0x0000000086d00000, 0x0000000086d00000, 0x0000000086e00000|  0%| F|  |TAMS 0x0000000086d00000| PB 0x0000000086d00000| Untracked 
|  80|0x0000000086e00000, 0x0000000086e00000, 0x0000000086f00000|  0%| F|  |TAMS 0x0000000086e00000| PB 0x0000000086e00000| Untracked 
|  81|0x0000000086f00000, 0x0000000086f00000, 0x0000000087000000|  0%| F|  |TAMS 0x0000000086f00000| PB 0x0000000086f00000| Untracked 
|  82|0x0000000087000000, 0x0000000087000000, 0x0000000087100000|  0%| F|  |TAMS 0x0000000087000000| PB 0x0000000087000000| Untracked 
|  83|0x0000000087100000, 0x0000000087100000, 0x0000000087200000|  0%| F|  |TAMS 0x0000000087100000| PB 0x0000000087100000| Untracked 
|  84|0x0000000087200000, 0x0000000087200000, 0x0000000087300000|  0%| F|  |TAMS 0x0000000087200000| PB 0x0000000087200000| Untracked 
|  85|0x0000000087300000, 0x0000000087300000, 0x0000000087400000|  0%| F|  |TAMS 0x0000000087300000| PB 0x0000000087300000| Untracked 
|  86|0x0000000087400000, 0x0000000087400000, 0x0000000087500000|  0%| F|  |TAMS 0x0000000087400000| PB 0x0000000087400000| Untracked 
|  87|0x0000000087500000, 0x0000000087500000, 0x0000000087600000|  0%| F|  |TAMS 0x0000000087500000| PB 0x0000000087500000| Untracked 
|  88|0x0000000087600000, 0x0000000087600000, 0x0000000087700000|  0%| F|  |TAMS 0x0000000087600000| PB 0x0000000087600000| Untracked 
|  89|0x0000000087700000, 0x0000000087700000, 0x0000000087800000|  0%| F|  |TAMS 0x0000000087700000| PB 0x0000000087700000| Untracked 
|  90|0x0000000087800000, 0x0000000087800000, 0x0000000087900000|  0%| F|  |TAMS 0x0000000087800000| PB 0x0000000087800000| Untracked 
|  91|0x0000000087900000, 0x00000000879f3408, 0x0000000087a00000| 95%| E|  |TAMS 0x0000000087900000| PB 0x0000000087900000| Complete 
|  92|0x0000000087a00000, 0x0000000087b00000, 0x0000000087b00000|100%| E|CS|TAMS 0x0000000087a00000| PB 0x0000000087a00000| Complete 
|  93|0x0000000087b00000, 0x0000000087b5f830, 0x0000000087c00000| 37%| S|CS|TAMS 0x0000000087b00000| PB 0x0000000087b00000| Complete 
|  94|0x0000000087c00000, 0x0000000087d00000, 0x0000000087d00000|100%| S|CS|TAMS 0x0000000087c00000| PB 0x0000000087c00000| Complete 
|  95|0x0000000087d00000, 0x0000000087e00000, 0x0000000087e00000|100%| S|CS|TAMS 0x0000000087d00000| PB 0x0000000087d00000| Complete 
|  96|0x0000000087e00000, 0x0000000087f00000, 0x0000000087f00000|100%| E|CS|TAMS 0x0000000087e00000| PB 0x0000000087e00000| Complete 
|  97|0x0000000087f00000, 0x0000000088000000, 0x0000000088000000|100%| E|CS|TAMS 0x0000000087f00000| PB 0x0000000087f00000| Complete 
|  98|0x0000000088000000, 0x0000000088100000, 0x0000000088100000|100%| E|CS|TAMS 0x0000000088000000| PB 0x0000000088000000| Complete 
|  99|0x0000000088100000, 0x0000000088200000, 0x0000000088200000|100%| E|CS|TAMS 0x0000000088100000| PB 0x0000000088100000| Complete 
| 100|0x0000000088200000, 0x0000000088300000, 0x0000000088300000|100%| E|CS|TAMS 0x0000000088200000| PB 0x0000000088200000| Complete 
| 101|0x0000000088300000, 0x0000000088400000, 0x0000000088400000|100%| E|CS|TAMS 0x0000000088300000| PB 0x0000000088300000| Complete 
| 102|0x0000000088400000, 0x0000000088500000, 0x0000000088500000|100%| E|CS|TAMS 0x0000000088400000| PB 0x0000000088400000| Complete 
| 103|0x0000000088500000, 0x0000000088600000, 0x0000000088600000|100%| E|CS|TAMS 0x0000000088500000| PB 0x0000000088500000| Complete 
| 104|0x0000000088600000, 0x0000000088700000, 0x0000000088700000|100%| E|CS|TAMS 0x0000000088600000| PB 0x0000000088600000| Complete 
| 105|0x0000000088700000, 0x0000000088800000, 0x0000000088800000|100%| E|CS|TAMS 0x0000000088700000| PB 0x0000000088700000| Complete 
| 106|0x0000000088800000, 0x0000000088900000, 0x0000000088900000|100%| E|CS|TAMS 0x0000000088800000| PB 0x0000000088800000| Complete 
| 107|0x0000000088900000, 0x0000000088a00000, 0x0000000088a00000|100%| E|CS|TAMS 0x0000000088900000| PB 0x0000000088900000| Complete 
| 108|0x0000000088a00000, 0x0000000088b00000, 0x0000000088b00000|100%| E|CS|TAMS 0x0000000088a00000| PB 0x0000000088a00000| Complete 
| 109|0x0000000088b00000, 0x0000000088c00000, 0x0000000088c00000|100%| E|CS|TAMS 0x0000000088b00000| PB 0x0000000088b00000| Complete 
| 110|0x0000000088c00000, 0x0000000088d00000, 0x0000000088d00000|100%| E|CS|TAMS 0x0000000088c00000| PB 0x0000000088c00000| Complete 
| 111|0x0000000088d00000, 0x0000000088e00000, 0x0000000088e00000|100%| E|CS|TAMS 0x0000000088d00000| PB 0x0000000088d00000| Complete 
| 112|0x0000000088e00000, 0x0000000088f00000, 0x0000000088f00000|100%| E|CS|TAMS 0x0000000088e00000| PB 0x0000000088e00000| Complete 
| 113|0x0000000088f00000, 0x0000000089000000, 0x0000000089000000|100%| E|CS|TAMS 0x0000000088f00000| PB 0x0000000088f00000| Complete 
| 114|0x0000000089000000, 0x0000000089100000, 0x0000000089100000|100%| E|CS|TAMS 0x0000000089000000| PB 0x0000000089000000| Complete 
| 115|0x0000000089100000, 0x0000000089200000, 0x0000000089200000|100%| E|CS|TAMS 0x0000000089100000| PB 0x0000000089100000| Complete 
| 116|0x0000000089200000, 0x0000000089300000, 0x0000000089300000|100%| E|CS|TAMS 0x0000000089200000| PB 0x0000000089200000| Complete 
| 117|0x0000000089300000, 0x0000000089400000, 0x0000000089400000|100%| E|CS|TAMS 0x0000000089300000| PB 0x0000000089300000| Complete 
| 118|0x0000000089400000, 0x0000000089500000, 0x0000000089500000|100%| E|CS|TAMS 0x0000000089400000| PB 0x0000000089400000| Complete 
| 119|0x0000000089500000, 0x0000000089600000, 0x0000000089600000|100%| E|CS|TAMS 0x0000000089500000| PB 0x0000000089500000| Complete 
| 120|0x0000000089600000, 0x0000000089700000, 0x0000000089700000|100%| E|CS|TAMS 0x0000000089600000| PB 0x0000000089600000| Complete 
| 121|0x0000000089700000, 0x0000000089800000, 0x0000000089800000|100%| E|CS|TAMS 0x0000000089700000| PB 0x0000000089700000| Complete 
| 122|0x0000000089800000, 0x0000000089900000, 0x0000000089900000|100%| E|CS|TAMS 0x0000000089800000| PB 0x0000000089800000| Complete 
| 123|0x0000000089900000, 0x0000000089a00000, 0x0000000089a00000|100%| E|CS|TAMS 0x0000000089900000| PB 0x0000000089900000| Complete 
| 124|0x0000000089a00000, 0x0000000089b00000, 0x0000000089b00000|100%| E|CS|TAMS 0x0000000089a00000| PB 0x0000000089a00000| Complete 
| 125|0x0000000089b00000, 0x0000000089c00000, 0x0000000089c00000|100%| E|CS|TAMS 0x0000000089b00000| PB 0x0000000089b00000| Complete 
| 126|0x0000000089c00000, 0x0000000089d00000, 0x0000000089d00000|100%| E|CS|TAMS 0x0000000089c00000| PB 0x0000000089c00000| Complete 
| 127|0x0000000089d00000, 0x0000000089e00000, 0x0000000089e00000|100%| E|CS|TAMS 0x0000000089d00000| PB 0x0000000089d00000| Complete 

Card table byte_map: [0x00000249bc700000,0x00000249bcb00000] _byte_map_base: 0x00000249bc2f1000

Marking Bits: (CMBitMap*) 0x00000249a4f5be80
 Bits: [0x00000249bcf00000, 0x00000249bee88000)

Polling page: 0x00000249a46c0000

Metaspace:

Usage:
  Non-class:     17.24 MB used.
      Class:      2.35 MB used.
       Both:     19.58 MB used.

Virtual space:
  Non-class space:       64.00 MB reserved,      17.38 MB ( 27%) committed,  1 nodes.
      Class space:        1.00 GB reserved,       2.44 MB ( <1%) committed,  1 nodes.
             Both:        1.06 GB reserved,      19.81 MB (  2%) committed. 

Chunk freelists:
   Non-Class:  2.16 MB
       Class:  1.56 MB
        Both:  3.70 MB

MaxMetaspaceSize: unlimited
CompressedClassSpaceSize: 1.00 GB
Initial GC threshold: 21.00 MB
Current GC threshold: 21.00 MB
CDS: on
MetaspaceReclaimPolicy: balanced
 - commit_granule_bytes: 65536.
 - commit_granule_words: 8192.
 - virtual_space_node_default_size: 8388608.
 - enlarge_chunks_in_place: 1.
 - new_chunks_are_fully_committed: 0.
 - uncommit_free_chunks: 1.
 - use_allocation_guard: 0.


Internal statistics:

num_allocs_failed_limit: 0.
num_arena_births: 276.
num_arena_deaths: 0.
num_vsnodes_births: 2.
num_vsnodes_deaths: 0.
num_space_committed: 317.
num_space_uncommitted: 0.
num_chunks_returned_to_freelist: 0.
num_chunks_taken_from_freelist: 966.
num_chunk_merges: 0.
num_chunk_splits: 655.
num_chunks_enlarged: 474.
num_inconsistent_stats: 0.

CodeHeap 'non-profiled nmethods': size=120000Kb used=1196Kb max_used=1196Kb free=118803Kb
 bounds [0x00000249b4aa0000, 0x00000249b4d10000, 0x00000249bbfd0000]
CodeHeap 'profiled nmethods': size=120000Kb used=5836Kb max_used=5836Kb free=114163Kb
 bounds [0x00000249acfd0000, 0x00000249ad590000, 0x00000249b4500000]
CodeHeap 'non-nmethods': size=5760Kb used=1480Kb max_used=1555Kb free=4279Kb
 bounds [0x00000249b4500000, 0x00000249b4770000, 0x00000249b4aa0000]
 total_blobs=3427 nmethods=2919 adapters=417
 compilation: enabled
              stopped_count=0, restarted_count=0
 full_count=0

Compilation events (20 events):
Event: 2.939 Thread 0x00000249c190a6a0 nmethod 2884 0x00000249ad567190 code [0x00000249ad567360, 0x00000249ad5679b8]
Event: 2.939 Thread 0x00000249c190a6a0 2883       3       org.springframework.boot.autoconfigure.condition.OnBeanCondition$Spec::extract (170 bytes)
Event: 2.940 Thread 0x00000249c190a6a0 nmethod 2883 0x00000249ad567b90 code [0x00000249ad567ea0, 0x00000249ad569680]
Event: 2.940 Thread 0x00000249c190a6a0 2886       3       jdk.internal.org.objectweb.asm.SymbolTable::addUninitializedType (103 bytes)
Event: 2.941 Thread 0x00000249c190a6a0 nmethod 2886 0x00000249ad569d10 code [0x00000249ad569f00, 0x00000249ad56a4a8]
Event: 2.941 Thread 0x00000249c190a6a0 2887       3       jdk.internal.org.objectweb.asm.SymbolTable::hash (12 bytes)
Event: 2.941 Thread 0x00000249c190a6a0 nmethod 2887 0x00000249ad56a790 code [0x00000249ad56a920, 0x00000249ad56aa50]
Event: 2.941 Thread 0x00000249c190a6a0 2885       3       java.lang.reflect.Modifier::isAbstract (14 bytes)
Event: 2.941 Thread 0x00000249c190a6a0 nmethod 2885 0x00000249ad56ab10 code [0x00000249ad56aca0, 0x00000249ad56adf0]
Event: 2.942 Thread 0x00000249c18e51a0 nmethod 2818 0x00000249b4bc2710 code [0x00000249b4bc2940, 0x00000249b4bc3f88]
Event: 2.942 Thread 0x00000249c18e51a0 2878       4       java.util.AbstractSet::<init> (5 bytes)
Event: 2.942 Thread 0x00000249c18e51a0 nmethod 2878 0x00000249b4bc4790 code [0x00000249b4bc4900, 0x00000249b4bc4988]
Event: 2.942 Thread 0x00000249c18e51a0 2879       4       org.springframework.beans.factory.support.AbstractBeanFactory::isTypeMatch (619 bytes)
Event: 2.943 Thread 0x00000249c190a6a0 2889       3       java.lang.reflect.Method::isSynthetic (5 bytes)
Event: 2.943 Thread 0x00000249c190a6a0 nmethod 2889 0x00000249ad56ae90 code [0x00000249ad56b020, 0x00000249ad56b268]
Event: 2.945 Thread 0x00000249c190a6a0 2891       3       java.lang.Class::copyMethods (36 bytes)
Event: 2.946 Thread 0x00000249c190a6a0 nmethod 2891 0x00000249ad56b310 code [0x00000249ad56b560, 0x00000249ad56bfd0]
Event: 2.949 Thread 0x00000249c190a6a0 2892       3       jdk.internal.reflect.Reflection::filter (165 bytes)
Event: 2.950 Thread 0x00000249c190a6a0 nmethod 2892 0x00000249ad56c410 code [0x00000249ad56c680, 0x00000249ad56d470]
Event: 2.950 Thread 0x00000249c190a6a0 2893       3       java.lang.reflect.Proxy::newProxyInstance (35 bytes)

GC Heap History (4 events):
Event: 1.191 GC heap before
{Heap before GC invocations=0 (full 0):
 garbage-first heap   total 131072K, used 23552K [0x0000000081e00000, 0x0000000100000000)
  region size 1024K, 23 young (23552K), 0 survivors (0K)
 Metaspace       used 6551K, committed 6848K, reserved 1114112K
  class space    used 782K, committed 896K, reserved 1048576K
}
Event: 1.198 GC heap after
{Heap after GC invocations=1 (full 0):
 garbage-first heap   total 131072K, used 6728K [0x0000000081e00000, 0x0000000100000000)
  region size 1024K, 3 young (3072K), 3 survivors (3072K)
 Metaspace       used 6551K, committed 6848K, reserved 1114112K
  class space    used 782K, committed 896K, reserved 1048576K
}
Event: 1.890 GC heap before
{Heap before GC invocations=1 (full 0):
 garbage-first heap   total 131072K, used 35400K [0x0000000081e00000, 0x0000000100000000)
  region size 1024K, 32 young (32768K), 3 survivors (3072K)
 Metaspace       used 14595K, committed 14848K, reserved 1114112K
  class space    used 1756K, committed 1856K, reserved 1048576K
}
Event: 1.897 GC heap after
{Heap after GC invocations=2 (full 0):
 garbage-first heap   total 131072K, used 9220K [0x0000000081e00000, 0x0000000100000000)
  region size 1024K, 3 young (3072K), 3 survivors (3072K)
 Metaspace       used 14595K, committed 14848K, reserved 1114112K
  class space    used 1756K, committed 1856K, reserved 1048576K
}

Dll operation events (7 events):
Event: 0.016 Loaded shared library C:\Program Files\Java\jdk-20\bin\java.dll
Event: 0.067 Loaded shared library C:\Program Files\Java\jdk-20\bin\jsvml.dll
Event: 0.141 Loaded shared library C:\Program Files\Java\jdk-20\bin\net.dll
Event: 0.144 Loaded shared library C:\Program Files\Java\jdk-20\bin\nio.dll
Event: 0.148 Loaded shared library C:\Program Files\Java\jdk-20\bin\zip.dll
Event: 0.316 Loaded shared library C:\Program Files\Java\jdk-20\bin\jimage.dll
Event: 2.098 Loaded shared library C:\Program Files\Java\jdk-20\bin\sunmscapi.dll

Deoptimization events (20 events):
Event: 2.674 Thread 0x00000249a4efaa00 Uncommon trap: trap_request=0xffffffde fr.pc=0x00000249b4b8d2e0 relative=0x0000000000001680
Event: 2.674 Thread 0x00000249a4efaa00 Uncommon trap: reason=class_check action=maybe_recompile pc=0x00000249b4b8d2e0 method=java.util.HashMap.putVal(ILjava/lang/Object;Ljava/lang/Object;ZZ)Ljava/lang/Object; @ 203 c2
Event: 2.674 Thread 0x00000249a4efaa00 DEOPT PACKING pc=0x00000249b4b8d2e0 sp=0x0000004eee7febd0
Event: 2.674 Thread 0x00000249a4efaa00 DEOPT UNPACKING pc=0x00000249b4569d22 sp=0x0000004eee7fea78 mode 2
Event: 2.836 Thread 0x00000249a4efaa00 Uncommon trap: trap_request=0xffffffde fr.pc=0x00000249b4b7bf30 relative=0x00000000000008d0
Event: 2.836 Thread 0x00000249a4efaa00 Uncommon trap: reason=class_check action=maybe_recompile pc=0x00000249b4b7bf30 method=java.util.HashMap.putVal(ILjava/lang/Object;Ljava/lang/Object;ZZ)Ljava/lang/Object; @ 203 c2
Event: 2.836 Thread 0x00000249a4efaa00 DEOPT PACKING pc=0x00000249b4b7bf30 sp=0x0000004eee7fdde0
Event: 2.836 Thread 0x00000249a4efaa00 DEOPT UNPACKING pc=0x00000249b4569d22 sp=0x0000004eee7fdcf0 mode 2
Event: 2.841 Thread 0x00000249a4efaa00 Uncommon trap: trap_request=0xffffffde fr.pc=0x00000249b4b8d2e0 relative=0x0000000000001680
Event: 2.841 Thread 0x00000249a4efaa00 Uncommon trap: reason=class_check action=maybe_recompile pc=0x00000249b4b8d2e0 method=java.util.HashMap.putVal(ILjava/lang/Object;Ljava/lang/Object;ZZ)Ljava/lang/Object; @ 203 c2
Event: 2.841 Thread 0x00000249a4efaa00 DEOPT PACKING pc=0x00000249b4b8d2e0 sp=0x0000004eee7fec50
Event: 2.841 Thread 0x00000249a4efaa00 DEOPT UNPACKING pc=0x00000249b4569d22 sp=0x0000004eee7feaf8 mode 2
Event: 2.888 Thread 0x00000249a4efaa00 Uncommon trap: trap_request=0xffffffde fr.pc=0x00000249b4b7bf30 relative=0x00000000000008d0
Event: 2.888 Thread 0x00000249a4efaa00 Uncommon trap: reason=class_check action=maybe_recompile pc=0x00000249b4b7bf30 method=java.util.HashMap.putVal(ILjava/lang/Object;Ljava/lang/Object;ZZ)Ljava/lang/Object; @ 203 c2
Event: 2.888 Thread 0x00000249a4efaa00 DEOPT PACKING pc=0x00000249b4b7bf30 sp=0x0000004eee7febd0
Event: 2.888 Thread 0x00000249a4efaa00 DEOPT UNPACKING pc=0x00000249b4569d22 sp=0x0000004eee7feaf8 mode 2
Event: 2.932 Thread 0x00000249a4efaa00 Uncommon trap: trap_request=0xffffff45 fr.pc=0x00000249b4bbb33c relative=0x000000000000021c
Event: 2.932 Thread 0x00000249a4efaa00 Uncommon trap: reason=unstable_if action=reinterpret pc=0x00000249b4bbb33c method=org.springframework.beans.factory.support.AbstractBeanFactory.isFactoryBean(Ljava/lang/String;Lorg/springframework/beans/factory/support/RootBeanDefinition;)Z @ 40 c2
Event: 2.932 Thread 0x00000249a4efaa00 DEOPT PACKING pc=0x00000249b4bbb33c sp=0x0000004eee7fe920
Event: 2.932 Thread 0x00000249a4efaa00 DEOPT UNPACKING pc=0x00000249b4569d22 sp=0x0000004eee7fe8e0 mode 2

Classes loaded (20 events):
Event: 2.118 Loading class sun/security/ssl/SunJSSE
Event: 2.119 Loading class sun/security/ssl/SunJSSE done
Event: 2.120 Loading class com/sun/crypto/provider/SunJCE
Event: 2.121 Loading class com/sun/crypto/provider/SunJCE done
Event: 2.125 Loading class com/sun/security/sasl/Provider
Event: 2.125 Loading class com/sun/security/sasl/Provider done
Event: 2.125 Loading class com/sun/security/sasl/Provider$1
Event: 2.125 Loading class com/sun/security/sasl/Provider$1 done
Event: 2.125 Loading class com/sun/security/sasl/Provider$ProviderService
Event: 2.125 Loading class com/sun/security/sasl/Provider$ProviderService done
Event: 2.126 Loading class sun/security/provider/certpath/ldap/JdkLDAP
Event: 2.126 Loading class sun/security/provider/certpath/ldap/JdkLDAP done
Event: 2.127 Loading class sun/security/provider/certpath/ldap/JdkLDAP$ProviderService
Event: 2.127 Loading class sun/security/provider/certpath/ldap/JdkLDAP$ProviderService done
Event: 2.373 Loading class java/beans/PropertyVetoException
Event: 2.373 Loading class java/beans/PropertyVetoException done
Event: 2.878 Loading class java/lang/UnsupportedClassVersionError
Event: 2.878 Loading class java/lang/ClassFormatError
Event: 2.878 Loading class java/lang/ClassFormatError done
Event: 2.878 Loading class java/lang/UnsupportedClassVersionError done

Classes unloaded (0 events):
No events

Classes redefined (0 events):
No events

Internal exceptions (20 events):
Event: 1.319 Thread 0x00000249a4efaa00 Exception <a 'java/lang/NoSuchMethodError'{0x0000000089a43650}: 'java.lang.Object java.lang.invoke.DirectMethodHandle$Holder.invokeStatic(java.lang.Object, long, java.lang.Object)'> (0x0000000089a43650) 
thrown [s\open\src\hotspot\share\interpreter\linkResolver.cpp, line 773]
Event: 1.320 Thread 0x00000249a4efaa00 Exception <a 'java/lang/NoSuchMethodError'{0x0000000089a46ca8}: 'java.lang.Object java.lang.invoke.DirectMethodHandle$Holder.invokeStaticInit(java.lang.Object, long, java.lang.Object)'> (0x0000000089a46ca8) 
thrown [s\open\src\hotspot\share\interpreter\linkResolver.cpp, line 773]
Event: 1.320 Thread 0x00000249a4efaa00 Exception <a 'java/lang/NoSuchMethodError'{0x0000000089a4ca48}: 'java.lang.Object java.lang.invoke.DirectMethodHandle$Holder.newInvokeSpecial(java.lang.Object, long)'> (0x0000000089a4ca48) 
thrown [s\open\src\hotspot\share\interpreter\linkResolver.cpp, line 773]
Event: 1.338 Thread 0x00000249a4efaa00 Exception <a 'java/lang/NoSuchMethodError'{0x0000000089a94e40}: 'void java.lang.invoke.DirectMethodHandle$Holder.invokeSpecial(java.lang.Object, java.lang.Object, java.lang.Object, java.lang.Object, java.lang.Object)'> (0x0000000089a94e40) 
thrown [s\open\src\hotspot\share\interpreter\linkResolver.cpp, line 773]
Event: 1.338 Thread 0x00000249a4efaa00 Exception <a 'java/lang/NoSuchMethodError'{0x0000000089a9d170}: 'void java.lang.invoke.DirectMethodHandle$Holder.invokeVirtual(java.lang.Object, java.lang.Object, java.lang.Object, java.lang.Object)'> (0x0000000089a9d170) 
thrown [s\open\src\hotspot\share\interpreter\linkResolver.cpp, line 773]
Event: 1.408 Thread 0x00000249a4efaa00 Exception <a 'java/lang/NoSuchMethodError'{0x00000000899da728}: 'void java.lang.invoke.DirectMethodHandle$Holder.invokeSpecial(java.lang.Object, java.lang.Object, java.lang.Object)'> (0x00000000899da728) 
thrown [s\open\src\hotspot\share\interpreter\linkResolver.cpp, line 773]
Event: 1.418 Thread 0x00000249a4efaa00 Exception <a 'java/lang/IncompatibleClassChangeError'{0x000000008983a7b8}: Found class java.lang.Object, but interface was expected> (0x000000008983a7b8) 
thrown [s\open\src\hotspot\share\interpreter\linkResolver.cpp, line 840]
Event: 1.419 Thread 0x0000024a0789f4c0 Exception <a 'java/lang/NoClassDefFoundError'{0x0000000089815e18}: jakarta/validation/Validation> (0x0000000089815e18) 
thrown [s\open\src\hotspot\share\classfile\systemDictionary.cpp, line 294]
Event: 1.425 Thread 0x00000249a4efaa00 Exception <a 'java/lang/NoSuchMethodError'{0x000000008984edd8}: 'java.lang.Object java.lang.invoke.DirectMethodHandle$Holder.invokeStaticInit(java.lang.Object, int)'> (0x000000008984edd8) 
thrown [s\open\src\hotspot\share\interpreter\linkResolver.cpp, line 773]
Event: 1.430 Thread 0x00000249a4efaa00 Exception <a 'java/lang/NoSuchMethodError'{0x0000000089859e80}: 'java.lang.Object java.lang.invoke.DirectMethodHandle$Holder.invokeStatic(java.lang.Object, int, java.lang.Object)'> (0x0000000089859e80) 
thrown [s\open\src\hotspot\share\interpreter\linkResolver.cpp, line 773]
Event: 1.430 Thread 0x00000249a4efaa00 Exception <a 'java/lang/NoSuchMethodError'{0x000000008985d4d0}: 'java.lang.Object java.lang.invoke.DirectMethodHandle$Holder.invokeStaticInit(java.lang.Object, int, java.lang.Object)'> (0x000000008985d4d0) 
thrown [s\open\src\hotspot\share\interpreter\linkResolver.cpp, line 773]
Event: 1.854 Thread 0x00000249a4efaa00 Exception <a 'java/lang/NoSuchMethodError'{0x0000000088081a58}: 'int java.lang.invoke.DirectMethodHandle$Holder.invokeSpecial(java.lang.Object, java.lang.Object, java.lang.Object, java.lang.Object, java.lang.Object)'> (0x0000000088081a58) 
thrown [s\open\src\hotspot\share\interpreter\linkResolver.cpp, line 773]
Event: 1.859 Thread 0x00000249a4efaa00 Exception <a 'java/lang/NoSuchMethodError'{0x000000008808a7b8}: 'void java.lang.invoke.DirectMethodHandle$Holder.invokeVirtual(java.lang.Object, java.lang.Object)'> (0x000000008808a7b8) 
thrown [s\open\src\hotspot\share\interpreter\linkResolver.cpp, line 773]
Event: 1.924 Thread 0x0000024a0789f4c0 Exception <a 'java/lang/NoSuchMethodError'{0x0000000089b2ccd0}: 'long java.lang.invoke.DirectMethodHandle$Holder.invokeSpecial(java.lang.Object, java.lang.Object)'> (0x0000000089b2ccd0) 
thrown [s\open\src\hotspot\share\interpreter\linkResolver.cpp, line 773]
Event: 1.926 Thread 0x0000024a0789f4c0 Exception <a 'java/lang/NoSuchMethodError'{0x0000000089b37bd0}: 'long java.lang.invoke.DirectMethodHandle$Holder.invokeStatic(java.lang.Object, java.lang.Object)'> (0x0000000089b37bd0) 
thrown [s\open\src\hotspot\share\interpreter\linkResolver.cpp, line 773]
Event: 1.926 Thread 0x0000024a0789f4c0 Exception <a 'java/lang/NoSuchMethodError'{0x0000000089b3af38}: 'long java.lang.invoke.DirectMethodHandle$Holder.invokeStaticInit(java.lang.Object, java.lang.Object)'> (0x0000000089b3af38) 
thrown [s\open\src\hotspot\share\interpreter\linkResolver.cpp, line 773]
Event: 1.929 Thread 0x0000024a0789f4c0 Exception <a 'java/lang/NoSuchMethodError'{0x0000000089b49110}: 'long java.lang.invoke.DirectMethodHandle$Holder.invokeInterface(java.lang.Object, java.lang.Object)'> (0x0000000089b49110) 
thrown [s\open\src\hotspot\share\interpreter\linkResolver.cpp, line 773]
Event: 1.929 Thread 0x0000024a0789f4c0 Exception <a 'java/lang/IncompatibleClassChangeError'{0x0000000089b4c3c0}: Found class java.lang.Object, but interface was expected> (0x0000000089b4c3c0) 
thrown [s\open\src\hotspot\share\interpreter\linkResolver.cpp, line 840]
Event: 1.960 Thread 0x0000024a0789f4c0 Exception <a 'java/lang/NoSuchMethodError'{0x0000000089a02b78}: 'java.lang.Object java.lang.invoke.DirectMethodHandle$Holder.invokeVirtual(java.lang.Object, java.lang.Object, java.lang.Object, java.lang.Object)'> (0x0000000089a02b78) 
thrown [s\open\src\hotspot\share\interpreter\linkResolver.cpp, line 773]
Event: 2.136 Thread 0x00000249a4efaa00 Exception <a 'java/lang/IncompatibleClassChangeError'{0x000000008939bce8}: Found class java.lang.Object, but interface was expected> (0x000000008939bce8) 
thrown [s\open\src\hotspot\share\interpreter\linkResolver.cpp, line 840]

VM Operations (20 events):
Event: 1.389 Executing VM operation: HandshakeAllThreads
Event: 1.389 Executing VM operation: HandshakeAllThreads done
Event: 1.690 Executing VM operation: HandshakeAllThreads
Event: 1.690 Executing VM operation: HandshakeAllThreads done
Event: 1.829 Executing VM operation: ICBufferFull
Event: 1.829 Executing VM operation: ICBufferFull done
Event: 1.829 Executing VM operation: HandshakeAllThreads
Event: 1.829 Executing VM operation: HandshakeAllThreads done
Event: 1.889 Executing VM operation: G1CollectForAllocation
Event: 1.897 Executing VM operation: G1CollectForAllocation done
Event: 2.055 Executing VM operation: HandshakeAllThreads
Event: 2.055 Executing VM operation: HandshakeAllThreads done
Event: 2.109 Executing VM operation: HandshakeAllThreads
Event: 2.109 Executing VM operation: HandshakeAllThreads done
Event: 2.308 Executing VM operation: ICBufferFull
Event: 2.308 Executing VM operation: ICBufferFull done
Event: 2.615 Executing VM operation: ICBufferFull
Event: 2.615 Executing VM operation: ICBufferFull done
Event: 2.942 Executing VM operation: ICBufferFull
Event: 2.942 Executing VM operation: ICBufferFull done

Events (19 events):
Event: 0.068 Thread 0x00000249a4efaa00 Thread added: 0x00000249a4efaa00
Event: 0.079 Thread 0x00000249c18d2530 Thread added: 0x00000249c18d2530
Event: 0.079 Thread 0x00000249c18d3330 Thread added: 0x00000249c18d3330
Event: 0.079 Thread 0x00000249c18d7080 Thread added: 0x00000249c18d7080
Event: 0.079 Thread 0x00000249c18d8e50 Thread added: 0x00000249c18d8e50
Event: 0.080 Thread 0x00000249c18dd760 Thread added: 0x00000249c18dd760
Event: 0.080 Thread 0x00000249c18de840 Thread added: 0x00000249c18de840
Event: 0.080 Thread 0x00000249c18e51a0 Thread added: 0x00000249c18e51a0
Event: 0.080 Thread 0x00000249c190a6a0 Thread added: 0x00000249c190a6a0
Event: 0.126 Thread 0x0000024a06d24290 Thread added: 0x0000024a06d24290
Event: 0.134 Thread 0x0000024a06d38ff0 Thread added: 0x0000024a06d38ff0
Event: 0.162 Thread 0x0000024a06d85e90 Thread added: 0x0000024a06d85e90
Event: 0.825 Thread 0x0000024a06d85e90 Thread exited: 0x0000024a06d85e90
Event: 1.217 Thread 0x0000024a07785480 Thread added: 0x0000024a07785480
Event: 1.414 Thread 0x0000024a0789f4c0 Thread added: 0x0000024a0789f4c0
Event: 2.017 Thread 0x0000024a07d27f60 Thread added: 0x0000024a07d27f60
Event: 2.091 Thread 0x0000024a07d27f60 Thread exited: 0x0000024a07d27f60
Event: 2.132 Thread 0x0000024a0789f4c0 Thread exited: 0x0000024a0789f4c0
Event: 2.380 Thread 0x0000024a08356e80 Thread added: 0x0000024a08356e80


Dynamic libraries:
0x00007ff7f9650000 - 0x00007ff7f9660000 	C:\Program Files\Java\jdk-20\bin\javaw.exe
0x00007ffe21b90000 - 0x00007ffe21d88000 	C:\Windows\SYSTEM32\ntdll.dll
0x00007ffe21a60000 - 0x00007ffe21b1d000 	C:\Windows\System32\KERNEL32.DLL
0x00007ffe1f3a0000 - 0x00007ffe1f696000 	C:\Windows\System32\KERNELBASE.dll
0x00007ffe1f900000 - 0x00007ffe1fa00000 	C:\Windows\System32\ucrtbase.dll
0x00007ffe0fb60000 - 0x00007ffe0fb79000 	C:\Program Files\Java\jdk-20\bin\jli.dll
0x00007ffe203c0000 - 0x00007ffe20470000 	C:\Windows\System32\ADVAPI32.dll
0x00007ffe0fa00000 - 0x00007ffe0fa1b000 	C:\Program Files\Java\jdk-20\bin\VCRUNTIME140.dll
0x00007ffe21140000 - 0x00007ffe211de000 	C:\Windows\System32\msvcrt.dll
0x00007ffe20dc0000 - 0x00007ffe20e60000 	C:\Windows\System32\sechost.dll
0x00007ffe21800000 - 0x00007ffe21925000 	C:\Windows\System32\RPCRT4.dll
0x00007ffe1fa00000 - 0x00007ffe1fa27000 	C:\Windows\System32\bcrypt.dll
0x00007ffe20e60000 - 0x00007ffe20ffe000 	C:\Windows\System32\USER32.dll
0x00007ffe1f7a0000 - 0x00007ffe1f7c2000 	C:\Windows\System32\win32u.dll
0x00007ffdff7b0000 - 0x00007ffdffa4a000 	C:\Windows\WinSxS\amd64_microsoft.windows.common-controls_6595b64144ccf1df_6.0.19041.3636_none_60b6a03d71f818d5\COMCTL32.dll
0x00007ffe21b20000 - 0x00007ffe21b4b000 	C:\Windows\System32\GDI32.dll
0x00007ffe1faa0000 - 0x00007ffe1fbb7000 	C:\Windows\System32\gdi32full.dll
0x00007ffe1f7d0000 - 0x00007ffe1f86d000 	C:\Windows\System32\msvcp_win.dll
0x00007ffe14cf0000 - 0x00007ffe14cfa000 	C:\Windows\SYSTEM32\VERSION.dll
0x00007ffe212f0000 - 0x00007ffe21322000 	C:\Windows\System32\IMM32.DLL
0x00007ffe16000000 - 0x00007ffe1600c000 	C:\Program Files\Java\jdk-20\bin\vcruntime140_1.dll
0x00007ffdf1e90000 - 0x00007ffdf1f1e000 	C:\Program Files\Java\jdk-20\bin\msvcp140.dll
0x00007ffddc5d0000 - 0x00007ffddd268000 	C:\Program Files\Java\jdk-20\bin\server\jvm.dll
0x00007ffe17820000 - 0x00007ffe17829000 	C:\Windows\SYSTEM32\WSOCK32.dll
0x00007ffe08c50000 - 0x00007ffe08c77000 	C:\Windows\SYSTEM32\WINMM.dll
0x00007ffe210d0000 - 0x00007ffe2113b000 	C:\Windows\System32\WS2_32.dll
0x00007ffe1da90000 - 0x00007ffe1daa2000 	C:\Windows\SYSTEM32\kernel.appcore.dll
0x00007ffe16770000 - 0x00007ffe1677a000 	C:\Program Files\Java\jdk-20\bin\jimage.dll
0x00007ffe19df0000 - 0x00007ffe19fd4000 	C:\Windows\SYSTEM32\DBGHELP.DLL
0x00007ffe14a10000 - 0x00007ffe14a44000 	C:\Windows\SYSTEM32\dbgcore.DLL
0x00007ffe1f870000 - 0x00007ffe1f8f2000 	C:\Windows\System32\bcryptPrimitives.dll
0x00007ffe0fa20000 - 0x00007ffe0fa46000 	C:\Program Files\Java\jdk-20\bin\java.dll
0x00007ffdfd120000 - 0x00007ffdfd1f7000 	C:\Program Files\Java\jdk-20\bin\jsvml.dll
0x00007ffe1fbc0000 - 0x00007ffe2032b000 	C:\Windows\System32\SHELL32.dll
0x00007ffe1d290000 - 0x00007ffe1da2e000 	C:\Windows\SYSTEM32\windows.storage.dll
0x00007ffe20a60000 - 0x00007ffe20db3000 	C:\Windows\System32\combase.dll
0x00007ffe1eac0000 - 0x00007ffe1eaee000 	C:\Windows\SYSTEM32\Wldp.dll
0x00007ffe21000000 - 0x00007ffe210cd000 	C:\Windows\System32\OLEAUT32.dll
0x00007ffe20830000 - 0x00007ffe208dd000 	C:\Windows\System32\SHCORE.dll
0x00007ffe208e0000 - 0x00007ffe20935000 	C:\Windows\System32\shlwapi.dll
0x00007ffe1f170000 - 0x00007ffe1f195000 	C:\Windows\SYSTEM32\profapi.dll
0x00007ffe17980000 - 0x00007ffe17993000 	C:\Program Files\Java\jdk-20\bin\net.dll
0x00007ffe14280000 - 0x00007ffe1438a000 	C:\Windows\SYSTEM32\WINHTTP.dll
0x00007ffe1e8a0000 - 0x00007ffe1e90a000 	C:\Windows\system32\mswsock.dll
0x00007ffe16660000 - 0x00007ffe16676000 	C:\Program Files\Java\jdk-20\bin\nio.dll
0x00007ffe13040000 - 0x00007ffe13058000 	C:\Program Files\Java\jdk-20\bin\zip.dll
0x00007ffe16960000 - 0x00007ffe1696e000 	C:\Program Files\Java\jdk-20\bin\sunmscapi.dll
0x00007ffe1f240000 - 0x00007ffe1f39d000 	C:\Windows\System32\CRYPT32.dll
0x00007ffe1eb30000 - 0x00007ffe1eb58000 	C:\Windows\SYSTEM32\ncrypt.dll
0x00007ffe1eaf0000 - 0x00007ffe1eb2b000 	C:\Windows\SYSTEM32\NTASN1.dll

dbghelp: loaded successfully - version: 4.0.5 - missing functions: none
symbol engine: initialized successfully - sym options: 0x614 - pdb path: .;C:\Program Files\Java\jdk-20\bin;C:\Windows\SYSTEM32;C:\Windows\WinSxS\amd64_microsoft.windows.common-controls_6595b64144ccf1df_6.0.19041.3636_none_60b6a03d71f818d5;C:\Program Files\Java\jdk-20\bin\server

VM Arguments:
jvm_args: -Dfile.encoding=UTF-8 -Dstdout.encoding=UTF-8 -Dstderr.encoding=UTF-8 -XX:+ShowCodeDetailsInExceptionMessages 
java_command: in.co.vwit.engineering.resourceManagement.ResourceManagementApplication
java_class_path (initial): C:\Users\Aravind\Downloads\resourceManagement\resourceManagement\target\classes;C:\Users\Aravind\.m2\repository\org\springframework\boot\spring-boot-starter-data-jpa\3.2.4\spring-boot-starter-data-jpa-3.2.4.jar;C:\Users\Aravind\.m2\repository\org\springframework\boot\spring-boot-starter-aop\3.2.4\spring-boot-starter-aop-3.2.4.jar;C:\Users\Aravind\.m2\repository\org\springframework\spring-aop\6.1.5\spring-aop-6.1.5.jar;C:\Users\Aravind\.m2\repository\org\aspectj\aspectjweaver\1.9.21\aspectjweaver-1.9.21.jar;C:\Users\Aravind\.m2\repository\org\springframework\boot\spring-boot-starter-jdbc\3.2.4\spring-boot-starter-jdbc-3.2.4.jar;C:\Users\Aravind\.m2\repository\com\zaxxer\HikariCP\5.0.1\HikariCP-5.0.1.jar;C:\Users\Aravind\.m2\repository\org\springframework\spring-jdbc\6.1.5\spring-jdbc-6.1.5.jar;C:\Users\Aravind\.m2\repository\org\hibernate\orm\hibernate-core\6.4.4.Final\hibernate-core-6.4.4.Final.jar;C:\Users\Aravind\.m2\repository\jakarta\persistence\jakarta.persistence-api\3.1.0\jakarta.persistence-api-3.1.0.jar;C:\Users\Aravind\.m2\repository\jakarta\transaction\jakarta.transaction-api\2.0.1\jakarta.transaction-api-2.0.1.jar;C:\Users\Aravind\.m2\repository\org\jboss\logging\jboss-logging\3.5.3.Final\jboss-logging-3.5.3.Final.jar;C:\Users\Aravind\.m2\repository\org\hibernate\common\hibernate-commons-annotations\6.0.6.Final\hibernate-commons-annotations-6.0.6.Final.jar;C:\Users\Aravind\.m2\repository\io\smallrye\jandex\3.1.2\jandex-3.1.2.jar;C:\Users\Aravind\.m2\repository\com\fasterxml\classmate\1.6.0\classmate-1.6.0.jar;C:\Users\Aravind\.m2\repository\net\bytebuddy\byte-buddy\1.14.12\byte-buddy-1.14.12.jar;C:\Users\Aravind\.m2\repository\org\glassfish\jaxb\jaxb-runtime\4.0.5\jaxb-runtime-4.0.5.jar;C:\Users\Aravind\.m2\repository\org\glassfish\jaxb\jaxb-core\4.0.5\jaxb-core-4.0.5.jar;C:\Users\Aravind\.m2\repository\org\eclipse\angus\angus-activation\2.0.2\angus-activation-2.0.2.jar;C:\Users\Aravind\.m2\repository\org\glassfish\jaxb\txw2\4.0.5\txw2-4.0.5.jar;C:\Users\Aravind\.m2\repository\com\sun\istack\istack-commons-runtime\4.1.2\istack-commons-runtime-4.1.2.jar;C:\Users\Aravind\.m2\repository\jakarta\inject\jakarta.inject-api\2.0.1\jakarta.inject-api-2.0.1.jar;C:\Users\Aravind\.m2\repository\org\antlr\antlr4-runtime\4.13.0\antlr4-runtime-4.13.0.jar;C:\Users\Aravind\.m2\repository\org\springframework\data\spring-data-jpa\3.2.4\spring-data-jpa-3.2.4.jar;C:\Users\Aravind\.m2\repository\org\springframework\data\spring-data-commons\3.2.4\spring-data-commons-3.2.4.jar;C:\Users\Aravind\.m2\repository\org\springframework\spring-orm\6.1.5\spring-orm-6.1.5.jar;C:\Users\Aravind\.m2\repository\org\springframework\spring-context\6.1.5\spring-context-6.1.5.jar;C:\Users\Aravind\.m2\repository\org\springframework\spring-tx\6.1.5\spring-tx-6.1.5.jar;C:\Users\Aravind\.m2\repository\org\springframework\spring-beans\6.1.5\spring-beans-6.1.5.jar;C:\Users\Aravind\.m2\repository\jakarta\annotation\jakarta.annotation-api\2.1.1\jakarta.annotation-api-2.1.1.jar;C:\Users\Aravind\.m2\repository\org\slf4j\slf4j-api\2.0.12\slf4j-api-2.0.12.jar;C:\Users\Aravind\.m2\repository\org\springframework\spring-aspects\6.1.5\spring-aspects-6.1.5.jar;C:\Users\Aravind\.m2\repository\org\springframework\boot\spring-boot-starter-web\3.2.4\spring-boot-starter-web-3.2.4.jar;C:\Users\Aravind\.m2\repository\org\springframework\boot\spring-boot-starter\3.2.4\spring-boot-starter-3.2.4.jar;C:\Users\Aravind\.m2\repository\org\springframework\boot\spring-boot\3.2.4\spring-boot-3.2.4.jar;C:\Users\Aravind\.m2\repository\org\springframework\boot\spring-boot-autoconfigure\3.2.4\spring-boot-autoconfigure-3.2.4.jar;C:\Users\Aravind\.m2\repository\org\springframework\boot\spring-boot-starter-logging\3.2.4\spring-boot-starter-logging-3.2.4.jar;C:\Users\Aravind\.m2\repository\ch\qos\logback\logback-classic\1.4.14\logback-classic-1.4.14.jar;C:\Users\Aravind\.m2\repository\ch\qos\logback\logback-core\1.4.14\logback-core-1.4.14.jar;C:\Users\Aravind\.m2\repository\org\apache\logging\log4j\log4j-to-slf4j\2.21.1\log4j-to-slf4j-2.21.1.jar;C:\Users\Aravind\.m2\repository\org\apache\logging\log4j\log4j-api\2.21.1\log4j-api-2.21.1.jar;C:\Users\Aravind\.m2\repository\org\slf4j\jul-to-slf4j\2.0.12\jul-to-slf4j-2.0.12.jar;C:\Users\Aravind\.m2\repository\org\yaml\snakeyaml\2.2\snakeyaml-2.2.jar;C:\Users\Aravind\.m2\repository\org\springframework\boot\spring-boot-starter-json\3.2.4\spring-boot-starter-json-3.2.4.jar;C:\Users\Aravind\.m2\repository\com\fasterxml\jackson\core\jackson-databind\2.15.4\jackson-databind-2.15.4.jar;C:\Users\Aravind\.m2\repository\com\fasterxml\jackson\core\jackson-annotations\2.15.4\jackson-annotations-2.15.4.jar;C:\Users\Aravind\.m2\repository\com\fasterxml\jackson\core\jackson-core\2.15.4\jackson-core-2.15.4.jar;C:\Users\Aravind\.m2\repository\com\fasterxml\jackson\datatype\jackson-datatype-jdk8\2.15.4\jackson-datatype-jdk8-2.15.4.jar;C:\Users\Aravind\.m2\repository\com\fasterxml\jackson\datatype\jackson-datatype-jsr310\2.15.4\jackson-datatype-jsr310-2.15.4.jar;C:\Users\Aravind\.m2\repository\com\fasterxml\jackson\module\jackson-module-parameter-names\2.15.4\jackson-module-parameter-names-2.15.4.jar;C:\Users\Aravind\.m2\repository\org\springframework\boot\spring-boot-starter-tomcat\3.2.4\spring-boot-starter-tomcat-3.2.4.jar;C:\Users\Aravind\.m2\repository\org\apache\tomcat\embed\tomcat-embed-core\10.1.19\tomcat-embed-core-10.1.19.jar;C:\Users\Aravind\.m2\repository\org\apache\tomcat\embed\tomcat-embed-el\10.1.19\tomcat-embed-el-10.1.19.jar;C:\Users\Aravind\.m2\repository\org\apache\tomcat\embed\tomcat-embed-websocket\10.1.19\tomcat-embed-websocket-10.1.19.jar;C:\Users\Aravind\.m2\repository\org\springframework\spring-web\6.1.5\spring-web-6.1.5.jar;C:\Users\Aravind\.m2\repository\io\micrometer\micrometer-observation\1.12.4\micrometer-observation-1.12.4.jar;C:\Users\Aravind\.m2\repository\io\micrometer\micrometer-commons\1.12.4\micrometer-commons-1.12.4.jar;C:\Users\Aravind\.m2\repository\org\springframework\spring-webmvc\6.1.5\spring-webmvc-6.1.5.jar;C:\Users\Aravind\.m2\repository\org\springframework\spring-expression\6.1.5\spring-expression-6.1.5.jar;C:\Users\Aravind\.m2\repository\com\mysql\mysql-connector-j\8.3.0\mysql-connector-j-8.3.0.jar;C:\Users\Aravind\.m2\repository\jakarta\xml\bind\jakarta.xml.bind-api\4.0.2\jakarta.xml.bind-api-4.0.2.jar;C:\Users\Aravind\.m2\repository\jakarta\activation\jakarta.activation-api\2.1.3\jakarta.activation-api-2.1.3.jar;C:\Users\Aravind\.m2\repository\org\springframework\spring-core\6.1.5\spring-core-6.1.5.jar;C:\Users\Aravind\.m2\repository\org\springframework\spring-jcl\6.1.5\spring-jcl-6.1.5.jar;C:\Users\Aravind\.m2\repository\com\h2database\h2\2.2.224\h2-2.2.224.jar
Launcher Type: SUN_STANDARD

[Global flags]
     intx CICompilerCount                          = 4                                         {product} {ergonomic}
     uint ConcGCThreads                            = 2                                         {product} {ergonomic}
     uint G1ConcRefinementThreads                  = 8                                         {product} {ergonomic}
   size_t G1HeapRegionSize                         = 1048576                                   {product} {ergonomic}
    uintx GCDrainStackTargetSize                   = 64                                        {product} {ergonomic}
   size_t InitialHeapSize                          = 134217728                                 {product} {ergonomic}
   size_t MarkStackSize                            = 4194304                                   {product} {ergonomic}
   size_t MaxHeapSize                              = 2116026368                                {product} {ergonomic}
   size_t MaxNewSize                               = 1268776960                                {product} {ergonomic}
   size_t MinHeapDeltaBytes                        = 1048576                                   {product} {ergonomic}
   size_t MinHeapSize                              = 8388608                                   {product} {ergonomic}
    uintx NonNMethodCodeHeapSize                   = 5839372                                {pd product} {ergonomic}
    uintx NonProfiledCodeHeapSize                  = 122909434                              {pd product} {ergonomic}
    uintx ProfiledCodeHeapSize                     = 122909434                              {pd product} {ergonomic}
    uintx ReservedCodeCacheSize                    = 251658240                              {pd product} {ergonomic}
     bool SegmentedCodeCache                       = true                                      {product} {ergonomic}
     bool ShowCodeDetailsInExceptionMessages       = true                                   {manageable} {command line}
   size_t SoftMaxHeapSize                          = 2116026368                             {manageable} {ergonomic}
     bool UseCompressedClassPointers               = true                           {product lp64_product} {ergonomic}
     bool UseCompressedOops                        = true                           {product lp64_product} {ergonomic}
     bool UseG1GC                                  = true                                      {product} {ergonomic}
     bool UseLargePagesIndividualAllocation        = false                                  {pd product} {ergonomic}

Logging:
Log output configuration:
 #0: stdout all=warning uptime,level,tags foldmultilines=false
 #1: stderr all=off uptime,level,tags foldmultilines=false

Environment Variables:
PATH=C:/Program Files/Java/jdk-20/bin/server;C:/Program Files/Java/jdk-20/bin;C:\app\Aravind\product\21c\dbhomeXE\bin;C:\Users\Aravind\AppData\Local\Programs\Python\Python311\Scripts\;C:\Users\Aravind\AppData\Local\Programs\Python\Python311\;C:\Program Files\Java\jdk-20\bin;C:\Program Files\Common Files\Oracle\Java\javapath;C:\Windows\system32;C:\Windows;C:\Windows\System32\Wbem;C:\Windows\System32\WindowsPowerShell\v1.0\;C:\Windows\System32\OpenSSH\;C:\Program Files\Git\cmd;C:\Program Files\nodejs\;C:\ProgramData\chocolatey\bin;C:\Program Files\Docker\Docker\resources\bin;C:\Program Files\MySQL\MySQL Server 8.0\bin;C:\Program Files\MySQL\MySQL Shell 8.0\bin\;C:\Users\Aravind\AppData\Local\Microsoft\WindowsApps;C:\Users\Aravind\AppData\Local\Programs\Microsoft VS Code\bin;C:\Users\Aravind\AppData\Local\Programs\mongosh\;C:\Users\Aravind\AppData\Roaming\npm;C:\Users\Aravind\Downloads\ojdbc6.jar;C:\Users\Aravind\OneDrive\Desktop;
USERNAME=Aravind
OS=Windows_NT
PROCESSOR_IDENTIFIER=Intel64 Family 6 Model 142 Stepping 12, GenuineIntel
TMP=C:\Users\Aravind\AppData\Local\Temp
TEMP=C:\Users\Aravind\AppData\Local\Temp




---------------  S Y S T E M  ---------------

OS:
 Windows 10 , 64 bit Build 19041 (10.0.19041.3636)
OS uptime: 1 days 18:21 hours
Hyper-V role detected

CPU: total 8 (initial active 8) (4 cores per cpu, 2 threads per core) family 6 model 142 stepping 12 microcode 0xf8, cx8, cmov, fxsr, ht, mmx, 3dnowpref, sse, sse2, sse3, ssse3, sse4.1, sse4.2, popcnt, lzcnt, tsc, tscinvbit, avx, avx2, aes, erms, clmul, bmi1, bmi2, adx, fma, vzeroupper, clflush, clflushopt, hv, rdtscp, f16c

Memory: 4k page, system-wide physical 8064M (779M free)
TotalPageFile size 11553M (AvailPageFile size 3M)
current process WorkingSet (physical memory assigned to process): 143M, peak: 143M
current process commit charge ("private bytes"): 270M, peak: 270M

vm_info: Java HotSpot(TM) 64-Bit Server VM (20.0.2+9-78) for windows-amd64 JRE (20.0.2+9-78), built on 2023-06-14T10:08:48Z by "mach5one" with MS VC++ 17.1 (VS2022)

END.
